#-----------------------------------------------------------
# Vivado v2019.1 (64-bit)
# SW Build 2552052 on Fri May 24 14:49:42 MDT 2019
# IP Build 2548770 on Fri May 24 18:01:18 MDT 2019
# Start of session at: Thu Oct 20 19:44:06 2022
# Process ID: 1492
# Current directory: H:/ZYNQ/lly_study_work/HDMI_colorRGB
# Command line: vivado.exe -gui_launcher_event rodinguilauncherevent712 H:\ZYNQ\lly_study_work\HDMI_colorRGB\HDMI_colorRGB.xpr
# Log file: H:/ZYNQ/lly_study_work/HDMI_colorRGB/vivado.log
# Journal file: H:/ZYNQ/lly_study_work/HDMI_colorRGB\vivado.jou
#-----------------------------------------------------------
start_gui
open_project H:/ZYNQ/lly_study_work/HDMI_colorRGB/HDMI_colorRGB.xpr
INFO: [Project 1-313] Project file moved from 'H:/Xilinx2019.1/lly/HDMI_colorRGB' since last save.
Scanning sources...
Finished scanning sources
INFO: [IP_Flow 19-234] Refreshing IP repositories
INFO: [IP_Flow 19-1700] Loaded user IP repository 'c:/Users/LLYţ/Desktop/FPGAstudy/HDMI/rgb2dvi/rgb2dvi'.
INFO: [IP_Flow 19-2313] Loaded Vivado IP repository 'H:/Xilinx2019.1/Vivado/2019.1/data/ip'.
open_project: Time (s): cpu = 00:00:13 ; elapsed = 00:00:21 . Memory (MB): peak = 781.551 ; gain = 159.574
update_compile_order -fileset sources_1
exit
INFO: [Common 17-206] Exiting Vivado at Thu Oct 20 21:13:03 2022...
