#-----------------------------------------------------------
# Vivado v2019.1 (64-bit)
# SW Build 2552052 on Fri May 24 14:49:42 MDT 2019
# IP Build 2548770 on Fri May 24 18:01:18 MDT 2019
# Start of session at: Fri Oct 21 09:23:14 2022
# Process ID: 17280
# Current directory: H:/ZYNQ/lly_study_work/HDMI_colorRGB
# Command line: vivado.exe -gui_launcher_event rodinguilauncherevent10400 H:\ZYNQ\lly_study_work\HDMI_colorRGB\HDMI_colorRGB.xpr
# Log file: H:/ZYNQ/lly_study_work/HDMI_colorRGB/vivado.log
# Journal file: H:/ZYNQ/lly_study_work/HDMI_colorRGB\vivado.jou
#-----------------------------------------------------------
start_gui
open_project H:/ZYNQ/lly_study_work/HDMI_colorRGB/HDMI_colorRGB.xpr
INFO: [Project 1-313] Project file moved from 'H:/Xilinx2019.1/lly/HDMI_colorRGB' since last save.
Scanning sources...
Finished scanning sources
INFO: [IP_Flow 19-234] Refreshing IP repositories
INFO: [IP_Flow 19-1700] Loaded user IP repository 'c:/Users/LLYţ/Desktop/FPGAstudy/HDMI/rgb2dvi/rgb2dvi'.
INFO: [IP_Flow 19-2313] Loaded Vivado IP repository 'H:/Xilinx2019.1/Vivado/2019.1/data/ip'.
open_project: Time (s): cpu = 00:00:13 ; elapsed = 00:00:20 . Memory (MB): peak = 817.871 ; gain = 186.199
update_compile_order -fileset sources_1
update_compile_order -fileset sources_1
reset_run synth_1
launch_runs impl_1 -to_step write_bitstream -jobs 4
[Fri Oct 21 11:44:59 2022] Launched synth_1...
Run output will be captured here: H:/ZYNQ/lly_study_work/HDMI_colorRGB/HDMI_colorRGB.runs/synth_1/runme.log
[Fri Oct 21 11:44:59 2022] Launched impl_1...
Run output will be captured here: H:/ZYNQ/lly_study_work/HDMI_colorRGB/HDMI_colorRGB.runs/impl_1/runme.log
update_compile_order -fileset sources_1
reset_run synth_1
launch_runs impl_1 -to_step write_bitstream -jobs 4
[Fri Oct 21 11:56:13 2022] Launched synth_1...
Run output will be captured here: H:/ZYNQ/lly_study_work/HDMI_colorRGB/HDMI_colorRGB.runs/synth_1/runme.log
[Fri Oct 21 11:56:13 2022] Launched impl_1...
Run output will be captured here: H:/ZYNQ/lly_study_work/HDMI_colorRGB/HDMI_colorRGB.runs/impl_1/runme.log
open_run impl_1
INFO: [Device 21-403] Loading part xc7z010clg400-1
INFO: [Netlist 29-17] Analyzing 26 Unisim elements for replacement
INFO: [Netlist 29-28] Unisim Transformation completed in 0 CPU seconds
INFO: [Project 1-479] Netlist was created with Vivado 2019.1
INFO: [Project 1-570] Preparing netlist for logic optimization
INFO: [Timing 38-478] Restoring timing data from binary archive.
INFO: [Timing 38-479] Binary timing data restore complete.
INFO: [Project 1-856] Restoring constraints from binary archive.
INFO: [Project 1-853] Binary constraint restore complete.
Reading XDEF placement.
Reading placer database...
Reading XDEF routing.
Read XDEF File: Time (s): cpu = 00:00:00 ; elapsed = 00:00:00.220 . Memory (MB): peak = 1737.270 ; gain = 0.000
Restored from archive | CPU: 0.000000 secs | Memory: 0.000000 MB |
Finished XDEF File Restore: Time (s): cpu = 00:00:00 ; elapsed = 00:00:00.237 . Memory (MB): peak = 1737.270 ; gain = 0.000
Netlist sorting complete. Time (s): cpu = 00:00:00 ; elapsed = 00:00:00 . Memory (MB): peak = 1737.270 ; gain = 0.000
INFO: [Project 1-111] Unisim Transformation Summary:
No Unisim elements were transformed.

open_run: Time (s): cpu = 00:00:28 ; elapsed = 00:00:35 . Memory (MB): peak = 1862.184 ; gain = 1018.207
exit
INFO: [Common 17-206] Exiting Vivado at Fri Oct 21 12:30:28 2022...
