13:37:52 INFO  : Registering command handlers for SDK TCF services
13:37:54 INFO  : Launching XSCT server: xsct.bat -interactive H:\Xilinx2019.1\lly\PS_PL_CLK\PS_PL_CLK.sdk\temp_xsdb_launch_script.tcl
13:37:59 INFO  : XSCT server has started successfully.
13:38:05 INFO  : Successfully done setting XSCT server connection channel  
13:38:05 INFO  : Successfully done setting SDK workspace  
13:38:05 INFO  : Processing command line option -hwspec H:/Xilinx2019.1/lly/PS_PL_CLK/PS_PL_CLK.sdk/ZYNQ_wrapper.hdf.
13:42:37 INFO  : Connected to target on host '127.0.0.1' and port '3121'.
13:42:38 INFO  : 'targets -set -filter {jtag_cable_name =~ "Digilent JTAG-SMT3 210357A7D00EA" && level==0} -index 1' command is executed.
13:42:39 INFO  : FPGA configured successfully with bitstream "H:/Xilinx2019.1/lly/PS_PL_CLK/PS_PL_CLK.sdk/ZYNQ_wrapper_hw_platform_0/ZYNQ_wrapper.bit"
13:43:12 INFO  : 'targets -set -filter {jtag_cable_name =~ "Digilent JTAG-SMT3 210357A7D00EA" && level==0} -index 1' command is executed.
13:43:12 INFO  : 'fpga -state' command is executed.
13:43:12 INFO  : Connected to target on host '127.0.0.1' and port '3121'.
13:43:13 INFO  : Jtag cable 'Digilent JTAG-SMT3 210357A7D00EA' is selected.
13:43:13 INFO  : 'jtag frequency' command is executed.
13:43:13 INFO  : Sourcing of 'H:/Xilinx2019.1/lly/PS_PL_CLK/PS_PL_CLK.sdk/ZYNQ_wrapper_hw_platform_0/ps7_init.tcl' is done.
13:43:13 INFO  : Context for 'APU' is selected.
13:43:13 INFO  : Hardware design information is loaded from 'H:/Xilinx2019.1/lly/PS_PL_CLK/PS_PL_CLK.sdk/ZYNQ_wrapper_hw_platform_0/system.hdf'.
13:43:13 INFO  : 'configparams force-mem-access 1' command is executed.
13:43:13 INFO  : Context for 'APU' is selected.
13:43:13 INFO  : 'stop' command is executed.
13:43:13 ERROR : Memory read error at 0xF8007080. AHB AP transaction error, DAP status f0000021
13:43:13 INFO  : ----------------XSDB Script----------------
connect -url tcp:127.0.0.1:3121
source H:/Xilinx2019.1/lly/PS_PL_CLK/PS_PL_CLK.sdk/ZYNQ_wrapper_hw_platform_0/ps7_init.tcl
targets -set -nocase -filter {name =~"APU*" && jtag_cable_name =~ "Digilent JTAG-SMT3 210357A7D00EA"} -index 0
loadhw -hw H:/Xilinx2019.1/lly/PS_PL_CLK/PS_PL_CLK.sdk/ZYNQ_wrapper_hw_platform_0/system.hdf -mem-ranges [list {0x40000000 0xbfffffff}]
configparams force-mem-access 1
targets -set -nocase -filter {name =~"APU*" && jtag_cable_name =~ "Digilent JTAG-SMT3 210357A7D00EA"} -index 0
stop
ps7_init
----------------End of Script----------------

13:43:41 INFO  : 'targets -set -filter {jtag_cable_name =~ "Digilent JTAG-SMT3 210357A7D00EA" && level==0} -index 1' command is executed.
13:43:41 INFO  : 'fpga -state' command is executed.
13:43:41 INFO  : Connected to target on host '127.0.0.1' and port '3121'.
13:43:41 INFO  : Jtag cable 'Digilent JTAG-SMT3 210357A7D00EA' is selected.
13:43:41 INFO  : 'jtag frequency' command is executed.
13:43:41 INFO  : Sourcing of 'H:/Xilinx2019.1/lly/PS_PL_CLK/PS_PL_CLK.sdk/ZYNQ_wrapper_hw_platform_0/ps7_init.tcl' is done.
13:43:41 INFO  : Context for 'APU' is selected.
13:43:41 INFO  : Hardware design information is loaded from 'H:/Xilinx2019.1/lly/PS_PL_CLK/PS_PL_CLK.sdk/ZYNQ_wrapper_hw_platform_0/system.hdf'.
13:43:41 INFO  : 'configparams force-mem-access 1' command is executed.
13:43:41 INFO  : Context for 'APU' is selected.
13:43:41 INFO  : 'stop' command is executed.
13:43:41 ERROR : AP transaction error, DAP status f0000021
13:43:41 INFO  : ----------------XSDB Script----------------
connect -url tcp:127.0.0.1:3121
source H:/Xilinx2019.1/lly/PS_PL_CLK/PS_PL_CLK.sdk/ZYNQ_wrapper_hw_platform_0/ps7_init.tcl
targets -set -nocase -filter {name =~"APU*" && jtag_cable_name =~ "Digilent JTAG-SMT3 210357A7D00EA"} -index 0
loadhw -hw H:/Xilinx2019.1/lly/PS_PL_CLK/PS_PL_CLK.sdk/ZYNQ_wrapper_hw_platform_0/system.hdf -mem-ranges [list {0x40000000 0xbfffffff}]
configparams force-mem-access 1
targets -set -nocase -filter {name =~"APU*" && jtag_cable_name =~ "Digilent JTAG-SMT3 210357A7D00EA"} -index 0
stop
ps7_init
----------------End of Script----------------

13:44:10 INFO  : 'targets -set -filter {jtag_cable_name =~ "Digilent JTAG-SMT3 210357A7D00EA" && level==0} -index 1' command is executed.
13:44:10 INFO  : 'fpga -state' command is executed.
13:44:10 INFO  : Connected to target on host '127.0.0.1' and port '3121'.
13:44:10 INFO  : Jtag cable 'Digilent JTAG-SMT3 210357A7D00EA' is selected.
13:44:10 INFO  : 'jtag frequency' command is executed.
13:44:10 INFO  : Sourcing of 'H:/Xilinx2019.1/lly/PS_PL_CLK/PS_PL_CLK.sdk/ZYNQ_wrapper_hw_platform_0/ps7_init.tcl' is done.
13:44:10 INFO  : Context for 'APU' is selected.
13:44:10 INFO  : Hardware design information is loaded from 'H:/Xilinx2019.1/lly/PS_PL_CLK/PS_PL_CLK.sdk/ZYNQ_wrapper_hw_platform_0/system.hdf'.
13:44:10 INFO  : 'configparams force-mem-access 1' command is executed.
13:44:10 INFO  : Context for 'APU' is selected.
13:44:10 INFO  : 'stop' command is executed.
13:44:10 ERROR : AP transaction error, DAP status f0000021
13:44:10 INFO  : ----------------XSDB Script----------------
connect -url tcp:127.0.0.1:3121
source H:/Xilinx2019.1/lly/PS_PL_CLK/PS_PL_CLK.sdk/ZYNQ_wrapper_hw_platform_0/ps7_init.tcl
targets -set -nocase -filter {name =~"APU*" && jtag_cable_name =~ "Digilent JTAG-SMT3 210357A7D00EA"} -index 0
loadhw -hw H:/Xilinx2019.1/lly/PS_PL_CLK/PS_PL_CLK.sdk/ZYNQ_wrapper_hw_platform_0/system.hdf -mem-ranges [list {0x40000000 0xbfffffff}]
configparams force-mem-access 1
targets -set -nocase -filter {name =~"APU*" && jtag_cable_name =~ "Digilent JTAG-SMT3 210357A7D00EA"} -index 0
stop
ps7_init
----------------End of Script----------------

13:47:14 INFO  : 'targets -set -filter {jtag_cable_name =~ "Digilent JTAG-SMT3 210357A7D00EA" && level==0} -index 1' command is executed.
13:47:14 INFO  : 'fpga -state' command is executed.
13:47:14 INFO  : Connected to target on host '127.0.0.1' and port '3121'.
13:47:14 INFO  : Jtag cable 'Digilent JTAG-SMT3 210357A7D00EA' is selected.
13:47:14 INFO  : 'jtag frequency' command is executed.
13:47:14 INFO  : Sourcing of 'H:/Xilinx2019.1/lly/PS_PL_CLK/PS_PL_CLK.sdk/ZYNQ_wrapper_hw_platform_0/ps7_init.tcl' is done.
13:47:14 INFO  : Context for 'APU' is selected.
13:47:14 INFO  : Hardware design information is loaded from 'H:/Xilinx2019.1/lly/PS_PL_CLK/PS_PL_CLK.sdk/ZYNQ_wrapper_hw_platform_0/system.hdf'.
13:47:14 INFO  : 'configparams force-mem-access 1' command is executed.
13:47:14 INFO  : Context for 'APU' is selected.
13:47:14 INFO  : 'stop' command is executed.
13:47:14 ERROR : AP transaction error, DAP status f0000021
13:47:14 INFO  : ----------------XSDB Script----------------
connect -url tcp:127.0.0.1:3121
source H:/Xilinx2019.1/lly/PS_PL_CLK/PS_PL_CLK.sdk/ZYNQ_wrapper_hw_platform_0/ps7_init.tcl
targets -set -nocase -filter {name =~"APU*" && jtag_cable_name =~ "Digilent JTAG-SMT3 210357A7D00EA"} -index 0
loadhw -hw H:/Xilinx2019.1/lly/PS_PL_CLK/PS_PL_CLK.sdk/ZYNQ_wrapper_hw_platform_0/system.hdf -mem-ranges [list {0x40000000 0xbfffffff}]
configparams force-mem-access 1
targets -set -nocase -filter {name =~"APU*" && jtag_cable_name =~ "Digilent JTAG-SMT3 210357A7D00EA"} -index 0
stop
ps7_init
----------------End of Script----------------

13:47:47 INFO  : 'targets -set -filter {jtag_cable_name =~ "Digilent JTAG-SMT3 210357A7D00EA" && level==0} -index 1' command is executed.
13:47:47 INFO  : 'fpga -state' command is executed.
13:47:47 INFO  : Connected to target on host '127.0.0.1' and port '3121'.
13:47:48 INFO  : Jtag cable 'Digilent JTAG-SMT3 210357A7D00EA' is selected.
13:47:48 INFO  : 'jtag frequency' command is executed.
13:47:48 INFO  : Sourcing of 'H:/Xilinx2019.1/lly/PS_PL_CLK/PS_PL_CLK.sdk/ZYNQ_wrapper_hw_platform_0/ps7_init.tcl' is done.
13:47:48 INFO  : Context for 'APU' is selected.
13:47:48 INFO  : Hardware design information is loaded from 'H:/Xilinx2019.1/lly/PS_PL_CLK/PS_PL_CLK.sdk/ZYNQ_wrapper_hw_platform_0/system.hdf'.
13:47:48 INFO  : 'configparams force-mem-access 1' command is executed.
13:47:48 INFO  : Context for 'APU' is selected.
13:47:48 INFO  : 'stop' command is executed.
13:47:48 ERROR : AP transaction error, DAP status f0000021
13:47:48 INFO  : ----------------XSDB Script----------------
connect -url tcp:127.0.0.1:3121
source H:/Xilinx2019.1/lly/PS_PL_CLK/PS_PL_CLK.sdk/ZYNQ_wrapper_hw_platform_0/ps7_init.tcl
targets -set -nocase -filter {name =~"APU*" && jtag_cable_name =~ "Digilent JTAG-SMT3 210357A7D00EA"} -index 0
loadhw -hw H:/Xilinx2019.1/lly/PS_PL_CLK/PS_PL_CLK.sdk/ZYNQ_wrapper_hw_platform_0/system.hdf -mem-ranges [list {0x40000000 0xbfffffff}]
configparams force-mem-access 1
targets -set -nocase -filter {name =~"APU*" && jtag_cable_name =~ "Digilent JTAG-SMT3 210357A7D00EA"} -index 0
stop
ps7_init
----------------End of Script----------------

13:50:51 INFO  : 'targets -set -filter {jtag_cable_name =~ "Digilent JTAG-SMT3 210357A7D00EA" && level==0} -index 1' command is executed.
13:50:51 INFO  : 'fpga -state' command is executed.
13:50:51 INFO  : Connected to target on host '127.0.0.1' and port '3121'.
13:50:51 INFO  : Jtag cable 'Digilent JTAG-SMT3 210357A7D00EA' is selected.
13:50:51 INFO  : 'jtag frequency' command is executed.
13:50:51 INFO  : Sourcing of 'H:/Xilinx2019.1/lly/PS_PL_CLK/PS_PL_CLK.sdk/ZYNQ_wrapper_hw_platform_0/ps7_init.tcl' is done.
13:50:51 INFO  : Context for 'APU' is selected.
13:50:51 INFO  : Hardware design information is loaded from 'H:/Xilinx2019.1/lly/PS_PL_CLK/PS_PL_CLK.sdk/ZYNQ_wrapper_hw_platform_0/system.hdf'.
13:50:51 INFO  : 'configparams force-mem-access 1' command is executed.
13:50:51 INFO  : Context for 'APU' is selected.
13:50:51 INFO  : 'stop' command is executed.
13:50:51 ERROR : AP transaction error, DAP status f0000021
13:50:51 INFO  : ----------------XSDB Script----------------
connect -url tcp:127.0.0.1:3121
source H:/Xilinx2019.1/lly/PS_PL_CLK/PS_PL_CLK.sdk/ZYNQ_wrapper_hw_platform_0/ps7_init.tcl
targets -set -nocase -filter {name =~"APU*" && jtag_cable_name =~ "Digilent JTAG-SMT3 210357A7D00EA"} -index 0
loadhw -hw H:/Xilinx2019.1/lly/PS_PL_CLK/PS_PL_CLK.sdk/ZYNQ_wrapper_hw_platform_0/system.hdf -mem-ranges [list {0x40000000 0xbfffffff}]
configparams force-mem-access 1
targets -set -nocase -filter {name =~"APU*" && jtag_cable_name =~ "Digilent JTAG-SMT3 210357A7D00EA"} -index 0
stop
ps7_init
----------------End of Script----------------

13:57:40 INFO  : Registering command handlers for SDK TCF services
13:57:43 INFO  : Launching XSCT server: xsct.bat -interactive H:\Xilinx2019.1\lly\PS_PL_CLK\PS_PL_CLK.sdk\temp_xsdb_launch_script.tcl
13:57:53 INFO  : XSCT server has started successfully.
13:57:53 INFO  : Successfully done setting XSCT server connection channel  
13:57:54 INFO  : Successfully done setting SDK workspace  
13:57:54 INFO  : Processing command line option -hwspec H:/Xilinx2019.1/lly/PS_PL_CLK/PS_PL_CLK.sdk/ZYNQ_wrapper.hdf.
13:57:54 INFO  : Checking for hwspec changes in the project ZYNQ_wrapper_hw_platform_0.
13:58:01 INFO  : SDK has detected change in the last modified timestamps for source hardware specification file Source:1658901363873,  Project:1658897555604
13:58:01 INFO  : The hardware specification for project 'ZYNQ_wrapper_hw_platform_0' is different from H:/Xilinx2019.1/lly/PS_PL_CLK/PS_PL_CLK.sdk/ZYNQ_wrapper.hdf.
13:58:01 INFO  : Copied contents of H:/Xilinx2019.1/lly/PS_PL_CLK/PS_PL_CLK.sdk/ZYNQ_wrapper.hdf into \ZYNQ_wrapper_hw_platform_0\system.hdf.
13:58:03 INFO  : Synchronizing projects in the workspace with the hardware platform specification changes.
13:58:15 INFO  : 
13:58:16 INFO  : Updating hardware inferred compiler options for PS_CLKK.
13:58:16 INFO  : Clearing existing target manager status.
13:59:44 INFO  : Connected to target on host '127.0.0.1' and port '3121'.
13:59:45 INFO  : 'targets -set -filter {jtag_cable_name =~ "Digilent JTAG-SMT3 210357A7D00EA" && level==0} -index 1' command is executed.
13:59:46 INFO  : FPGA configured successfully with bitstream "H:/Xilinx2019.1/lly/PS_PL_CLK/PS_PL_CLK.sdk/ZYNQ_wrapper_hw_platform_0/ZYNQ_wrapper.bit"
13:59:56 INFO  : 'targets -set -filter {jtag_cable_name =~ "Digilent JTAG-SMT3 210357A7D00EA" && level==0} -index 1' command is executed.
13:59:56 INFO  : 'fpga -state' command is executed.
13:59:56 INFO  : Connected to target on host '127.0.0.1' and port '3121'.
13:59:56 INFO  : Jtag cable 'Digilent JTAG-SMT3 210357A7D00EA' is selected.
13:59:56 INFO  : 'jtag frequency' command is executed.
13:59:56 INFO  : Sourcing of 'H:/Xilinx2019.1/lly/PS_PL_CLK/PS_PL_CLK.sdk/ZYNQ_wrapper_hw_platform_0/ps7_init.tcl' is done.
13:59:56 INFO  : Context for 'APU' is selected.
13:59:56 INFO  : Hardware design information is loaded from 'H:/Xilinx2019.1/lly/PS_PL_CLK/PS_PL_CLK.sdk/ZYNQ_wrapper_hw_platform_0/system.hdf'.
13:59:56 INFO  : 'configparams force-mem-access 1' command is executed.
13:59:56 INFO  : Context for 'APU' is selected.
13:59:57 INFO  : 'stop' command is executed.
13:59:57 ERROR : Memory read error at 0xF8007080. AHB AP transaction error, DAP status f0000021
13:59:57 INFO  : ----------------XSDB Script----------------
connect -url tcp:127.0.0.1:3121
source H:/Xilinx2019.1/lly/PS_PL_CLK/PS_PL_CLK.sdk/ZYNQ_wrapper_hw_platform_0/ps7_init.tcl
targets -set -nocase -filter {name =~"APU*" && jtag_cable_name =~ "Digilent JTAG-SMT3 210357A7D00EA"} -index 0
loadhw -hw H:/Xilinx2019.1/lly/PS_PL_CLK/PS_PL_CLK.sdk/ZYNQ_wrapper_hw_platform_0/system.hdf -mem-ranges [list {0x40000000 0xbfffffff}]
configparams force-mem-access 1
targets -set -nocase -filter {name =~"APU*" && jtag_cable_name =~ "Digilent JTAG-SMT3 210357A7D00EA"} -index 0
stop
ps7_init
----------------End of Script----------------

14:02:24 INFO  : Connected to target on host '127.0.0.1' and port '3121'.
14:02:24 INFO  : 'targets -set -filter {jtag_cable_name =~ "Digilent JTAG-SMT3 210357A7D00EA" && level==0} -index 1' command is executed.
14:02:26 ERROR : fpga configuration failed. DONE PIN is not HIGH
14:02:42 INFO  : Connected to target on host '127.0.0.1' and port '3121'.
14:02:42 INFO  : 'targets -set -filter {jtag_cable_name =~ "Digilent JTAG-SMT3 210357A7D00EA" && level==0} -index 1' command is executed.
14:02:43 INFO  : FPGA configured successfully with bitstream "H:/Xilinx2019.1/lly/PS_PL_CLK/PS_PL_CLK.sdk/ZYNQ_wrapper_hw_platform_0/ZYNQ_wrapper.bit"
14:02:52 INFO  : 'targets -set -filter {jtag_cable_name =~ "Digilent JTAG-SMT3 210357A7D00EA" && level==0} -index 1' command is executed.
14:02:52 INFO  : 'fpga -state' command is executed.
14:02:52 INFO  : Connected to target on host '127.0.0.1' and port '3121'.
14:02:52 INFO  : Jtag cable 'Digilent JTAG-SMT3 210357A7D00EA' is selected.
14:02:52 INFO  : 'jtag frequency' command is executed.
14:02:52 INFO  : Sourcing of 'H:/Xilinx2019.1/lly/PS_PL_CLK/PS_PL_CLK.sdk/ZYNQ_wrapper_hw_platform_0/ps7_init.tcl' is done.
14:02:52 INFO  : Context for 'APU' is selected.
14:02:52 INFO  : Hardware design information is loaded from 'H:/Xilinx2019.1/lly/PS_PL_CLK/PS_PL_CLK.sdk/ZYNQ_wrapper_hw_platform_0/system.hdf'.
14:02:52 INFO  : 'configparams force-mem-access 1' command is executed.
14:02:52 INFO  : Context for 'APU' is selected.
14:02:52 INFO  : 'stop' command is executed.
14:02:53 INFO  : 'ps7_init' command is executed.
14:02:53 INFO  : 'ps7_post_config' command is executed.
14:02:53 INFO  : Context for processor 'ps7_cortexa9_0' is selected.
14:02:53 INFO  : Processor reset is completed for 'ps7_cortexa9_0'.
14:02:53 INFO  : Context for processor 'ps7_cortexa9_0' is selected.
14:02:53 INFO  : The application 'H:/Xilinx2019.1/lly/PS_PL_CLK/PS_PL_CLK.sdk/PS_CLK/Debug/PS_CLK.elf' is downloaded to processor 'ps7_cortexa9_0'.
14:02:53 INFO  : 'configparams force-mem-access 0' command is executed.
14:02:53 INFO  : ----------------XSDB Script----------------
connect -url tcp:127.0.0.1:3121
source H:/Xilinx2019.1/lly/PS_PL_CLK/PS_PL_CLK.sdk/ZYNQ_wrapper_hw_platform_0/ps7_init.tcl
targets -set -nocase -filter {name =~"APU*" && jtag_cable_name =~ "Digilent JTAG-SMT3 210357A7D00EA"} -index 0
loadhw -hw H:/Xilinx2019.1/lly/PS_PL_CLK/PS_PL_CLK.sdk/ZYNQ_wrapper_hw_platform_0/system.hdf -mem-ranges [list {0x40000000 0xbfffffff}]
configparams force-mem-access 1
targets -set -nocase -filter {name =~"APU*" && jtag_cable_name =~ "Digilent JTAG-SMT3 210357A7D00EA"} -index 0
stop
ps7_init
ps7_post_config
targets -set -nocase -filter {name =~ "ARM*#0" && jtag_cable_name =~ "Digilent JTAG-SMT3 210357A7D00EA"} -index 0
rst -processor
targets -set -nocase -filter {name =~ "ARM*#0" && jtag_cable_name =~ "Digilent JTAG-SMT3 210357A7D00EA"} -index 0
dow H:/Xilinx2019.1/lly/PS_PL_CLK/PS_PL_CLK.sdk/PS_CLK/Debug/PS_CLK.elf
configparams force-mem-access 0
----------------End of Script----------------

14:02:53 INFO  : Memory regions updated for context APU
14:02:53 INFO  : Context for processor 'ps7_cortexa9_0' is selected.
14:02:53 INFO  : 'con' command is executed.
14:02:53 INFO  : ----------------XSDB Script (After Launch)----------------
targets -set -nocase -filter {name =~ "ARM*#0" && jtag_cable_name =~ "Digilent JTAG-SMT3 210357A7D00EA"} -index 0
con
----------------End of Script----------------

14:02:53 INFO  : Launch script is exported to file 'H:\Xilinx2019.1\lly\PS_PL_CLK\PS_PL_CLK.sdk\.sdk\launch_scripts\xilinx_c-c++_application_(system_debugger)\system_debugger_using_debug_ps_clk.elf_on_local.tcl'
14:03:03 INFO  : 'targets -set -filter {jtag_cable_name =~ "Digilent JTAG-SMT3 210357A7D00EA" && level==0} -index 1' command is executed.
14:03:03 INFO  : 'fpga -state' command is executed.
14:03:03 INFO  : Connected to target on host '127.0.0.1' and port '3121'.
14:03:03 INFO  : Jtag cable 'Digilent JTAG-SMT3 210357A7D00EA' is selected.
14:03:03 INFO  : 'jtag frequency' command is executed.
14:03:03 INFO  : Sourcing of 'H:/Xilinx2019.1/lly/PS_PL_CLK/PS_PL_CLK.sdk/ZYNQ_wrapper_hw_platform_0/ps7_init.tcl' is done.
14:03:03 INFO  : Context for 'APU' is selected.
14:03:03 INFO  : Hardware design information is loaded from 'H:/Xilinx2019.1/lly/PS_PL_CLK/PS_PL_CLK.sdk/ZYNQ_wrapper_hw_platform_0/system.hdf'.
14:03:03 INFO  : 'configparams force-mem-access 1' command is executed.
14:03:03 INFO  : Context for 'APU' is selected.
14:03:04 INFO  : 'stop' command is executed.
14:03:04 ERROR : AP transaction error, DAP status f0000021
14:03:04 INFO  : ----------------XSDB Script----------------
connect -url tcp:127.0.0.1:3121
source H:/Xilinx2019.1/lly/PS_PL_CLK/PS_PL_CLK.sdk/ZYNQ_wrapper_hw_platform_0/ps7_init.tcl
targets -set -nocase -filter {name =~"APU*" && jtag_cable_name =~ "Digilent JTAG-SMT3 210357A7D00EA"} -index 0
loadhw -hw H:/Xilinx2019.1/lly/PS_PL_CLK/PS_PL_CLK.sdk/ZYNQ_wrapper_hw_platform_0/system.hdf -mem-ranges [list {0x40000000 0xbfffffff}]
configparams force-mem-access 1
targets -set -nocase -filter {name =~"APU*" && jtag_cable_name =~ "Digilent JTAG-SMT3 210357A7D00EA"} -index 0
stop
ps7_init
----------------End of Script----------------

14:03:24 INFO  : Connected to target on host '127.0.0.1' and port '3121'.
14:03:24 INFO  : 'targets -set -filter {jtag_cable_name =~ "Digilent JTAG-SMT3 210357A7D00EA" && level==0} -index 1' command is executed.
14:03:26 INFO  : FPGA configured successfully with bitstream "H:/Xilinx2019.1/lly/PS_PL_CLK/PS_PL_CLK.sdk/ZYNQ_wrapper_hw_platform_0/ZYNQ_wrapper.bit"
14:03:32 INFO  : 'targets -set -filter {jtag_cable_name =~ "Digilent JTAG-SMT3 210357A7D00EA" && level==0} -index 1' command is executed.
14:03:32 INFO  : 'fpga -state' command is executed.
14:03:32 INFO  : Connected to target on host '127.0.0.1' and port '3121'.
14:03:32 INFO  : Jtag cable 'Digilent JTAG-SMT3 210357A7D00EA' is selected.
14:03:32 INFO  : 'jtag frequency' command is executed.
14:03:32 INFO  : Sourcing of 'H:/Xilinx2019.1/lly/PS_PL_CLK/PS_PL_CLK.sdk/ZYNQ_wrapper_hw_platform_0/ps7_init.tcl' is done.
14:03:32 INFO  : Context for 'APU' is selected.
14:03:32 INFO  : Hardware design information is loaded from 'H:/Xilinx2019.1/lly/PS_PL_CLK/PS_PL_CLK.sdk/ZYNQ_wrapper_hw_platform_0/system.hdf'.
14:03:32 INFO  : 'configparams force-mem-access 1' command is executed.
14:03:32 INFO  : Context for 'APU' is selected.
14:03:33 INFO  : 'stop' command is executed.
14:03:34 INFO  : 'ps7_init' command is executed.
14:03:34 INFO  : 'ps7_post_config' command is executed.
14:03:34 INFO  : Context for processor 'ps7_cortexa9_0' is selected.
14:03:35 INFO  : Processor reset is completed for 'ps7_cortexa9_0'.
14:03:35 INFO  : Context for processor 'ps7_cortexa9_0' is selected.
14:03:35 ERROR : APB AP transaction error, DAP status f0000021
14:03:35 INFO  : ----------------XSDB Script----------------
connect -url tcp:127.0.0.1:3121
source H:/Xilinx2019.1/lly/PS_PL_CLK/PS_PL_CLK.sdk/ZYNQ_wrapper_hw_platform_0/ps7_init.tcl
targets -set -nocase -filter {name =~"APU*" && jtag_cable_name =~ "Digilent JTAG-SMT3 210357A7D00EA"} -index 0
loadhw -hw H:/Xilinx2019.1/lly/PS_PL_CLK/PS_PL_CLK.sdk/ZYNQ_wrapper_hw_platform_0/system.hdf -mem-ranges [list {0x40000000 0xbfffffff}]
configparams force-mem-access 1
targets -set -nocase -filter {name =~"APU*" && jtag_cable_name =~ "Digilent JTAG-SMT3 210357A7D00EA"} -index 0
stop
ps7_init
ps7_post_config
targets -set -nocase -filter {name =~ "ARM*#0" && jtag_cable_name =~ "Digilent JTAG-SMT3 210357A7D00EA"} -index 0
rst -processor
targets -set -nocase -filter {name =~ "ARM*#0" && jtag_cable_name =~ "Digilent JTAG-SMT3 210357A7D00EA"} -index 0
dow H:/Xilinx2019.1/lly/PS_PL_CLK/PS_PL_CLK.sdk/PS_CLK/Debug/PS_CLK.elf
----------------End of Script----------------

14:03:43 INFO  : Disconnected from the channel tcfchan#1.
14:03:44 INFO  : 'targets -set -filter {jtag_cable_name =~ "Digilent JTAG-SMT3 210357A7D00EA" && level==0} -index 1' command is executed.
14:03:44 INFO  : 'fpga -state' command is executed.
14:03:44 INFO  : Connected to target on host '127.0.0.1' and port '3121'.
14:03:44 INFO  : Jtag cable 'Digilent JTAG-SMT3 210357A7D00EA' is selected.
14:03:44 INFO  : 'jtag frequency' command is executed.
14:03:44 INFO  : Sourcing of 'H:/Xilinx2019.1/lly/PS_PL_CLK/PS_PL_CLK.sdk/ZYNQ_wrapper_hw_platform_0/ps7_init.tcl' is done.
14:03:44 INFO  : Context for 'APU' is selected.
14:03:45 INFO  : Hardware design information is loaded from 'H:/Xilinx2019.1/lly/PS_PL_CLK/PS_PL_CLK.sdk/ZYNQ_wrapper_hw_platform_0/system.hdf'.
14:03:45 INFO  : 'configparams force-mem-access 1' command is executed.
14:03:45 INFO  : Context for 'APU' is selected.
14:03:46 INFO  : 'stop' command is executed.
14:03:46 ERROR : AP transaction error, DAP status f0000021
14:03:46 INFO  : ----------------XSDB Script----------------
connect -url tcp:127.0.0.1:3121
source H:/Xilinx2019.1/lly/PS_PL_CLK/PS_PL_CLK.sdk/ZYNQ_wrapper_hw_platform_0/ps7_init.tcl
targets -set -nocase -filter {name =~"APU*" && jtag_cable_name =~ "Digilent JTAG-SMT3 210357A7D00EA"} -index 0
loadhw -hw H:/Xilinx2019.1/lly/PS_PL_CLK/PS_PL_CLK.sdk/ZYNQ_wrapper_hw_platform_0/system.hdf -mem-ranges [list {0x40000000 0xbfffffff}]
configparams force-mem-access 1
targets -set -nocase -filter {name =~"APU*" && jtag_cable_name =~ "Digilent JTAG-SMT3 210357A7D00EA"} -index 0
stop
ps7_init
----------------End of Script----------------

14:04:08 INFO  : Connected to target on host '127.0.0.1' and port '3121'.
14:04:08 INFO  : 'targets -set -filter {jtag_cable_name =~ "Digilent JTAG-SMT3 210357A7D00EA" && level==0} -index 1' command is executed.
14:04:09 INFO  : FPGA configured successfully with bitstream "H:/Xilinx2019.1/lly/PS_PL_CLK/PS_PL_CLK.sdk/ZYNQ_wrapper_hw_platform_0/ZYNQ_wrapper.bit"
14:04:18 INFO  : 'targets -set -filter {jtag_cable_name =~ "Digilent JTAG-SMT3 210357A7D00EA" && level==0} -index 1' command is executed.
14:04:18 INFO  : 'fpga -state' command is executed.
14:04:18 INFO  : Connected to target on host '127.0.0.1' and port '3121'.
14:04:18 INFO  : Jtag cable 'Digilent JTAG-SMT3 210357A7D00EA' is selected.
14:04:18 INFO  : 'jtag frequency' command is executed.
14:04:18 INFO  : Sourcing of 'H:/Xilinx2019.1/lly/PS_PL_CLK/PS_PL_CLK.sdk/ZYNQ_wrapper_hw_platform_0/ps7_init.tcl' is done.
14:04:19 INFO  : Context for 'APU' is selected.
14:04:19 INFO  : Hardware design information is loaded from 'H:/Xilinx2019.1/lly/PS_PL_CLK/PS_PL_CLK.sdk/ZYNQ_wrapper_hw_platform_0/system.hdf'.
14:04:19 INFO  : 'configparams force-mem-access 1' command is executed.
14:04:19 INFO  : Context for 'APU' is selected.
14:04:19 INFO  : 'stop' command is executed.
14:04:19 INFO  : 'ps7_init' command is executed.
14:04:19 INFO  : 'ps7_post_config' command is executed.
14:04:19 INFO  : Context for processor 'ps7_cortexa9_0' is selected.
14:04:19 INFO  : Processor reset is completed for 'ps7_cortexa9_0'.
14:04:19 INFO  : Context for processor 'ps7_cortexa9_0' is selected.
14:04:19 INFO  : The application 'H:/Xilinx2019.1/lly/PS_PL_CLK/PS_PL_CLK.sdk/PS_CLK/Debug/PS_CLK.elf' is downloaded to processor 'ps7_cortexa9_0'.
14:04:19 INFO  : 'configparams force-mem-access 0' command is executed.
14:04:19 INFO  : ----------------XSDB Script----------------
connect -url tcp:127.0.0.1:3121
source H:/Xilinx2019.1/lly/PS_PL_CLK/PS_PL_CLK.sdk/ZYNQ_wrapper_hw_platform_0/ps7_init.tcl
targets -set -nocase -filter {name =~"APU*" && jtag_cable_name =~ "Digilent JTAG-SMT3 210357A7D00EA"} -index 0
loadhw -hw H:/Xilinx2019.1/lly/PS_PL_CLK/PS_PL_CLK.sdk/ZYNQ_wrapper_hw_platform_0/system.hdf -mem-ranges [list {0x40000000 0xbfffffff}]
configparams force-mem-access 1
targets -set -nocase -filter {name =~"APU*" && jtag_cable_name =~ "Digilent JTAG-SMT3 210357A7D00EA"} -index 0
stop
ps7_init
ps7_post_config
targets -set -nocase -filter {name =~ "ARM*#0" && jtag_cable_name =~ "Digilent JTAG-SMT3 210357A7D00EA"} -index 0
rst -processor
targets -set -nocase -filter {name =~ "ARM*#0" && jtag_cable_name =~ "Digilent JTAG-SMT3 210357A7D00EA"} -index 0
dow H:/Xilinx2019.1/lly/PS_PL_CLK/PS_PL_CLK.sdk/PS_CLK/Debug/PS_CLK.elf
configparams force-mem-access 0
----------------End of Script----------------

14:04:19 INFO  : Memory regions updated for context APU
14:04:19 INFO  : Context for processor 'ps7_cortexa9_0' is selected.
14:04:19 INFO  : 'con' command is executed.
14:04:19 INFO  : ----------------XSDB Script (After Launch)----------------
targets -set -nocase -filter {name =~ "ARM*#0" && jtag_cable_name =~ "Digilent JTAG-SMT3 210357A7D00EA"} -index 0
con
----------------End of Script----------------

14:04:19 INFO  : Launch script is exported to file 'H:\Xilinx2019.1\lly\PS_PL_CLK\PS_PL_CLK.sdk\.sdk\launch_scripts\xilinx_c-c++_application_(system_debugger)\system_debugger_using_debug_ps_clk.elf_on_local.tcl'
14:05:35 INFO  : Disconnected from the channel tcfchan#2.
14:05:36 INFO  : 'targets -set -filter {jtag_cable_name =~ "Digilent JTAG-SMT3 210357A7D00EA" && level==0} -index 1' command is executed.
14:05:36 INFO  : 'fpga -state' command is executed.
14:05:36 INFO  : Connected to target on host '127.0.0.1' and port '3121'.
14:05:36 INFO  : Jtag cable 'Digilent JTAG-SMT3 210357A7D00EA' is selected.
14:05:36 INFO  : 'jtag frequency' command is executed.
14:05:36 INFO  : Sourcing of 'H:/Xilinx2019.1/lly/PS_PL_CLK/PS_PL_CLK.sdk/ZYNQ_wrapper_hw_platform_0/ps7_init.tcl' is done.
14:05:36 INFO  : Context for 'APU' is selected.
14:05:36 INFO  : Hardware design information is loaded from 'H:/Xilinx2019.1/lly/PS_PL_CLK/PS_PL_CLK.sdk/ZYNQ_wrapper_hw_platform_0/system.hdf'.
14:05:36 INFO  : 'configparams force-mem-access 1' command is executed.
14:05:36 INFO  : Context for 'APU' is selected.
14:05:36 INFO  : 'stop' command is executed.
14:05:36 ERROR : Memory read error at 0xF8007080. AHB AP transaction error, DAP status f0000021
14:05:36 INFO  : ----------------XSDB Script----------------
connect -url tcp:127.0.0.1:3121
source H:/Xilinx2019.1/lly/PS_PL_CLK/PS_PL_CLK.sdk/ZYNQ_wrapper_hw_platform_0/ps7_init.tcl
targets -set -nocase -filter {name =~"APU*" && jtag_cable_name =~ "Digilent JTAG-SMT3 210357A7D00EA"} -index 0
loadhw -hw H:/Xilinx2019.1/lly/PS_PL_CLK/PS_PL_CLK.sdk/ZYNQ_wrapper_hw_platform_0/system.hdf -mem-ranges [list {0x40000000 0xbfffffff}]
configparams force-mem-access 1
targets -set -nocase -filter {name =~"APU*" && jtag_cable_name =~ "Digilent JTAG-SMT3 210357A7D00EA"} -index 0
stop
ps7_init
----------------End of Script----------------

