
*** Running vivado
    with args -log ZYNQ_wrapper.vdi -applog -m64 -product Vivado -messageDb vivado.pb -mode batch -source ZYNQ_wrapper.tcl -notrace


****** Vivado v2019.1 (64-bit)
  **** SW Build 2552052 on Fri May 24 14:49:42 MDT 2019
  **** IP Build 2548770 on Fri May 24 18:01:18 MDT 2019
    ** Copyright 1986-2019 Xilinx, Inc. All Rights Reserved.

source ZYNQ_wrapper.tcl -notrace
INFO: [IP_Flow 19-234] Refreshing IP repositories
INFO: [IP_Flow 19-1704] No user IP repositories specified
INFO: [IP_Flow 19-2313] Loaded Vivado IP repository 'H:/Xilinx2019.1/Vivado/2019.1/data/ip'.
Command: link_design -top ZYNQ_wrapper -part xc7z010clg400-1
Design is defaulting to srcset: sources_1
Design is defaulting to constrset: constrs_1
INFO: [Device 21-403] Loading part xc7z010clg400-1
INFO: [Project 1-454] Reading design checkpoint 'h:/Xilinx2019.1/lly/NAND_FLASH/NAND_FLASH.srcs/sources_1/bd/ZYNQ/ip/ZYNQ_axi_gpio_0_0/ZYNQ_axi_gpio_0_0.dcp' for cell 'ZYNQ_i/axi_gpio_0'
INFO: [Project 1-454] Reading design checkpoint 'h:/Xilinx2019.1/lly/NAND_FLASH/NAND_FLASH.srcs/sources_1/bd/ZYNQ/ip/ZYNQ_processing_system7_0_0/ZYNQ_processing_system7_0_0.dcp' for cell 'ZYNQ_i/processing_system7_0'
INFO: [Project 1-454] Reading design checkpoint 'h:/Xilinx2019.1/lly/NAND_FLASH/NAND_FLASH.srcs/sources_1/bd/ZYNQ/ip/ZYNQ_rst_ps7_0_50M_0/ZYNQ_rst_ps7_0_50M_0.dcp' for cell 'ZYNQ_i/rst_ps7_0_50M'
INFO: [Project 1-454] Reading design checkpoint 'h:/Xilinx2019.1/lly/NAND_FLASH/NAND_FLASH.srcs/sources_1/bd/ZYNQ/ip/ZYNQ_auto_pc_0/ZYNQ_auto_pc_0.dcp' for cell 'ZYNQ_i/ps7_0_axi_periph/s00_couplers/auto_pc'
INFO: [Netlist 29-17] Analyzing 18 Unisim elements for replacement
INFO: [Netlist 29-28] Unisim Transformation completed in 0 CPU seconds
INFO: [Project 1-479] Netlist was created with Vivado 2019.1
INFO: [Project 1-570] Preparing netlist for logic optimization
Parsing XDC File [h:/Xilinx2019.1/lly/NAND_FLASH/NAND_FLASH.srcs/sources_1/bd/ZYNQ/ip/ZYNQ_processing_system7_0_0/ZYNQ_processing_system7_0_0.xdc] for cell 'ZYNQ_i/processing_system7_0/inst'
Finished Parsing XDC File [h:/Xilinx2019.1/lly/NAND_FLASH/NAND_FLASH.srcs/sources_1/bd/ZYNQ/ip/ZYNQ_processing_system7_0_0/ZYNQ_processing_system7_0_0.xdc] for cell 'ZYNQ_i/processing_system7_0/inst'
Parsing XDC File [h:/Xilinx2019.1/lly/NAND_FLASH/NAND_FLASH.srcs/sources_1/bd/ZYNQ/ip/ZYNQ_axi_gpio_0_0/ZYNQ_axi_gpio_0_0_board.xdc] for cell 'ZYNQ_i/axi_gpio_0/U0'
Finished Parsing XDC File [h:/Xilinx2019.1/lly/NAND_FLASH/NAND_FLASH.srcs/sources_1/bd/ZYNQ/ip/ZYNQ_axi_gpio_0_0/ZYNQ_axi_gpio_0_0_board.xdc] for cell 'ZYNQ_i/axi_gpio_0/U0'
Parsing XDC File [h:/Xilinx2019.1/lly/NAND_FLASH/NAND_FLASH.srcs/sources_1/bd/ZYNQ/ip/ZYNQ_axi_gpio_0_0/ZYNQ_axi_gpio_0_0.xdc] for cell 'ZYNQ_i/axi_gpio_0/U0'
Finished Parsing XDC File [h:/Xilinx2019.1/lly/NAND_FLASH/NAND_FLASH.srcs/sources_1/bd/ZYNQ/ip/ZYNQ_axi_gpio_0_0/ZYNQ_axi_gpio_0_0.xdc] for cell 'ZYNQ_i/axi_gpio_0/U0'
Parsing XDC File [h:/Xilinx2019.1/lly/NAND_FLASH/NAND_FLASH.srcs/sources_1/bd/ZYNQ/ip/ZYNQ_rst_ps7_0_50M_0/ZYNQ_rst_ps7_0_50M_0_board.xdc] for cell 'ZYNQ_i/rst_ps7_0_50M/U0'
Finished Parsing XDC File [h:/Xilinx2019.1/lly/NAND_FLASH/NAND_FLASH.srcs/sources_1/bd/ZYNQ/ip/ZYNQ_rst_ps7_0_50M_0/ZYNQ_rst_ps7_0_50M_0_board.xdc] for cell 'ZYNQ_i/rst_ps7_0_50M/U0'
Parsing XDC File [h:/Xilinx2019.1/lly/NAND_FLASH/NAND_FLASH.srcs/sources_1/bd/ZYNQ/ip/ZYNQ_rst_ps7_0_50M_0/ZYNQ_rst_ps7_0_50M_0.xdc] for cell 'ZYNQ_i/rst_ps7_0_50M/U0'
Finished Parsing XDC File [h:/Xilinx2019.1/lly/NAND_FLASH/NAND_FLASH.srcs/sources_1/bd/ZYNQ/ip/ZYNQ_rst_ps7_0_50M_0/ZYNQ_rst_ps7_0_50M_0.xdc] for cell 'ZYNQ_i/rst_ps7_0_50M/U0'
Parsing XDC File [H:/Xilinx2019.1/lly/NAND_FLASH/NAND_FLASH.srcs/constrs_1/new/NAND_FLASH_CO.xdc]
Finished Parsing XDC File [H:/Xilinx2019.1/lly/NAND_FLASH/NAND_FLASH.srcs/constrs_1/new/NAND_FLASH_CO.xdc]
INFO: [Opt 31-138] Pushed 0 inverter(s) to 0 load pin(s).
Netlist sorting complete. Time (s): cpu = 00:00:00 ; elapsed = 00:00:00.001 . Memory (MB): peak = 789.082 ; gain = 0.000
INFO: [Project 1-111] Unisim Transformation Summary:
No Unisim elements were transformed.

14 Infos, 0 Warnings, 0 Critical Warnings and 0 Errors encountered.
link_design completed successfully
link_design: Time (s): cpu = 00:00:08 ; elapsed = 00:00:11 . Memory (MB): peak = 789.082 ; gain = 393.695
Command: opt_design
Attempting to get a license for feature 'Implementation' and/or device 'xc7z010'
INFO: [Common 17-349] Got license for feature 'Implementation' and/or device 'xc7z010'
Running DRC as a precondition to command opt_design

Starting DRC Task
INFO: [DRC 23-27] Running DRC with 2 threads
INFO: [Project 1-461] DRC finished with 0 Errors
INFO: [Project 1-462] Please refer to the DRC report (report_drc) for more information.

Time (s): cpu = 00:00:01 ; elapsed = 00:00:01 . Memory (MB): peak = 811.207 ; gain = 22.125

Starting Cache Timing Information Task
INFO: [Timing 38-35] Done setting XDC timing constraints.
Ending Cache Timing Information Task | Checksum: 167d83211

Time (s): cpu = 00:00:08 ; elapsed = 00:00:08 . Memory (MB): peak = 1319.922 ; gain = 508.715

Starting Logic Optimization Task

Phase 1 Retarget
INFO: [Opt 31-138] Pushed 0 inverter(s) to 0 load pin(s).
INFO: [Opt 31-49] Retargeted 0 cell(s).
Phase 1 Retarget | Checksum: 210730965

Time (s): cpu = 00:00:00 ; elapsed = 00:00:00.332 . Memory (MB): peak = 1461.910 ; gain = 0.000
INFO: [Opt 31-389] Phase Retarget created 4 cells and removed 47 cells

Phase 2 Constant propagation
INFO: [Opt 31-138] Pushed 0 inverter(s) to 0 load pin(s).
Phase 2 Constant propagation | Checksum: 17a7ee862

Time (s): cpu = 00:00:00 ; elapsed = 00:00:00.350 . Memory (MB): peak = 1461.910 ; gain = 0.000
INFO: [Opt 31-389] Phase Constant propagation created 0 cells and removed 8 cells

Phase 3 Sweep
Phase 3 Sweep | Checksum: 21e5d971b

Time (s): cpu = 00:00:01 ; elapsed = 00:00:00.708 . Memory (MB): peak = 1461.910 ; gain = 0.000
INFO: [Opt 31-389] Phase Sweep created 0 cells and removed 262 cells

Phase 4 BUFG optimization
Phase 4 BUFG optimization | Checksum: 21e5d971b

Time (s): cpu = 00:00:01 ; elapsed = 00:00:00.741 . Memory (MB): peak = 1461.910 ; gain = 0.000
INFO: [Opt 31-662] Phase BUFG optimization created 0 cells of which 0 are BUFGs and removed 0 cells.

Phase 5 Shift Register Optimization
INFO: [Opt 31-1064] SRL Remap converted 0 SRLs to 0 registers and converted 0 registers of register chains to 0 SRLs
Phase 5 Shift Register Optimization | Checksum: 21e5d971b

Time (s): cpu = 00:00:01 ; elapsed = 00:00:00.856 . Memory (MB): peak = 1461.910 ; gain = 0.000
INFO: [Opt 31-389] Phase Shift Register Optimization created 0 cells and removed 0 cells

Phase 6 Post Processing Netlist
Phase 6 Post Processing Netlist | Checksum: 21e5d971b

Time (s): cpu = 00:00:01 ; elapsed = 00:00:00.883 . Memory (MB): peak = 1461.910 ; gain = 0.000
INFO: [Opt 31-389] Phase Post Processing Netlist created 0 cells and removed 0 cells
Opt_design Change Summary
=========================


-------------------------------------------------------------------------------------------------------------------------
|  Phase                        |  #Cells created  |  #Cells Removed  |  #Constrained objects preventing optimizations  |
-------------------------------------------------------------------------------------------------------------------------
|  Retarget                     |               4  |              47  |                                              0  |
|  Constant propagation         |               0  |               8  |                                              0  |
|  Sweep                        |               0  |             262  |                                              0  |
|  BUFG optimization            |               0  |               0  |                                              0  |
|  Shift Register Optimization  |               0  |               0  |                                              0  |
|  Post Processing Netlist      |               0  |               0  |                                              0  |
-------------------------------------------------------------------------------------------------------------------------



Starting Connectivity Check Task

Time (s): cpu = 00:00:00 ; elapsed = 00:00:00.004 . Memory (MB): peak = 1461.910 ; gain = 0.000
Ending Logic Optimization Task | Checksum: 140a0de61

Time (s): cpu = 00:00:01 ; elapsed = 00:00:00.956 . Memory (MB): peak = 1461.910 ; gain = 0.000

Starting Power Optimization Task
INFO: [Pwropt 34-132] Skipping clock gating for clocks with a period < 2.00 ns.
Ending Power Optimization Task | Checksum: 140a0de61

Time (s): cpu = 00:00:00 ; elapsed = 00:00:00.012 . Memory (MB): peak = 1461.910 ; gain = 0.000

Starting Final Cleanup Task
Ending Final Cleanup Task | Checksum: 140a0de61

Time (s): cpu = 00:00:00 ; elapsed = 00:00:00 . Memory (MB): peak = 1461.910 ; gain = 0.000

Starting Netlist Obfuscation Task
Netlist sorting complete. Time (s): cpu = 00:00:00 ; elapsed = 00:00:00.001 . Memory (MB): peak = 1461.910 ; gain = 0.000
Ending Netlist Obfuscation Task | Checksum: 140a0de61

Time (s): cpu = 00:00:00 ; elapsed = 00:00:00.001 . Memory (MB): peak = 1461.910 ; gain = 0.000
INFO: [Common 17-83] Releasing license: Implementation
31 Infos, 0 Warnings, 0 Critical Warnings and 0 Errors encountered.
opt_design completed successfully
opt_design: Time (s): cpu = 00:00:11 ; elapsed = 00:00:12 . Memory (MB): peak = 1461.910 ; gain = 672.828
Netlist sorting complete. Time (s): cpu = 00:00:00 ; elapsed = 00:00:00.001 . Memory (MB): peak = 1461.910 ; gain = 0.000
INFO: [Timing 38-480] Writing timing data to binary archive.
Writing placer database...
Writing XDEF routing.
Writing XDEF routing logical nets.
Writing XDEF routing special nets.
Write XDEF Complete: Time (s): cpu = 00:00:00 ; elapsed = 00:00:00.069 . Memory (MB): peak = 1461.910 ; gain = 0.000
INFO: [Common 17-1381] The checkpoint 'H:/Xilinx2019.1/lly/NAND_FLASH/NAND_FLASH.runs/impl_1/ZYNQ_wrapper_opt.dcp' has been generated.
INFO: [runtcl-4] Executing : report_drc -file ZYNQ_wrapper_drc_opted.rpt -pb ZYNQ_wrapper_drc_opted.pb -rpx ZYNQ_wrapper_drc_opted.rpx
Command: report_drc -file ZYNQ_wrapper_drc_opted.rpt -pb ZYNQ_wrapper_drc_opted.pb -rpx ZYNQ_wrapper_drc_opted.rpx
INFO: [IP_Flow 19-1839] IP Catalog is up to date.
INFO: [DRC 23-27] Running DRC with 2 threads
INFO: [Coretcl 2-168] The results of DRC are in file H:/Xilinx2019.1/lly/NAND_FLASH/NAND_FLASH.runs/impl_1/ZYNQ_wrapper_drc_opted.rpt.
report_drc completed successfully
Command: place_design
Attempting to get a license for feature 'Implementation' and/or device 'xc7z010'
INFO: [Common 17-349] Got license for feature 'Implementation' and/or device 'xc7z010'
INFO: [DRC 23-27] Running DRC with 2 threads
INFO: [Vivado_Tcl 4-198] DRC finished with 0 Errors
INFO: [Vivado_Tcl 4-199] Please refer to the DRC report (report_drc) for more information.
Running DRC as a precondition to command place_design
INFO: [DRC 23-27] Running DRC with 2 threads
INFO: [Vivado_Tcl 4-198] DRC finished with 0 Errors
INFO: [Vivado_Tcl 4-199] Please refer to the DRC report (report_drc) for more information.

Starting Placer Task
INFO: [Place 30-611] Multithreading enabled for place_design using a maximum of 2 CPUs

Phase 1 Placer Initialization

Phase 1.1 Placer Initialization Netlist Sorting
Netlist sorting complete. Time (s): cpu = 00:00:00 ; elapsed = 00:00:00 . Memory (MB): peak = 1461.910 ; gain = 0.000
Phase 1.1 Placer Initialization Netlist Sorting | Checksum: 13c365578

Time (s): cpu = 00:00:00 ; elapsed = 00:00:00.122 . Memory (MB): peak = 1461.910 ; gain = 0.000
Netlist sorting complete. Time (s): cpu = 00:00:00 ; elapsed = 00:00:00.001 . Memory (MB): peak = 1461.910 ; gain = 0.000

Phase 1.2 IO Placement/ Clock Placement/ Build Placer Device
INFO: [Timing 38-35] Done setting XDC timing constraints.
Phase 1.2 IO Placement/ Clock Placement/ Build Placer Device | Checksum: 9e3a3f32

Time (s): cpu = 00:00:01 ; elapsed = 00:00:00.998 . Memory (MB): peak = 1461.910 ; gain = 0.000

Phase 1.3 Build Placer Netlist Model
Phase 1.3 Build Placer Netlist Model | Checksum: 1478f0246

Time (s): cpu = 00:00:02 ; elapsed = 00:00:01 . Memory (MB): peak = 1462.539 ; gain = 0.629

Phase 1.4 Constrain Clocks/Macros
Phase 1.4 Constrain Clocks/Macros | Checksum: 1478f0246

Time (s): cpu = 00:00:02 ; elapsed = 00:00:01 . Memory (MB): peak = 1462.539 ; gain = 0.629
Phase 1 Placer Initialization | Checksum: 1478f0246

Time (s): cpu = 00:00:02 ; elapsed = 00:00:01 . Memory (MB): peak = 1462.539 ; gain = 0.629

Phase 2 Global Placement

Phase 2.1 Floorplanning
Phase 2.1 Floorplanning | Checksum: 1aaf90d0b

Time (s): cpu = 00:00:02 ; elapsed = 00:00:01 . Memory (MB): peak = 1462.539 ; gain = 0.629

Phase 2.2 Global Placement Core

Phase 2.2.1 Physical Synthesis In Placer
INFO: [Physopt 32-65] No nets found for high-fanout optimization.
INFO: [Physopt 32-232] Optimized 0 net. Created 0 new instance.
INFO: [Physopt 32-775] End 1 Pass. Optimized 0 net or cell. Created 0 new cell, deleted 0 existing cell and moved 0 existing cell
INFO: [Physopt 32-670] No setup violation found.  DSP Register Optimization was not performed.
INFO: [Physopt 32-670] No setup violation found.  Shift Register Optimization was not performed.
INFO: [Physopt 32-670] No setup violation found.  BRAM Register Optimization was not performed.
INFO: [Physopt 32-949] No candidate nets found for HD net replication
INFO: [Physopt 32-775] End 1 Pass. Optimized 0 net or cell. Created 0 new cell, deleted 0 existing cell and moved 0 existing cell
Netlist sorting complete. Time (s): cpu = 00:00:00 ; elapsed = 00:00:00.001 . Memory (MB): peak = 1462.539 ; gain = 0.000

Summary of Physical Synthesis Optimizations
============================================


----------------------------------------------------------------------------------------------------------------------------------------
|  Optimization                  |  Added Cells  |  Removed Cells  |  Optimized Cells/Nets  |  Dont Touch  |  Iterations  |  Elapsed   |
----------------------------------------------------------------------------------------------------------------------------------------
|  Very High Fanout              |            0  |              0  |                     0  |           0  |           1  |  00:00:00  |
|  DSP Register                  |            0  |              0  |                     0  |           0  |           0  |  00:00:00  |
|  Shift Register                |            0  |              0  |                     0  |           0  |           0  |  00:00:00  |
|  BRAM Register                 |            0  |              0  |                     0  |           0  |           0  |  00:00:00  |
|  HD Interface Net Replication  |            0  |              0  |                     0  |           0  |           1  |  00:00:00  |
|  Total                         |            0  |              0  |                     0  |           0  |           2  |  00:00:00  |
----------------------------------------------------------------------------------------------------------------------------------------


Phase 2.2.1 Physical Synthesis In Placer | Checksum: 121faae37

Time (s): cpu = 00:00:04 ; elapsed = 00:00:03 . Memory (MB): peak = 1462.539 ; gain = 0.629
Phase 2.2 Global Placement Core | Checksum: 13e2f17dd

Time (s): cpu = 00:00:04 ; elapsed = 00:00:03 . Memory (MB): peak = 1462.539 ; gain = 0.629
Phase 2 Global Placement | Checksum: 13e2f17dd

Time (s): cpu = 00:00:04 ; elapsed = 00:00:03 . Memory (MB): peak = 1462.539 ; gain = 0.629

Phase 3 Detail Placement

Phase 3.1 Commit Multi Column Macros
Phase 3.1 Commit Multi Column Macros | Checksum: 198777208

Time (s): cpu = 00:00:05 ; elapsed = 00:00:03 . Memory (MB): peak = 1462.539 ; gain = 0.629

Phase 3.2 Commit Most Macros & LUTRAMs
Phase 3.2 Commit Most Macros & LUTRAMs | Checksum: 1680a6bb5

Time (s): cpu = 00:00:05 ; elapsed = 00:00:03 . Memory (MB): peak = 1462.539 ; gain = 0.629

Phase 3.3 Area Swap Optimization
Phase 3.3 Area Swap Optimization | Checksum: 1557f837c

Time (s): cpu = 00:00:05 ; elapsed = 00:00:03 . Memory (MB): peak = 1462.539 ; gain = 0.629

Phase 3.4 Pipeline Register Optimization
Phase 3.4 Pipeline Register Optimization | Checksum: 176758cc9

Time (s): cpu = 00:00:05 ; elapsed = 00:00:03 . Memory (MB): peak = 1462.539 ; gain = 0.629

Phase 3.5 Small Shape Detail Placement
Phase 3.5 Small Shape Detail Placement | Checksum: 1856d350d

Time (s): cpu = 00:00:05 ; elapsed = 00:00:04 . Memory (MB): peak = 1462.539 ; gain = 0.629

Phase 3.6 Re-assign LUT pins
Phase 3.6 Re-assign LUT pins | Checksum: 21ff94c51

Time (s): cpu = 00:00:05 ; elapsed = 00:00:04 . Memory (MB): peak = 1462.539 ; gain = 0.629

Phase 3.7 Pipeline Register Optimization
Phase 3.7 Pipeline Register Optimization | Checksum: 24ecb62e2

Time (s): cpu = 00:00:05 ; elapsed = 00:00:04 . Memory (MB): peak = 1462.539 ; gain = 0.629
Phase 3 Detail Placement | Checksum: 24ecb62e2

Time (s): cpu = 00:00:05 ; elapsed = 00:00:04 . Memory (MB): peak = 1462.539 ; gain = 0.629

Phase 4 Post Placement Optimization and Clean-Up

Phase 4.1 Post Commit Optimization
INFO: [Timing 38-35] Done setting XDC timing constraints.

Phase 4.1.1 Post Placement Optimization
Post Placement Optimization Initialization | Checksum: 2f16effd3

Phase 4.1.1.1 BUFG Insertion
INFO: [Place 46-56] BUFG insertion identified 0 candidate nets. Inserted BUFG: 0, Replicated BUFG Driver: 0, Skipped due to Placement/Routing Conflicts: 0, Skipped due to Timing Degradation: 0, Skipped due to Illegal Netlist: 0.
Phase 4.1.1.1 BUFG Insertion | Checksum: 2f16effd3

Time (s): cpu = 00:00:06 ; elapsed = 00:00:04 . Memory (MB): peak = 1474.730 ; gain = 12.820
INFO: [Place 30-746] Post Placement Timing Summary WNS=13.423. For the most accurate timing information please run report_timing.
Phase 4.1.1 Post Placement Optimization | Checksum: 25d697d70

Time (s): cpu = 00:00:06 ; elapsed = 00:00:04 . Memory (MB): peak = 1474.730 ; gain = 12.820
Phase 4.1 Post Commit Optimization | Checksum: 25d697d70

Time (s): cpu = 00:00:06 ; elapsed = 00:00:04 . Memory (MB): peak = 1474.730 ; gain = 12.820

Phase 4.2 Post Placement Cleanup
Phase 4.2 Post Placement Cleanup | Checksum: 25d697d70

Time (s): cpu = 00:00:06 ; elapsed = 00:00:04 . Memory (MB): peak = 1474.730 ; gain = 12.820

Phase 4.3 Placer Reporting
Phase 4.3 Placer Reporting | Checksum: 25d697d70

Time (s): cpu = 00:00:06 ; elapsed = 00:00:04 . Memory (MB): peak = 1474.730 ; gain = 12.820

Phase 4.4 Final Placement Cleanup
Netlist sorting complete. Time (s): cpu = 00:00:00 ; elapsed = 00:00:00.001 . Memory (MB): peak = 1474.730 ; gain = 0.000
Phase 4.4 Final Placement Cleanup | Checksum: 2572c5cd1

Time (s): cpu = 00:00:06 ; elapsed = 00:00:04 . Memory (MB): peak = 1474.730 ; gain = 12.820
Phase 4 Post Placement Optimization and Clean-Up | Checksum: 2572c5cd1

Time (s): cpu = 00:00:06 ; elapsed = 00:00:04 . Memory (MB): peak = 1474.730 ; gain = 12.820
Ending Placer Task | Checksum: 1ec3af831

Time (s): cpu = 00:00:06 ; elapsed = 00:00:04 . Memory (MB): peak = 1474.730 ; gain = 12.820
INFO: [Common 17-83] Releasing license: Implementation
58 Infos, 0 Warnings, 0 Critical Warnings and 0 Errors encountered.
place_design completed successfully
Netlist sorting complete. Time (s): cpu = 00:00:00 ; elapsed = 00:00:00.001 . Memory (MB): peak = 1474.730 ; gain = 0.000
INFO: [Timing 38-480] Writing timing data to binary archive.
Writing placer database...
Writing XDEF routing.
Writing XDEF routing logical nets.
Writing XDEF routing special nets.
Write XDEF Complete: Time (s): cpu = 00:00:00 ; elapsed = 00:00:00.134 . Memory (MB): peak = 1475.777 ; gain = 1.047
INFO: [Common 17-1381] The checkpoint 'H:/Xilinx2019.1/lly/NAND_FLASH/NAND_FLASH.runs/impl_1/ZYNQ_wrapper_placed.dcp' has been generated.
INFO: [runtcl-4] Executing : report_io -file ZYNQ_wrapper_io_placed.rpt
report_io: Time (s): cpu = 00:00:00 ; elapsed = 00:00:00.050 . Memory (MB): peak = 1475.777 ; gain = 0.000
INFO: [runtcl-4] Executing : report_utilization -file ZYNQ_wrapper_utilization_placed.rpt -pb ZYNQ_wrapper_utilization_placed.pb
INFO: [runtcl-4] Executing : report_control_sets -verbose -file ZYNQ_wrapper_control_sets_placed.rpt
report_control_sets: Time (s): cpu = 00:00:00 ; elapsed = 00:00:00.026 . Memory (MB): peak = 1475.777 ; gain = 0.000
Command: route_design
Attempting to get a license for feature 'Implementation' and/or device 'xc7z010'
INFO: [Common 17-349] Got license for feature 'Implementation' and/or device 'xc7z010'
Running DRC as a precondition to command route_design
INFO: [DRC 23-27] Running DRC with 2 threads
INFO: [Vivado_Tcl 4-198] DRC finished with 0 Errors
INFO: [Vivado_Tcl 4-199] Please refer to the DRC report (report_drc) for more information.


Starting Routing Task
INFO: [Route 35-254] Multithreading enabled for route_design using a maximum of 2 CPUs
Checksum: PlaceDB: fab17bc6 ConstDB: 0 ShapeSum: f1897c6b RouteDB: 0

Phase 1 Build RT Design
Phase 1 Build RT Design | Checksum: 126c6f33e

Time (s): cpu = 00:00:13 ; elapsed = 00:00:11 . Memory (MB): peak = 1524.461 ; gain = 34.156
Post Restoration Checksum: NetGraph: fdc0e0c7 NumContArr: 29061277 Constraints: 0 Timing: 0

Phase 2 Router Initialization

Phase 2.1 Create Timer
Phase 2.1 Create Timer | Checksum: 126c6f33e

Time (s): cpu = 00:00:13 ; elapsed = 00:00:11 . Memory (MB): peak = 1546.648 ; gain = 56.344

Phase 2.2 Fix Topology Constraints
Phase 2.2 Fix Topology Constraints | Checksum: 126c6f33e

Time (s): cpu = 00:00:13 ; elapsed = 00:00:11 . Memory (MB): peak = 1552.703 ; gain = 62.398

Phase 2.3 Pre Route Cleanup
Phase 2.3 Pre Route Cleanup | Checksum: 126c6f33e

Time (s): cpu = 00:00:13 ; elapsed = 00:00:11 . Memory (MB): peak = 1552.703 ; gain = 62.398
 Number of Nodes with overlaps = 0

Phase 2.4 Update Timing
Phase 2.4 Update Timing | Checksum: 1ccf006e5

Time (s): cpu = 00:00:13 ; elapsed = 00:00:11 . Memory (MB): peak = 1559.625 ; gain = 69.320
INFO: [Route 35-416] Intermediate Timing Summary | WNS=13.416 | TNS=0.000  | WHS=-0.147 | THS=-12.760|

Phase 2 Router Initialization | Checksum: 1a9f00ee2

Time (s): cpu = 00:00:13 ; elapsed = 00:00:11 . Memory (MB): peak = 1561.047 ; gain = 70.742

Router Utilization Summary
  Global Vertical Routing Utilization    = 0 %
  Global Horizontal Routing Utilization  = 0 %
  Routable Net Status*
  *Does not include unroutable nets such as driverless and loadless.
  Run report_route_status for detailed report.
  Number of Failed Nets               = 1037
    (Failed Nets is the sum of unrouted and partially routed nets)
  Number of Unrouted Nets             = 1037
  Number of Partially Routed Nets     = 0
  Number of Node Overlaps             = 0


Phase 3 Initial Routing
Phase 3 Initial Routing | Checksum: 146572b34

Time (s): cpu = 00:00:13 ; elapsed = 00:00:11 . Memory (MB): peak = 1561.348 ; gain = 71.043

Phase 4 Rip-up And Reroute

Phase 4.1 Global Iteration 0
 Number of Nodes with overlaps = 59
 Number of Nodes with overlaps = 0
INFO: [Route 35-416] Intermediate Timing Summary | WNS=13.304 | TNS=0.000  | WHS=N/A    | THS=N/A    |

Phase 4.1 Global Iteration 0 | Checksum: 14031ef92

Time (s): cpu = 00:00:14 ; elapsed = 00:00:12 . Memory (MB): peak = 1561.352 ; gain = 71.047

Phase 4.2 Global Iteration 1
 Number of Nodes with overlaps = 1
 Number of Nodes with overlaps = 0
INFO: [Route 35-416] Intermediate Timing Summary | WNS=13.304 | TNS=0.000  | WHS=N/A    | THS=N/A    |

Phase 4.2 Global Iteration 1 | Checksum: 185afcf6c

Time (s): cpu = 00:00:14 ; elapsed = 00:00:12 . Memory (MB): peak = 1561.352 ; gain = 71.047
Phase 4 Rip-up And Reroute | Checksum: 185afcf6c

Time (s): cpu = 00:00:14 ; elapsed = 00:00:12 . Memory (MB): peak = 1561.352 ; gain = 71.047

Phase 5 Delay and Skew Optimization

Phase 5.1 Delay CleanUp

Phase 5.1.1 Update Timing
Phase 5.1.1 Update Timing | Checksum: 191124d2b

Time (s): cpu = 00:00:14 ; elapsed = 00:00:12 . Memory (MB): peak = 1561.352 ; gain = 71.047
INFO: [Route 35-416] Intermediate Timing Summary | WNS=13.419 | TNS=0.000  | WHS=N/A    | THS=N/A    |

Phase 5.1 Delay CleanUp | Checksum: 191124d2b

Time (s): cpu = 00:00:14 ; elapsed = 00:00:12 . Memory (MB): peak = 1561.352 ; gain = 71.047

Phase 5.2 Clock Skew Optimization
Phase 5.2 Clock Skew Optimization | Checksum: 191124d2b

Time (s): cpu = 00:00:14 ; elapsed = 00:00:12 . Memory (MB): peak = 1561.352 ; gain = 71.047
Phase 5 Delay and Skew Optimization | Checksum: 191124d2b

Time (s): cpu = 00:00:14 ; elapsed = 00:00:12 . Memory (MB): peak = 1561.352 ; gain = 71.047

Phase 6 Post Hold Fix

Phase 6.1 Hold Fix Iter

Phase 6.1.1 Update Timing
Phase 6.1.1 Update Timing | Checksum: 1d34af9eb

Time (s): cpu = 00:00:14 ; elapsed = 00:00:12 . Memory (MB): peak = 1561.352 ; gain = 71.047
INFO: [Route 35-416] Intermediate Timing Summary | WNS=13.419 | TNS=0.000  | WHS=0.025  | THS=0.000  |

Phase 6.1 Hold Fix Iter | Checksum: 256675596

Time (s): cpu = 00:00:14 ; elapsed = 00:00:12 . Memory (MB): peak = 1561.352 ; gain = 71.047
Phase 6 Post Hold Fix | Checksum: 256675596

Time (s): cpu = 00:00:14 ; elapsed = 00:00:12 . Memory (MB): peak = 1561.352 ; gain = 71.047

Phase 7 Route finalize

Router Utilization Summary
  Global Vertical Routing Utilization    = 0.281391 %
  Global Horizontal Routing Utilization  = 0.421415 %
  Routable Net Status*
  *Does not include unroutable nets such as driverless and loadless.
  Run report_route_status for detailed report.
  Number of Failed Nets               = 0
    (Failed Nets is the sum of unrouted and partially routed nets)
  Number of Unrouted Nets             = 0
  Number of Partially Routed Nets     = 0
  Number of Node Overlaps             = 0

Phase 7 Route finalize | Checksum: 186ac302b

Time (s): cpu = 00:00:14 ; elapsed = 00:00:12 . Memory (MB): peak = 1561.352 ; gain = 71.047

Phase 8 Verifying routed nets

 Verification completed successfully
Phase 8 Verifying routed nets | Checksum: 186ac302b

Time (s): cpu = 00:00:14 ; elapsed = 00:00:12 . Memory (MB): peak = 1563.406 ; gain = 73.102

Phase 9 Depositing Routes
Phase 9 Depositing Routes | Checksum: 133d35d44

Time (s): cpu = 00:00:14 ; elapsed = 00:00:12 . Memory (MB): peak = 1563.406 ; gain = 73.102

Phase 10 Post Router Timing
INFO: [Route 35-57] Estimated Timing Summary | WNS=13.419 | TNS=0.000  | WHS=0.025  | THS=0.000  |

INFO: [Route 35-327] The final timing numbers are based on the router estimated timing analysis. For a complete and accurate timing signoff, please run report_timing_summary.
Phase 10 Post Router Timing | Checksum: 133d35d44

Time (s): cpu = 00:00:14 ; elapsed = 00:00:12 . Memory (MB): peak = 1563.406 ; gain = 73.102
INFO: [Route 35-16] Router Completed Successfully

Time (s): cpu = 00:00:14 ; elapsed = 00:00:12 . Memory (MB): peak = 1563.406 ; gain = 73.102

Routing Is Done.
INFO: [Common 17-83] Releasing license: Implementation
77 Infos, 0 Warnings, 0 Critical Warnings and 0 Errors encountered.
route_design completed successfully
route_design: Time (s): cpu = 00:00:15 ; elapsed = 00:00:13 . Memory (MB): peak = 1563.406 ; gain = 87.629
Netlist sorting complete. Time (s): cpu = 00:00:00 ; elapsed = 00:00:00.001 . Memory (MB): peak = 1563.406 ; gain = 0.000
INFO: [Timing 38-480] Writing timing data to binary archive.
Writing placer database...
Writing XDEF routing.
Writing XDEF routing logical nets.
Writing XDEF routing special nets.
Write XDEF Complete: Time (s): cpu = 00:00:00 ; elapsed = 00:00:00.176 . Memory (MB): peak = 1573.281 ; gain = 9.875
INFO: [Common 17-1381] The checkpoint 'H:/Xilinx2019.1/lly/NAND_FLASH/NAND_FLASH.runs/impl_1/ZYNQ_wrapper_routed.dcp' has been generated.
INFO: [runtcl-4] Executing : report_drc -file ZYNQ_wrapper_drc_routed.rpt -pb ZYNQ_wrapper_drc_routed.pb -rpx ZYNQ_wrapper_drc_routed.rpx
Command: report_drc -file ZYNQ_wrapper_drc_routed.rpt -pb ZYNQ_wrapper_drc_routed.pb -rpx ZYNQ_wrapper_drc_routed.rpx
INFO: [IP_Flow 19-1839] IP Catalog is up to date.
INFO: [DRC 23-27] Running DRC with 2 threads
INFO: [Coretcl 2-168] The results of DRC are in file H:/Xilinx2019.1/lly/NAND_FLASH/NAND_FLASH.runs/impl_1/ZYNQ_wrapper_drc_routed.rpt.
report_drc completed successfully
INFO: [runtcl-4] Executing : report_methodology -file ZYNQ_wrapper_methodology_drc_routed.rpt -pb ZYNQ_wrapper_methodology_drc_routed.pb -rpx ZYNQ_wrapper_methodology_drc_routed.rpx
Command: report_methodology -file ZYNQ_wrapper_methodology_drc_routed.rpt -pb ZYNQ_wrapper_methodology_drc_routed.pb -rpx ZYNQ_wrapper_methodology_drc_routed.rpx
INFO: [Timing 38-35] Done setting XDC timing constraints.
INFO: [DRC 23-133] Running Methodology with 2 threads
INFO: [Coretcl 2-1520] The results of Report Methodology are in file H:/Xilinx2019.1/lly/NAND_FLASH/NAND_FLASH.runs/impl_1/ZYNQ_wrapper_methodology_drc_routed.rpt.
report_methodology completed successfully
INFO: [runtcl-4] Executing : report_power -file ZYNQ_wrapper_power_routed.rpt -pb ZYNQ_wrapper_power_summary_routed.pb -rpx ZYNQ_wrapper_power_routed.rpx
Command: report_power -file ZYNQ_wrapper_power_routed.rpt -pb ZYNQ_wrapper_power_summary_routed.pb -rpx ZYNQ_wrapper_power_routed.rpx
INFO: [Timing 38-35] Done setting XDC timing constraints.
Running Vector-less Activity Propagation...

Finished Running Vector-less Activity Propagation
89 Infos, 0 Warnings, 0 Critical Warnings and 0 Errors encountered.
report_power completed successfully
INFO: [runtcl-4] Executing : report_route_status -file ZYNQ_wrapper_route_status.rpt -pb ZYNQ_wrapper_route_status.pb
INFO: [runtcl-4] Executing : report_timing_summary -max_paths 10 -file ZYNQ_wrapper_timing_summary_routed.rpt -pb ZYNQ_wrapper_timing_summary_routed.pb -rpx ZYNQ_wrapper_timing_summary_routed.rpx -warn_on_violation 
INFO: [Timing 38-91] UpdateTimingParams: Speed grade: -1, Delay Type: min_max.
INFO: [Timing 38-191] Multithreading enabled for timing update using a maximum of 2 CPUs
INFO: [runtcl-4] Executing : report_incremental_reuse -file ZYNQ_wrapper_incremental_reuse_routed.rpt
INFO: [Vivado_Tcl 4-1062] Incremental flow is disabled. No incremental reuse Info to report.
INFO: [runtcl-4] Executing : report_clock_utilization -file ZYNQ_wrapper_clock_utilization_routed.rpt
INFO: [runtcl-4] Executing : report_bus_skew -warn_on_violation -file ZYNQ_wrapper_bus_skew_routed.rpt -pb ZYNQ_wrapper_bus_skew_routed.pb -rpx ZYNQ_wrapper_bus_skew_routed.rpx
INFO: [Timing 38-91] UpdateTimingParams: Speed grade: -1, Delay Type: min_max.
INFO: [Timing 38-191] Multithreading enabled for timing update using a maximum of 2 CPUs
Command: write_bitstream -force ZYNQ_wrapper.bit
Attempting to get a license for feature 'Implementation' and/or device 'xc7z010'
INFO: [Common 17-349] Got license for feature 'Implementation' and/or device 'xc7z010'
Running DRC as a precondition to command write_bitstream
INFO: [IP_Flow 19-1839] IP Catalog is up to date.
INFO: [DRC 23-27] Running DRC with 2 threads
INFO: [Vivado 12-3199] DRC finished with 0 Errors
INFO: [Vivado 12-3200] Please refer to the DRC report (report_drc) for more information.
INFO: [Designutils 20-2272] Running write_bitstream with 2 threads.
Loading data files...
Loading site data...
Loading route data...
Processing options...
Creating bitmap...
Creating bitstream...
Writing bitstream ./ZYNQ_wrapper.bit...
INFO: [Vivado 12-1842] Bitgen Completed Successfully.
INFO: [Project 1-120] WebTalk data collection is mandatory when using a WebPACK part without a full Vivado license. To see the specific WebTalk data collected for your design, open the usage_statistics_webtalk.html or usage_statistics_webtalk.xml file in the implementation directory.
INFO: [Common 17-186] 'H:/Xilinx2019.1/lly/NAND_FLASH/NAND_FLASH.runs/impl_1/usage_statistics_webtalk.xml' has been successfully sent to Xilinx on Fri Jul 29 11:14:12 2022. For additional details about this file, please refer to the WebTalk help file at H:/Xilinx2019.1/Vivado/2019.1/doc/webtalk_introduction.html.
INFO: [Common 17-83] Releasing license: Implementation
109 Infos, 0 Warnings, 0 Critical Warnings and 0 Errors encountered.
write_bitstream completed successfully
write_bitstream: Time (s): cpu = 00:00:12 ; elapsed = 00:00:16 . Memory (MB): peak = 1997.789 ; gain = 395.613
INFO: [Common 17-206] Exiting Vivado at Fri Jul 29 11:14:13 2022...
