15:37:05 INFO  : Registering command handlers for SDK TCF services
15:37:07 INFO  : Launching XSCT server: xsct.bat -interactive H:\ZYNQ\lly_study_work\DDR3_1bit\DDR3_bit\DDR3_bit.sdk\temp_xsdb_launch_script.tcl
15:37:13 INFO  : XSCT server has started successfully.
15:37:20 INFO  : Successfully done setting XSCT server connection channel  
15:37:20 INFO  : Successfully done setting SDK workspace  
15:37:20 INFO  : Processing command line option -hwspec H:/ZYNQ/lly_study_work/DDR3_1bit/DDR3_bit/DDR3_bit.sdk/ZYNQ_wrapper.hdf.
15:47:02 ERROR : Failed to connect to hardware server on host '127.0.0.1' and port '3121'.
Reason: 'connect -url tcp:127.0.0.1:3121' is cancelled.
15:47:02 INFO  : Issued abort command to xsdb.
15:48:48 INFO  : Connected to target on host '127.0.0.1' and port '3121'.
15:48:49 INFO  : 'targets -set -filter {jtag_cable_name =~ "Digilent JTAG-SMT3 210357A7D00EA" && level==0} -index 1' command is executed.
15:48:50 INFO  : FPGA configured successfully with bitstream "H:/ZYNQ/lly_study_work/DDR3_1bit/DDR3_bit/DDR3_bit.sdk/ZYNQ_wrapper_hw_platform_0/ZYNQ_wrapper.bit"
15:49:15 INFO  : 'targets -set -filter {jtag_cable_name =~ "Digilent JTAG-SMT3 210357A7D00EA" && level==0} -index 1' command is executed.
15:49:15 INFO  : 'fpga -state' command is executed.
15:49:15 INFO  : Connected to target on host '127.0.0.1' and port '3121'.
15:49:15 INFO  : Jtag cable 'Digilent JTAG-SMT3 210357A7D00EA' is selected.
15:49:15 INFO  : 'jtag frequency' command is executed.
15:49:15 INFO  : Sourcing of 'H:/ZYNQ/lly_study_work/DDR3_1bit/DDR3_bit/DDR3_bit.sdk/ZYNQ_wrapper_hw_platform_0/ps7_init.tcl' is done.
15:49:15 INFO  : Context for 'APU' is selected.
15:49:15 INFO  : Hardware design information is loaded from 'H:/ZYNQ/lly_study_work/DDR3_1bit/DDR3_bit/DDR3_bit.sdk/ZYNQ_wrapper_hw_platform_0/system.hdf'.
15:49:15 INFO  : 'configparams force-mem-access 1' command is executed.
15:49:15 INFO  : Context for 'APU' is selected.
15:49:15 INFO  : 'stop' command is executed.
15:49:16 INFO  : 'ps7_init' command is executed.
15:49:16 INFO  : 'ps7_post_config' command is executed.
15:49:16 INFO  : Context for processor 'ps7_cortexa9_0' is selected.
15:49:16 INFO  : Processor reset is completed for 'ps7_cortexa9_0'.
15:49:16 INFO  : Context for processor 'ps7_cortexa9_0' is selected.
15:49:18 ERROR : Memory write error at 0x100000. APB AP transaction error, DAP status f0000021
15:49:18 INFO  : ----------------XSDB Script----------------
connect -url tcp:127.0.0.1:3121
source H:/ZYNQ/lly_study_work/DDR3_1bit/DDR3_bit/DDR3_bit.sdk/ZYNQ_wrapper_hw_platform_0/ps7_init.tcl
targets -set -nocase -filter {name =~"APU*" && jtag_cable_name =~ "Digilent JTAG-SMT3 210357A7D00EA"} -index 0
loadhw -hw H:/ZYNQ/lly_study_work/DDR3_1bit/DDR3_bit/DDR3_bit.sdk/ZYNQ_wrapper_hw_platform_0/system.hdf -mem-ranges [list {0x40000000 0xbfffffff}]
configparams force-mem-access 1
targets -set -nocase -filter {name =~"APU*" && jtag_cable_name =~ "Digilent JTAG-SMT3 210357A7D00EA"} -index 0
stop
ps7_init
ps7_post_config
targets -set -nocase -filter {name =~ "ARM*#0" && jtag_cable_name =~ "Digilent JTAG-SMT3 210357A7D00EA"} -index 0
rst -processor
targets -set -nocase -filter {name =~ "ARM*#0" && jtag_cable_name =~ "Digilent JTAG-SMT3 210357A7D00EA"} -index 0
dow H:/ZYNQ/lly_study_work/DDR3_1bit/DDR3_bit/DDR3_bit.sdk/DDR_TEST/Debug/DDR_TEST.elf
----------------End of Script----------------

15:49:39 INFO  : 'targets -set -filter {jtag_cable_name =~ "Digilent JTAG-SMT3 210357A7D00EA" && level==0} -index 1' command is executed.
15:49:39 INFO  : 'fpga -state' command is executed.
15:49:39 INFO  : Connected to target on host '127.0.0.1' and port '3121'.
15:49:39 INFO  : Jtag cable 'Digilent JTAG-SMT3 210357A7D00EA' is selected.
15:49:39 INFO  : 'jtag frequency' command is executed.
15:49:39 INFO  : Sourcing of 'H:/ZYNQ/lly_study_work/DDR3_1bit/DDR3_bit/DDR3_bit.sdk/ZYNQ_wrapper_hw_platform_0/ps7_init.tcl' is done.
15:49:39 INFO  : Context for 'APU' is selected.
15:49:39 INFO  : Hardware design information is loaded from 'H:/ZYNQ/lly_study_work/DDR3_1bit/DDR3_bit/DDR3_bit.sdk/ZYNQ_wrapper_hw_platform_0/system.hdf'.
15:49:39 INFO  : 'configparams force-mem-access 1' command is executed.
15:49:39 INFO  : Context for 'APU' is selected.
15:49:39 INFO  : 'stop' command is executed.
15:49:39 ERROR : AP transaction error, DAP status f0000021
15:49:39 INFO  : ----------------XSDB Script----------------
connect -url tcp:127.0.0.1:3121
source H:/ZYNQ/lly_study_work/DDR3_1bit/DDR3_bit/DDR3_bit.sdk/ZYNQ_wrapper_hw_platform_0/ps7_init.tcl
targets -set -nocase -filter {name =~"APU*" && jtag_cable_name =~ "Digilent JTAG-SMT3 210357A7D00EA"} -index 0
loadhw -hw H:/ZYNQ/lly_study_work/DDR3_1bit/DDR3_bit/DDR3_bit.sdk/ZYNQ_wrapper_hw_platform_0/system.hdf -mem-ranges [list {0x40000000 0xbfffffff}]
configparams force-mem-access 1
targets -set -nocase -filter {name =~"APU*" && jtag_cable_name =~ "Digilent JTAG-SMT3 210357A7D00EA"} -index 0
stop
ps7_init
----------------End of Script----------------

16:04:47 INFO  : Registering command handlers for SDK TCF services
16:04:50 INFO  : Launching XSCT server: xsct.bat -interactive H:\ZYNQ\lly_study_work\DDR3_1bit\DDR3_bit\DDR3_bit.sdk\temp_xsdb_launch_script.tcl
16:04:57 INFO  : XSCT server has started successfully.
16:04:57 INFO  : Successfully done setting XSCT server connection channel  
16:04:59 INFO  : Successfully done setting SDK workspace  
16:04:59 INFO  : Processing command line option -hwspec H:/ZYNQ/lly_study_work/DDR3_1bit/DDR3_bit/DDR3_bit.sdk/ZYNQ_wrapper.hdf.
16:04:59 INFO  : Checking for hwspec changes in the project ZYNQ_wrapper_hw_platform_0.
16:05:07 INFO  : SDK has detected change in the last modified timestamps for source hardware specification file Source:1661933053492,  Project:1661931162466
16:05:07 INFO  : The hardware specification for project 'ZYNQ_wrapper_hw_platform_0' is different from H:/ZYNQ/lly_study_work/DDR3_1bit/DDR3_bit/DDR3_bit.sdk/ZYNQ_wrapper.hdf.
16:05:07 INFO  : Copied contents of H:/ZYNQ/lly_study_work/DDR3_1bit/DDR3_bit/DDR3_bit.sdk/ZYNQ_wrapper.hdf into \ZYNQ_wrapper_hw_platform_0\system.hdf.
16:05:11 INFO  : Synchronizing projects in the workspace with the hardware platform specification changes.
16:05:21 INFO  : 
16:05:22 INFO  : Updating hardware inferred compiler options for DDR_TEST.
16:05:22 INFO  : Clearing existing target manager status.
16:06:37 INFO  : Connected to target on host '127.0.0.1' and port '3121'.
16:06:37 INFO  : 'targets -set -filter {jtag_cable_name =~ "Digilent JTAG-SMT3 210357A7D00EA" && level==0} -index 1' command is executed.
16:06:38 INFO  : FPGA configured successfully with bitstream "H:/ZYNQ/lly_study_work/DDR3_1bit/DDR3_bit/DDR3_bit.sdk/ZYNQ_wrapper_hw_platform_0/ZYNQ_wrapper.bit"
16:06:54 INFO  : 'targets -set -filter {jtag_cable_name =~ "Digilent JTAG-SMT3 210357A7D00EA" && level==0} -index 1' command is executed.
16:06:54 INFO  : 'fpga -state' command is executed.
16:06:54 INFO  : Connected to target on host '127.0.0.1' and port '3121'.
16:06:54 INFO  : Jtag cable 'Digilent JTAG-SMT3 210357A7D00EA' is selected.
16:06:54 INFO  : 'jtag frequency' command is executed.
16:06:54 INFO  : Sourcing of 'H:/ZYNQ/lly_study_work/DDR3_1bit/DDR3_bit/DDR3_bit.sdk/ZYNQ_wrapper_hw_platform_0/ps7_init.tcl' is done.
16:06:54 INFO  : Context for 'APU' is selected.
16:06:54 INFO  : Hardware design information is loaded from 'H:/ZYNQ/lly_study_work/DDR3_1bit/DDR3_bit/DDR3_bit.sdk/ZYNQ_wrapper_hw_platform_0/system.hdf'.
16:06:54 INFO  : 'configparams force-mem-access 1' command is executed.
16:06:54 INFO  : Context for 'APU' is selected.
16:06:54 INFO  : 'stop' command is executed.
16:06:54 INFO  : 'ps7_init' command is executed.
16:06:54 INFO  : 'ps7_post_config' command is executed.
16:06:54 INFO  : Context for processor 'ps7_cortexa9_0' is selected.
16:06:54 INFO  : Processor reset is completed for 'ps7_cortexa9_0'.
16:06:54 INFO  : Context for processor 'ps7_cortexa9_0' is selected.
16:06:55 INFO  : The application 'H:/ZYNQ/lly_study_work/DDR3_1bit/DDR3_bit/DDR3_bit.sdk/DDR_TEST/Debug/DDR_TEST.elf' is downloaded to processor 'ps7_cortexa9_0'.
16:06:55 INFO  : 'configparams force-mem-access 0' command is executed.
16:06:55 INFO  : ----------------XSDB Script----------------
connect -url tcp:127.0.0.1:3121
source H:/ZYNQ/lly_study_work/DDR3_1bit/DDR3_bit/DDR3_bit.sdk/ZYNQ_wrapper_hw_platform_0/ps7_init.tcl
targets -set -nocase -filter {name =~"APU*" && jtag_cable_name =~ "Digilent JTAG-SMT3 210357A7D00EA"} -index 0
loadhw -hw H:/ZYNQ/lly_study_work/DDR3_1bit/DDR3_bit/DDR3_bit.sdk/ZYNQ_wrapper_hw_platform_0/system.hdf -mem-ranges [list {0x40000000 0xbfffffff}]
configparams force-mem-access 1
targets -set -nocase -filter {name =~"APU*" && jtag_cable_name =~ "Digilent JTAG-SMT3 210357A7D00EA"} -index 0
stop
ps7_init
ps7_post_config
targets -set -nocase -filter {name =~ "ARM*#0" && jtag_cable_name =~ "Digilent JTAG-SMT3 210357A7D00EA"} -index 0
rst -processor
targets -set -nocase -filter {name =~ "ARM*#0" && jtag_cable_name =~ "Digilent JTAG-SMT3 210357A7D00EA"} -index 0
dow H:/ZYNQ/lly_study_work/DDR3_1bit/DDR3_bit/DDR3_bit.sdk/DDR_TEST/Debug/DDR_TEST.elf
configparams force-mem-access 0
----------------End of Script----------------

16:06:55 INFO  : Memory regions updated for context APU
16:06:55 INFO  : Context for processor 'ps7_cortexa9_0' is selected.
16:06:55 INFO  : 'con' command is executed.
16:06:55 INFO  : ----------------XSDB Script (After Launch)----------------
targets -set -nocase -filter {name =~ "ARM*#0" && jtag_cable_name =~ "Digilent JTAG-SMT3 210357A7D00EA"} -index 0
con
----------------End of Script----------------

16:06:55 INFO  : Launch script is exported to file 'H:\ZYNQ\lly_study_work\DDR3_1bit\DDR3_bit\DDR3_bit.sdk\.sdk\launch_scripts\xilinx_c-c++_application_(system_debugger)\system_debugger_using_debug_ddr_test.elf_on_local.tcl'
16:08:51 INFO  : Connected to target on host '127.0.0.1' and port '3121'.
16:08:51 INFO  : 'targets -set -filter {jtag_cable_name =~ "Digilent JTAG-SMT3 210357A7D00EA" && level==0} -index 1' command is executed.
16:08:53 INFO  : FPGA configured successfully with bitstream "H:/ZYNQ/lly_study_work/DDR3_1bit/DDR3_bit/DDR3_bit.sdk/ZYNQ_wrapper_hw_platform_0/ZYNQ_wrapper.bit"
16:09:05 INFO  : Disconnected from the channel tcfchan#1.
16:09:06 INFO  : 'targets -set -filter {jtag_cable_name =~ "Digilent JTAG-SMT3 210357A7D00EA" && level==0} -index 1' command is executed.
16:09:06 INFO  : 'fpga -state' command is executed.
16:09:06 INFO  : Connected to target on host '127.0.0.1' and port '3121'.
16:09:07 INFO  : Jtag cable 'Digilent JTAG-SMT3 210357A7D00EA' is selected.
16:09:07 INFO  : 'jtag frequency' command is executed.
16:09:07 INFO  : Sourcing of 'H:/ZYNQ/lly_study_work/DDR3_1bit/DDR3_bit/DDR3_bit.sdk/ZYNQ_wrapper_hw_platform_0/ps7_init.tcl' is done.
16:09:07 INFO  : Context for 'APU' is selected.
16:09:09 INFO  : Hardware design information is loaded from 'H:/ZYNQ/lly_study_work/DDR3_1bit/DDR3_bit/DDR3_bit.sdk/ZYNQ_wrapper_hw_platform_0/system.hdf'.
16:09:09 INFO  : 'configparams force-mem-access 1' command is executed.
16:09:09 INFO  : Context for 'APU' is selected.
16:09:09 INFO  : 'stop' command is executed.
16:09:09 INFO  : 'ps7_init' command is executed.
16:09:09 INFO  : 'ps7_post_config' command is executed.
16:09:09 INFO  : Context for processor 'ps7_cortexa9_0' is selected.
16:09:09 INFO  : Processor reset is completed for 'ps7_cortexa9_0'.
16:09:09 INFO  : Context for processor 'ps7_cortexa9_0' is selected.
16:09:09 INFO  : The application 'H:/ZYNQ/lly_study_work/DDR3_1bit/DDR3_bit/DDR3_bit.sdk/DDR_TEST/Debug/DDR_TEST.elf' is downloaded to processor 'ps7_cortexa9_0'.
16:09:09 INFO  : 'configparams force-mem-access 0' command is executed.
16:09:09 INFO  : ----------------XSDB Script----------------
connect -url tcp:127.0.0.1:3121
source H:/ZYNQ/lly_study_work/DDR3_1bit/DDR3_bit/DDR3_bit.sdk/ZYNQ_wrapper_hw_platform_0/ps7_init.tcl
targets -set -nocase -filter {name =~"APU*" && jtag_cable_name =~ "Digilent JTAG-SMT3 210357A7D00EA"} -index 0
loadhw -hw H:/ZYNQ/lly_study_work/DDR3_1bit/DDR3_bit/DDR3_bit.sdk/ZYNQ_wrapper_hw_platform_0/system.hdf -mem-ranges [list {0x40000000 0xbfffffff}]
configparams force-mem-access 1
targets -set -nocase -filter {name =~"APU*" && jtag_cable_name =~ "Digilent JTAG-SMT3 210357A7D00EA"} -index 0
stop
ps7_init
ps7_post_config
targets -set -nocase -filter {name =~ "ARM*#0" && jtag_cable_name =~ "Digilent JTAG-SMT3 210357A7D00EA"} -index 0
rst -processor
targets -set -nocase -filter {name =~ "ARM*#0" && jtag_cable_name =~ "Digilent JTAG-SMT3 210357A7D00EA"} -index 0
dow H:/ZYNQ/lly_study_work/DDR3_1bit/DDR3_bit/DDR3_bit.sdk/DDR_TEST/Debug/DDR_TEST.elf
configparams force-mem-access 0
----------------End of Script----------------

16:09:10 INFO  : Memory regions updated for context APU
16:09:10 INFO  : Context for processor 'ps7_cortexa9_0' is selected.
16:09:10 INFO  : 'con' command is executed.
16:09:10 INFO  : ----------------XSDB Script (After Launch)----------------
targets -set -nocase -filter {name =~ "ARM*#0" && jtag_cable_name =~ "Digilent JTAG-SMT3 210357A7D00EA"} -index 0
con
----------------End of Script----------------

16:09:10 INFO  : Launch script is exported to file 'H:\ZYNQ\lly_study_work\DDR3_1bit\DDR3_bit\DDR3_bit.sdk\.sdk\launch_scripts\xilinx_c-c++_application_(system_debugger)\system_debugger_using_debug_ddr_test.elf_on_local.tcl'
16:11:11 INFO  : Disconnected from the channel tcfchan#2.
