21:46:21 INFO  : Registering command handlers for SDK TCF services
21:46:23 INFO  : Launching XSCT server: xsct.bat -interactive H:\Xilinx2019.1\lly\LCD_STUDY\LCD_STUDY.sdk\temp_xsdb_launch_script.tcl
21:46:32 INFO  : XSCT server has started successfully.
21:46:32 INFO  : Successfully done setting XSCT server connection channel  
21:46:33 INFO  : Successfully done setting SDK workspace  
21:46:33 INFO  : Processing command line option -hwspec H:/Xilinx2019.1/lly/LCD_STUDY/LCD_STUDY.sdk/ZYNQ_wrapper.hdf.
21:48:37 INFO  : Connected to target on host '127.0.0.1' and port '3121'.
21:48:38 INFO  : 'targets -set -filter {jtag_cable_name =~ "Digilent JTAG-SMT3 210357A7D00EA" && level==0} -index 1' command is executed.
21:48:40 INFO  : FPGA configured successfully with bitstream "H:/Xilinx2019.1/lly/LCD_STUDY/LCD_STUDY.sdk/ZYNQ_wrapper_hw_platform_0/ZYNQ_wrapper.bit"
21:48:51 INFO  : 'targets -set -filter {jtag_cable_name =~ "Digilent JTAG-SMT3 210357A7D00EA" && level==0} -index 1' command is executed.
21:48:51 INFO  : 'fpga -state' command is executed.
21:48:51 INFO  : Connected to target on host '127.0.0.1' and port '3121'.
21:48:51 INFO  : Jtag cable 'Digilent JTAG-SMT3 210357A7D00EA' is selected.
21:48:51 INFO  : 'jtag frequency' command is executed.
21:48:51 INFO  : Sourcing of 'H:/Xilinx2019.1/lly/LCD_STUDY/LCD_STUDY.sdk/ZYNQ_wrapper_hw_platform_0/ps7_init.tcl' is done.
21:48:51 INFO  : Context for 'APU' is selected.
21:48:51 INFO  : Hardware design information is loaded from 'H:/Xilinx2019.1/lly/LCD_STUDY/LCD_STUDY.sdk/ZYNQ_wrapper_hw_platform_0/system.hdf'.
21:48:51 INFO  : 'configparams force-mem-access 1' command is executed.
21:48:51 INFO  : Context for 'APU' is selected.
21:48:51 INFO  : 'stop' command is executed.
21:48:51 INFO  : 'ps7_init' command is executed.
21:48:51 INFO  : 'ps7_post_config' command is executed.
21:48:51 INFO  : Context for processor 'ps7_cortexa9_0' is selected.
21:48:51 INFO  : Processor reset is completed for 'ps7_cortexa9_0'.
21:48:51 INFO  : Context for processor 'ps7_cortexa9_0' is selected.
21:48:52 INFO  : The application 'H:/Xilinx2019.1/lly/LCD_STUDY/LCD_STUDY.sdk/LCD_TESTT/Debug/LCD_TESTT.elf' is downloaded to processor 'ps7_cortexa9_0'.
21:48:52 INFO  : 'configparams force-mem-access 0' command is executed.
21:48:52 INFO  : ----------------XSDB Script----------------
connect -url tcp:127.0.0.1:3121
source H:/Xilinx2019.1/lly/LCD_STUDY/LCD_STUDY.sdk/ZYNQ_wrapper_hw_platform_0/ps7_init.tcl
targets -set -nocase -filter {name =~"APU*" && jtag_cable_name =~ "Digilent JTAG-SMT3 210357A7D00EA"} -index 0
loadhw -hw H:/Xilinx2019.1/lly/LCD_STUDY/LCD_STUDY.sdk/ZYNQ_wrapper_hw_platform_0/system.hdf -mem-ranges [list {0x40000000 0xbfffffff}]
configparams force-mem-access 1
targets -set -nocase -filter {name =~"APU*" && jtag_cable_name =~ "Digilent JTAG-SMT3 210357A7D00EA"} -index 0
stop
ps7_init
ps7_post_config
targets -set -nocase -filter {name =~ "ARM*#0" && jtag_cable_name =~ "Digilent JTAG-SMT3 210357A7D00EA"} -index 0
rst -processor
targets -set -nocase -filter {name =~ "ARM*#0" && jtag_cable_name =~ "Digilent JTAG-SMT3 210357A7D00EA"} -index 0
dow H:/Xilinx2019.1/lly/LCD_STUDY/LCD_STUDY.sdk/LCD_TESTT/Debug/LCD_TESTT.elf
configparams force-mem-access 0
----------------End of Script----------------

21:48:52 INFO  : Context for processor 'ps7_cortexa9_0' is selected.
21:48:52 INFO  : 'con' command is executed.
21:48:52 INFO  : ----------------XSDB Script (After Launch)----------------
targets -set -nocase -filter {name =~ "ARM*#0" && jtag_cable_name =~ "Digilent JTAG-SMT3 210357A7D00EA"} -index 0
con
----------------End of Script----------------

21:48:52 INFO  : Disconnected from the channel tcfchan#1.
22:17:40 INFO  : Registering command handlers for SDK TCF services
22:17:41 INFO  : Launching XSCT server: xsct.bat -interactive H:\Xilinx2019.1\lly\LCD_STUDY\LCD_STUDY.sdk\temp_xsdb_launch_script.tcl
22:17:49 INFO  : XSCT server has started successfully.
22:17:50 INFO  : Successfully done setting XSCT server connection channel  
22:17:50 INFO  : Successfully done setting SDK workspace  
22:17:50 INFO  : Processing command line option -hwspec H:/Xilinx2019.1/lly/LCD_STUDY/LCD_STUDY.sdk/ZYNQ_wrapper.hdf.
22:17:50 INFO  : Checking for hwspec changes in the project ZYNQ_wrapper_hw_platform_0.
22:17:53 INFO  : SDK has detected change in the last modified timestamps for source hardware specification file Source:1659017822839,  Project:1659015924029
22:17:53 INFO  : The hardware specification for project 'ZYNQ_wrapper_hw_platform_0' is different from H:/Xilinx2019.1/lly/LCD_STUDY/LCD_STUDY.sdk/ZYNQ_wrapper.hdf.
22:17:53 INFO  : Copied contents of H:/Xilinx2019.1/lly/LCD_STUDY/LCD_STUDY.sdk/ZYNQ_wrapper.hdf into \ZYNQ_wrapper_hw_platform_0\system.hdf.
22:17:55 INFO  : Synchronizing projects in the workspace with the hardware platform specification changes.
22:18:04 INFO  : 
22:18:05 INFO  : Updating hardware inferred compiler options for LCD_TESTT.
22:18:05 INFO  : Clearing existing target manager status.
22:23:49 ERROR : Unable to load properties file .sdkproject for project LCD_TT_bsp.
22:26:03 INFO  : Connected to target on host '127.0.0.1' and port '3121'.
22:26:04 INFO  : 'targets -set -filter {jtag_cable_name =~ "Digilent JTAG-SMT3 210357A7D00EA" && level==0} -index 1' command is executed.
22:26:06 INFO  : FPGA configured successfully with bitstream "H:/Xilinx2019.1/lly/LCD_STUDY/LCD_STUDY.sdk/ZYNQ_wrapper_hw_platform_0/ZYNQ_wrapper.bit"
22:26:14 INFO  : 'targets -set -filter {jtag_cable_name =~ "Digilent JTAG-SMT3 210357A7D00EA" && level==0} -index 1' command is executed.
22:26:14 INFO  : 'fpga -state' command is executed.
22:26:14 INFO  : Connected to target on host '127.0.0.1' and port '3121'.
22:26:14 INFO  : Jtag cable 'Digilent JTAG-SMT3 210357A7D00EA' is selected.
22:26:14 INFO  : 'jtag frequency' command is executed.
22:26:14 INFO  : Sourcing of 'H:/Xilinx2019.1/lly/LCD_STUDY/LCD_STUDY.sdk/ZYNQ_wrapper_hw_platform_0/ps7_init.tcl' is done.
22:26:14 INFO  : Context for 'APU' is selected.
22:26:14 INFO  : Hardware design information is loaded from 'H:/Xilinx2019.1/lly/LCD_STUDY/LCD_STUDY.sdk/ZYNQ_wrapper_hw_platform_0/system.hdf'.
22:26:14 INFO  : 'configparams force-mem-access 1' command is executed.
22:26:14 INFO  : Context for 'APU' is selected.
22:26:14 INFO  : 'stop' command is executed.
22:26:14 INFO  : 'ps7_init' command is executed.
22:26:14 INFO  : 'ps7_post_config' command is executed.
22:26:14 INFO  : Context for processor 'ps7_cortexa9_0' is selected.
22:26:14 INFO  : Processor reset is completed for 'ps7_cortexa9_0'.
22:26:15 INFO  : Context for processor 'ps7_cortexa9_0' is selected.
22:26:15 INFO  : The application 'H:/Xilinx2019.1/lly/LCD_STUDY/LCD_STUDY.sdk/LCD_TASK/Debug/LCD_TASK.elf' is downloaded to processor 'ps7_cortexa9_0'.
22:26:15 INFO  : 'configparams force-mem-access 0' command is executed.
22:26:15 INFO  : ----------------XSDB Script----------------
connect -url tcp:127.0.0.1:3121
source H:/Xilinx2019.1/lly/LCD_STUDY/LCD_STUDY.sdk/ZYNQ_wrapper_hw_platform_0/ps7_init.tcl
targets -set -nocase -filter {name =~"APU*" && jtag_cable_name =~ "Digilent JTAG-SMT3 210357A7D00EA"} -index 0
loadhw -hw H:/Xilinx2019.1/lly/LCD_STUDY/LCD_STUDY.sdk/ZYNQ_wrapper_hw_platform_0/system.hdf -mem-ranges [list {0x40000000 0xbfffffff}]
configparams force-mem-access 1
targets -set -nocase -filter {name =~"APU*" && jtag_cable_name =~ "Digilent JTAG-SMT3 210357A7D00EA"} -index 0
stop
ps7_init
ps7_post_config
targets -set -nocase -filter {name =~ "ARM*#0" && jtag_cable_name =~ "Digilent JTAG-SMT3 210357A7D00EA"} -index 0
rst -processor
targets -set -nocase -filter {name =~ "ARM*#0" && jtag_cable_name =~ "Digilent JTAG-SMT3 210357A7D00EA"} -index 0
dow H:/Xilinx2019.1/lly/LCD_STUDY/LCD_STUDY.sdk/LCD_TASK/Debug/LCD_TASK.elf
configparams force-mem-access 0
----------------End of Script----------------

22:26:15 INFO  : Memory regions updated for context APU
22:26:15 INFO  : Context for processor 'ps7_cortexa9_0' is selected.
22:26:15 INFO  : 'con' command is executed.
22:26:15 INFO  : ----------------XSDB Script (After Launch)----------------
targets -set -nocase -filter {name =~ "ARM*#0" && jtag_cable_name =~ "Digilent JTAG-SMT3 210357A7D00EA"} -index 0
con
----------------End of Script----------------

22:26:15 INFO  : Launch script is exported to file 'H:\Xilinx2019.1\lly\LCD_STUDY\LCD_STUDY.sdk\.sdk\launch_scripts\xilinx_c-c++_application_(system_debugger)\system_debugger_using_debug_lcd_task.elf_on_local.tcl'
22:27:06 INFO  : Disconnected from the channel tcfchan#1.
10:13:41 INFO  : Registering command handlers for SDK TCF services
10:13:43 INFO  : Launching XSCT server: xsct.bat -interactive H:\Xilinx2019.1\lly\LCD_STUDY\LCD_STUDY.sdk\temp_xsdb_launch_script.tcl
10:13:57 INFO  : XSCT server has started successfully.
10:13:57 INFO  : Successfully done setting XSCT server connection channel  
10:13:58 INFO  : Successfully done setting SDK workspace  
10:13:58 INFO  : Processing command line option -hwspec H:/Xilinx2019.1/lly/LCD_STUDY/LCD_STUDY.sdk/ZYNQ_wrapper.hdf.
10:13:58 INFO  : Checking for hwspec changes in the project ZYNQ_wrapper_hw_platform_0.
10:17:04 INFO  : Connected to target on host '127.0.0.1' and port '3121'.
10:17:05 INFO  : 'targets -set -filter {jtag_cable_name =~ "Digilent JTAG-SMT3 210357A7D00EA" && level==0} -index 1' command is executed.
10:17:07 INFO  : FPGA configured successfully with bitstream "H:/Xilinx2019.1/lly/LCD_STUDY/LCD_STUDY.sdk/ZYNQ_wrapper_hw_platform_0/ZYNQ_wrapper.bit"
10:17:19 INFO  : 'targets -set -filter {jtag_cable_name =~ "Digilent JTAG-SMT3 210357A7D00EA" && level==0} -index 1' command is executed.
10:17:19 INFO  : 'fpga -state' command is executed.
10:17:19 INFO  : Connected to target on host '127.0.0.1' and port '3121'.
10:17:20 INFO  : Jtag cable 'Digilent JTAG-SMT3 210357A7D00EA' is selected.
10:17:20 INFO  : 'jtag frequency' command is executed.
10:17:20 INFO  : Sourcing of 'H:/Xilinx2019.1/lly/LCD_STUDY/LCD_STUDY.sdk/ZYNQ_wrapper_hw_platform_0/ps7_init.tcl' is done.
10:17:20 INFO  : Context for 'APU' is selected.
10:17:20 INFO  : Hardware design information is loaded from 'H:/Xilinx2019.1/lly/LCD_STUDY/LCD_STUDY.sdk/ZYNQ_wrapper_hw_platform_0/system.hdf'.
10:17:20 INFO  : 'configparams force-mem-access 1' command is executed.
10:17:20 INFO  : Context for 'APU' is selected.
10:17:20 INFO  : 'stop' command is executed.
10:17:20 INFO  : 'ps7_init' command is executed.
10:17:20 INFO  : 'ps7_post_config' command is executed.
10:17:20 INFO  : Context for processor 'ps7_cortexa9_0' is selected.
10:17:20 INFO  : Processor reset is completed for 'ps7_cortexa9_0'.
10:17:20 INFO  : Context for processor 'ps7_cortexa9_0' is selected.
10:17:21 INFO  : The application 'H:/Xilinx2019.1/lly/LCD_STUDY/LCD_STUDY.sdk/LCD_TASK/Debug/LCD_TASK.elf' is downloaded to processor 'ps7_cortexa9_0'.
10:17:21 INFO  : 'configparams force-mem-access 0' command is executed.
10:17:21 INFO  : ----------------XSDB Script----------------
connect -url tcp:127.0.0.1:3121
source H:/Xilinx2019.1/lly/LCD_STUDY/LCD_STUDY.sdk/ZYNQ_wrapper_hw_platform_0/ps7_init.tcl
targets -set -nocase -filter {name =~"APU*" && jtag_cable_name =~ "Digilent JTAG-SMT3 210357A7D00EA"} -index 0
loadhw -hw H:/Xilinx2019.1/lly/LCD_STUDY/LCD_STUDY.sdk/ZYNQ_wrapper_hw_platform_0/system.hdf -mem-ranges [list {0x40000000 0xbfffffff}]
configparams force-mem-access 1
targets -set -nocase -filter {name =~"APU*" && jtag_cable_name =~ "Digilent JTAG-SMT3 210357A7D00EA"} -index 0
stop
ps7_init
ps7_post_config
targets -set -nocase -filter {name =~ "ARM*#0" && jtag_cable_name =~ "Digilent JTAG-SMT3 210357A7D00EA"} -index 0
rst -processor
targets -set -nocase -filter {name =~ "ARM*#0" && jtag_cable_name =~ "Digilent JTAG-SMT3 210357A7D00EA"} -index 0
dow H:/Xilinx2019.1/lly/LCD_STUDY/LCD_STUDY.sdk/LCD_TASK/Debug/LCD_TASK.elf
configparams force-mem-access 0
----------------End of Script----------------

10:17:21 INFO  : Context for processor 'ps7_cortexa9_0' is selected.
10:17:21 INFO  : 'con' command is executed.
10:17:21 INFO  : ----------------XSDB Script (After Launch)----------------
targets -set -nocase -filter {name =~ "ARM*#0" && jtag_cable_name =~ "Digilent JTAG-SMT3 210357A7D00EA"} -index 0
con
----------------End of Script----------------

10:17:21 INFO  : Disconnected from the channel tcfchan#1.
10:19:10 INFO  : Connected to target on host '127.0.0.1' and port '3121'.
10:19:11 INFO  : 'targets -set -filter {jtag_cable_name =~ "Digilent JTAG-SMT3 210357A7D00EA" && level==0} -index 1' command is executed.
10:19:12 INFO  : FPGA configured successfully with bitstream "H:/Xilinx2019.1/lly/LCD_STUDY/LCD_STUDY.sdk/ZYNQ_wrapper_hw_platform_0/ZYNQ_wrapper.bit"
10:19:23 INFO  : 'targets -set -filter {jtag_cable_name =~ "Digilent JTAG-SMT3 210357A7D00EA" && level==0} -index 1' command is executed.
10:19:23 INFO  : 'fpga -state' command is executed.
10:19:23 INFO  : Connected to target on host '127.0.0.1' and port '3121'.
10:19:23 INFO  : Jtag cable 'Digilent JTAG-SMT3 210357A7D00EA' is selected.
10:19:23 INFO  : 'jtag frequency' command is executed.
10:19:23 INFO  : Sourcing of 'H:/Xilinx2019.1/lly/LCD_STUDY/LCD_STUDY.sdk/ZYNQ_wrapper_hw_platform_0/ps7_init.tcl' is done.
10:19:23 INFO  : Context for 'APU' is selected.
10:19:23 INFO  : Hardware design information is loaded from 'H:/Xilinx2019.1/lly/LCD_STUDY/LCD_STUDY.sdk/ZYNQ_wrapper_hw_platform_0/system.hdf'.
10:19:23 INFO  : 'configparams force-mem-access 1' command is executed.
10:19:23 INFO  : Context for 'APU' is selected.
10:19:23 INFO  : 'stop' command is executed.
10:19:23 INFO  : 'ps7_init' command is executed.
10:19:23 INFO  : 'ps7_post_config' command is executed.
10:19:24 INFO  : Context for processor 'ps7_cortexa9_0' is selected.
10:19:24 INFO  : Processor reset is completed for 'ps7_cortexa9_0'.
10:19:24 INFO  : Context for processor 'ps7_cortexa9_0' is selected.
10:19:24 INFO  : The application 'H:/Xilinx2019.1/lly/LCD_STUDY/LCD_STUDY.sdk/LCD_TASK/Debug/LCD_TASK.elf' is downloaded to processor 'ps7_cortexa9_0'.
10:19:24 INFO  : 'configparams force-mem-access 0' command is executed.
10:19:24 INFO  : ----------------XSDB Script----------------
connect -url tcp:127.0.0.1:3121
source H:/Xilinx2019.1/lly/LCD_STUDY/LCD_STUDY.sdk/ZYNQ_wrapper_hw_platform_0/ps7_init.tcl
targets -set -nocase -filter {name =~"APU*" && jtag_cable_name =~ "Digilent JTAG-SMT3 210357A7D00EA"} -index 0
loadhw -hw H:/Xilinx2019.1/lly/LCD_STUDY/LCD_STUDY.sdk/ZYNQ_wrapper_hw_platform_0/system.hdf -mem-ranges [list {0x40000000 0xbfffffff}]
configparams force-mem-access 1
targets -set -nocase -filter {name =~"APU*" && jtag_cable_name =~ "Digilent JTAG-SMT3 210357A7D00EA"} -index 0
stop
ps7_init
ps7_post_config
targets -set -nocase -filter {name =~ "ARM*#0" && jtag_cable_name =~ "Digilent JTAG-SMT3 210357A7D00EA"} -index 0
rst -processor
targets -set -nocase -filter {name =~ "ARM*#0" && jtag_cable_name =~ "Digilent JTAG-SMT3 210357A7D00EA"} -index 0
dow H:/Xilinx2019.1/lly/LCD_STUDY/LCD_STUDY.sdk/LCD_TASK/Debug/LCD_TASK.elf
configparams force-mem-access 0
----------------End of Script----------------

10:19:24 INFO  : Context for processor 'ps7_cortexa9_0' is selected.
10:19:24 INFO  : 'con' command is executed.
10:19:24 INFO  : ----------------XSDB Script (After Launch)----------------
targets -set -nocase -filter {name =~ "ARM*#0" && jtag_cable_name =~ "Digilent JTAG-SMT3 210357A7D00EA"} -index 0
con
----------------End of Script----------------

10:19:24 INFO  : Disconnected from the channel tcfchan#2.
12:08:41 INFO  : Registering command handlers for SDK TCF services
12:08:42 INFO  : Launching XSCT server: xsct.bat -interactive H:\Xilinx2019.1\lly\LCD_STUDY\LCD_STUDY.sdk\temp_xsdb_launch_script.tcl
12:08:48 INFO  : XSCT server has started successfully.
12:08:48 INFO  : Successfully done setting XSCT server connection channel  
12:08:49 INFO  : Successfully done setting SDK workspace  
12:08:49 INFO  : Processing command line option -hwspec H:/Xilinx2019.1/lly/LCD_STUDY/LCD_STUDY.sdk/ZYNQ_wrapper.hdf.
12:08:49 INFO  : Checking for hwspec changes in the project ZYNQ_wrapper_hw_platform_0.
12:09:22 INFO  : Connected to target on host '127.0.0.1' and port '3121'.
12:10:07 INFO  : Connected to target on host '127.0.0.1' and port '3121'.
12:16:55 INFO  : Connected to target on host '127.0.0.1' and port '3121'.
12:16:56 INFO  : 'targets -set -filter {jtag_cable_name =~ "Digilent JTAG-SMT3 210357A7D00EA" && level==0} -index 1' command is executed.
12:16:57 INFO  : FPGA configured successfully with bitstream "H:/Xilinx2019.1/lly/LCD_STUDY/LCD_STUDY.sdk/ZYNQ_wrapper_hw_platform_0/ZYNQ_wrapper.bit"
12:17:20 INFO  : 'targets -set -filter {jtag_cable_name =~ "Digilent JTAG-SMT3 210357A7D00EA" && level==0} -index 1' command is executed.
12:17:20 INFO  : 'fpga -state' command is executed.
12:17:20 INFO  : Connected to target on host '127.0.0.1' and port '3121'.
12:17:21 INFO  : Jtag cable 'Digilent JTAG-SMT3 210357A7D00EA' is selected.
12:17:21 INFO  : 'jtag frequency' command is executed.
12:17:21 INFO  : Sourcing of 'H:/Xilinx2019.1/lly/LCD_STUDY/LCD_STUDY.sdk/ZYNQ_wrapper_hw_platform_0/ps7_init.tcl' is done.
12:17:21 INFO  : Context for 'APU' is selected.
12:17:21 INFO  : Hardware design information is loaded from 'H:/Xilinx2019.1/lly/LCD_STUDY/LCD_STUDY.sdk/ZYNQ_wrapper_hw_platform_0/system.hdf'.
12:17:21 INFO  : 'configparams force-mem-access 1' command is executed.
12:17:21 INFO  : Context for 'APU' is selected.
12:17:21 INFO  : 'stop' command is executed.
12:17:21 INFO  : 'ps7_init' command is executed.
12:17:21 INFO  : 'ps7_post_config' command is executed.
12:17:21 INFO  : Context for processor 'ps7_cortexa9_0' is selected.
12:17:21 INFO  : Processor reset is completed for 'ps7_cortexa9_0'.
12:17:21 INFO  : Context for processor 'ps7_cortexa9_0' is selected.
12:17:21 INFO  : The application 'H:/Xilinx2019.1/lly/LCD_STUDY/LCD_STUDY.sdk/LCD_TASK/Debug/LCD_TASK.elf' is downloaded to processor 'ps7_cortexa9_0'.
12:17:21 INFO  : 'configparams force-mem-access 0' command is executed.
12:17:21 INFO  : ----------------XSDB Script----------------
connect -url tcp:127.0.0.1:3121
source H:/Xilinx2019.1/lly/LCD_STUDY/LCD_STUDY.sdk/ZYNQ_wrapper_hw_platform_0/ps7_init.tcl
targets -set -nocase -filter {name =~"APU*" && jtag_cable_name =~ "Digilent JTAG-SMT3 210357A7D00EA"} -index 0
loadhw -hw H:/Xilinx2019.1/lly/LCD_STUDY/LCD_STUDY.sdk/ZYNQ_wrapper_hw_platform_0/system.hdf -mem-ranges [list {0x40000000 0xbfffffff}]
configparams force-mem-access 1
targets -set -nocase -filter {name =~"APU*" && jtag_cable_name =~ "Digilent JTAG-SMT3 210357A7D00EA"} -index 0
stop
ps7_init
ps7_post_config
targets -set -nocase -filter {name =~ "ARM*#0" && jtag_cable_name =~ "Digilent JTAG-SMT3 210357A7D00EA"} -index 0
rst -processor
targets -set -nocase -filter {name =~ "ARM*#0" && jtag_cable_name =~ "Digilent JTAG-SMT3 210357A7D00EA"} -index 0
dow H:/Xilinx2019.1/lly/LCD_STUDY/LCD_STUDY.sdk/LCD_TASK/Debug/LCD_TASK.elf
configparams force-mem-access 0
----------------End of Script----------------

12:17:22 INFO  : Memory regions updated for context APU
12:17:22 INFO  : Context for processor 'ps7_cortexa9_0' is selected.
12:17:22 INFO  : 'con' command is executed.
12:17:22 INFO  : ----------------XSDB Script (After Launch)----------------
targets -set -nocase -filter {name =~ "ARM*#0" && jtag_cable_name =~ "Digilent JTAG-SMT3 210357A7D00EA"} -index 0
con
----------------End of Script----------------

12:17:22 INFO  : Launch script is exported to file 'H:\Xilinx2019.1\lly\LCD_STUDY\LCD_STUDY.sdk\.sdk\launch_scripts\xilinx_c-c++_application_(system_debugger)\system_debugger_using_debug_lcd_task.elf_on_local.tcl'
12:19:54 INFO  : Disconnected from the channel tcfchan#1.
