10:12:14 INFO  : Registering command handlers for SDK TCF services
10:12:16 INFO  : Launching XSCT server: xsct.bat -interactive H:\Xilinx2019.1\lly\EMIO_UART\EMIO_UART.sdk\temp_xsdb_launch_script.tcl
10:12:20 INFO  : XSCT server has started successfully.
10:12:27 INFO  : Successfully done setting XSCT server connection channel  
10:12:27 INFO  : Successfully done setting SDK workspace  
10:12:27 INFO  : Processing command line option -hwspec H:/Xilinx2019.1/lly/EMIO_UART/EMIO_UART.sdk/ZYNQ_wrapper.hdf.
10:13:55 INFO  : Example project EMIO_UART_bsp_xuartps_hello_world_example_1 has been created successfully.
10:16:57 INFO  : 'targets -set -filter {jtag_cable_name =~ "Digilent JTAG-SMT3 210357A7D00EA" && level==0} -index 1' command is executed.
10:16:57 INFO  : 'fpga -state' command is executed.
10:17:04 INFO  : Connected to target on host '127.0.0.1' and port '3121'.
10:17:04 INFO  : Jtag cable 'Digilent JTAG-SMT3 210357A7D00EA' is selected.
10:17:04 INFO  : 'jtag frequency' command is executed.
10:17:04 INFO  : Sourcing of 'H:/Xilinx2019.1/lly/EMIO_UART/EMIO_UART.sdk/ZYNQ_wrapper_hw_platform_0/ps7_init.tcl' is done.
10:17:04 INFO  : Context for 'APU' is selected.
10:17:04 INFO  : Hardware design information is loaded from 'H:/Xilinx2019.1/lly/EMIO_UART/EMIO_UART.sdk/ZYNQ_wrapper_hw_platform_0/system.hdf'.
10:17:04 INFO  : 'configparams force-mem-access 1' command is executed.
10:17:04 INFO  : Context for 'APU' is selected.
10:17:05 INFO  : 'stop' command is executed.
10:17:05 INFO  : 'ps7_init' command is executed.
10:17:05 INFO  : 'ps7_post_config' command is executed.
10:17:05 INFO  : Context for processor 'ps7_cortexa9_0' is selected.
10:17:05 INFO  : Processor reset is completed for 'ps7_cortexa9_0'.
10:17:05 INFO  : Context for processor 'ps7_cortexa9_0' is selected.
10:17:05 INFO  : The application 'H:/Xilinx2019.1/lly/EMIO_UART/EMIO_UART.sdk/EMIO_UART/Debug/EMIO_UART.elf' is downloaded to processor 'ps7_cortexa9_0'.
10:17:05 INFO  : 'configparams force-mem-access 0' command is executed.
10:17:05 INFO  : ----------------XSDB Script----------------
connect -url tcp:127.0.0.1:3121
source H:/Xilinx2019.1/lly/EMIO_UART/EMIO_UART.sdk/ZYNQ_wrapper_hw_platform_0/ps7_init.tcl
targets -set -nocase -filter {name =~"APU*" && jtag_cable_name =~ "Digilent JTAG-SMT3 210357A7D00EA"} -index 0
loadhw -hw H:/Xilinx2019.1/lly/EMIO_UART/EMIO_UART.sdk/ZYNQ_wrapper_hw_platform_0/system.hdf -mem-ranges [list {0x40000000 0xbfffffff}]
configparams force-mem-access 1
targets -set -nocase -filter {name =~"APU*" && jtag_cable_name =~ "Digilent JTAG-SMT3 210357A7D00EA"} -index 0
stop
ps7_init
ps7_post_config
targets -set -nocase -filter {name =~ "ARM*#0" && jtag_cable_name =~ "Digilent JTAG-SMT3 210357A7D00EA"} -index 0
rst -processor
targets -set -nocase -filter {name =~ "ARM*#0" && jtag_cable_name =~ "Digilent JTAG-SMT3 210357A7D00EA"} -index 0
dow H:/Xilinx2019.1/lly/EMIO_UART/EMIO_UART.sdk/EMIO_UART/Debug/EMIO_UART.elf
configparams force-mem-access 0
----------------End of Script----------------

10:17:05 INFO  : Context for processor 'ps7_cortexa9_0' is selected.
10:17:05 INFO  : 'con' command is executed.
10:17:05 INFO  : ----------------XSDB Script (After Launch)----------------
targets -set -nocase -filter {name =~ "ARM*#0" && jtag_cable_name =~ "Digilent JTAG-SMT3 210357A7D00EA"} -index 0
con
----------------End of Script----------------

10:17:05 INFO  : Disconnected from the channel tcfchan#1.
10:17:49 INFO  : 'targets -set -filter {jtag_cable_name =~ "Digilent JTAG-SMT3 210357A7D00EA" && level==0} -index 1' command is executed.
10:17:49 INFO  : 'fpga -state' command is executed.
10:17:54 INFO  : Connected to target on host '127.0.0.1' and port '3121'.
10:17:55 INFO  : Jtag cable 'Digilent JTAG-SMT3 210357A7D00EA' is selected.
10:17:55 INFO  : 'jtag frequency' command is executed.
10:17:55 INFO  : Sourcing of 'H:/Xilinx2019.1/lly/EMIO_UART/EMIO_UART.sdk/ZYNQ_wrapper_hw_platform_0/ps7_init.tcl' is done.
10:17:55 INFO  : Context for 'APU' is selected.
10:17:55 INFO  : Hardware design information is loaded from 'H:/Xilinx2019.1/lly/EMIO_UART/EMIO_UART.sdk/ZYNQ_wrapper_hw_platform_0/system.hdf'.
10:17:55 INFO  : 'configparams force-mem-access 1' command is executed.
10:17:55 INFO  : Context for 'APU' is selected.
10:17:55 INFO  : 'stop' command is executed.
10:17:55 INFO  : 'ps7_init' command is executed.
10:17:55 INFO  : 'ps7_post_config' command is executed.
10:17:55 INFO  : Context for processor 'ps7_cortexa9_0' is selected.
10:17:55 INFO  : Processor reset is completed for 'ps7_cortexa9_0'.
10:17:55 INFO  : Context for processor 'ps7_cortexa9_0' is selected.
10:17:55 INFO  : The application 'H:/Xilinx2019.1/lly/EMIO_UART/EMIO_UART.sdk/EMIO_UART/Debug/EMIO_UART.elf' is downloaded to processor 'ps7_cortexa9_0'.
10:17:55 INFO  : 'configparams force-mem-access 0' command is executed.
10:17:55 INFO  : ----------------XSDB Script----------------
connect -url tcp:127.0.0.1:3121
source H:/Xilinx2019.1/lly/EMIO_UART/EMIO_UART.sdk/ZYNQ_wrapper_hw_platform_0/ps7_init.tcl
targets -set -nocase -filter {name =~"APU*" && jtag_cable_name =~ "Digilent JTAG-SMT3 210357A7D00EA"} -index 0
loadhw -hw H:/Xilinx2019.1/lly/EMIO_UART/EMIO_UART.sdk/ZYNQ_wrapper_hw_platform_0/system.hdf -mem-ranges [list {0x40000000 0xbfffffff}]
configparams force-mem-access 1
targets -set -nocase -filter {name =~"APU*" && jtag_cable_name =~ "Digilent JTAG-SMT3 210357A7D00EA"} -index 0
stop
ps7_init
ps7_post_config
targets -set -nocase -filter {name =~ "ARM*#0" && jtag_cable_name =~ "Digilent JTAG-SMT3 210357A7D00EA"} -index 0
rst -processor
targets -set -nocase -filter {name =~ "ARM*#0" && jtag_cable_name =~ "Digilent JTAG-SMT3 210357A7D00EA"} -index 0
dow H:/Xilinx2019.1/lly/EMIO_UART/EMIO_UART.sdk/EMIO_UART/Debug/EMIO_UART.elf
configparams force-mem-access 0
----------------End of Script----------------

10:17:55 INFO  : Context for processor 'ps7_cortexa9_0' is selected.
10:17:55 INFO  : 'con' command is executed.
10:17:55 INFO  : ----------------XSDB Script (After Launch)----------------
targets -set -nocase -filter {name =~ "ARM*#0" && jtag_cable_name =~ "Digilent JTAG-SMT3 210357A7D00EA"} -index 0
con
----------------End of Script----------------

10:17:55 INFO  : Disconnected from the channel tcfchan#2.
10:19:53 INFO  : 'targets -set -filter {jtag_cable_name =~ "Digilent JTAG-SMT3 210357A7D00EA" && level==0} -index 1' command is executed.
10:19:53 INFO  : 'fpga -state' command is executed.
10:20:15 INFO  : 'targets -set -filter {jtag_cable_name =~ "Digilent JTAG-SMT3 210357A7D00EA" && level==0} -index 1' command is executed.
10:20:15 INFO  : 'fpga -state' command is executed.
10:20:17 INFO  : Connected to target on host '127.0.0.1' and port '3121'.
10:20:17 INFO  : Jtag cable 'Digilent JTAG-SMT3 210357A7D00EA' is selected.
10:20:17 INFO  : 'jtag frequency' command is executed.
10:20:17 INFO  : Sourcing of 'H:/Xilinx2019.1/lly/EMIO_UART/EMIO_UART.sdk/ZYNQ_wrapper_hw_platform_0/ps7_init.tcl' is done.
10:20:17 INFO  : Context for 'APU' is selected.
10:20:17 INFO  : Hardware design information is loaded from 'H:/Xilinx2019.1/lly/EMIO_UART/EMIO_UART.sdk/ZYNQ_wrapper_hw_platform_0/system.hdf'.
10:20:17 INFO  : 'configparams force-mem-access 1' command is executed.
10:20:17 INFO  : Context for 'APU' is selected.
10:20:17 INFO  : 'stop' command is executed.
10:20:17 INFO  : 'ps7_init' command is executed.
10:20:17 INFO  : 'ps7_post_config' command is executed.
10:20:17 INFO  : Context for processor 'ps7_cortexa9_0' is selected.
10:20:17 INFO  : Processor reset is completed for 'ps7_cortexa9_0'.
10:20:18 INFO  : Context for processor 'ps7_cortexa9_0' is selected.
10:20:18 INFO  : The application 'H:/Xilinx2019.1/lly/EMIO_UART/EMIO_UART.sdk/EMIO_UART/Debug/EMIO_UART.elf' is downloaded to processor 'ps7_cortexa9_0'.
10:20:18 INFO  : 'configparams force-mem-access 0' command is executed.
10:20:18 INFO  : ----------------XSDB Script----------------
connect -url tcp:127.0.0.1:3121
source H:/Xilinx2019.1/lly/EMIO_UART/EMIO_UART.sdk/ZYNQ_wrapper_hw_platform_0/ps7_init.tcl
targets -set -nocase -filter {name =~"APU*" && jtag_cable_name =~ "Digilent JTAG-SMT3 210357A7D00EA"} -index 0
loadhw -hw H:/Xilinx2019.1/lly/EMIO_UART/EMIO_UART.sdk/ZYNQ_wrapper_hw_platform_0/system.hdf -mem-ranges [list {0x40000000 0xbfffffff}]
configparams force-mem-access 1
targets -set -nocase -filter {name =~"APU*" && jtag_cable_name =~ "Digilent JTAG-SMT3 210357A7D00EA"} -index 0
stop
ps7_init
ps7_post_config
targets -set -nocase -filter {name =~ "ARM*#0" && jtag_cable_name =~ "Digilent JTAG-SMT3 210357A7D00EA"} -index 0
rst -processor
targets -set -nocase -filter {name =~ "ARM*#0" && jtag_cable_name =~ "Digilent JTAG-SMT3 210357A7D00EA"} -index 0
dow H:/Xilinx2019.1/lly/EMIO_UART/EMIO_UART.sdk/EMIO_UART/Debug/EMIO_UART.elf
configparams force-mem-access 0
----------------End of Script----------------

10:20:18 INFO  : Context for processor 'ps7_cortexa9_0' is selected.
10:20:18 INFO  : 'con' command is executed.
10:20:18 INFO  : ----------------XSDB Script (After Launch)----------------
targets -set -nocase -filter {name =~ "ARM*#0" && jtag_cable_name =~ "Digilent JTAG-SMT3 210357A7D00EA"} -index 0
con
----------------End of Script----------------

10:20:18 INFO  : Disconnected from the channel tcfchan#3.
10:25:53 INFO  : Registering command handlers for SDK TCF services
10:25:55 INFO  : Launching XSCT server: xsct.bat -interactive H:\Xilinx2019.1\lly\EMIO_UART\EMIO_UART.sdk\temp_xsdb_launch_script.tcl
10:26:02 INFO  : XSCT server has started successfully.
10:26:02 INFO  : Successfully done setting XSCT server connection channel  
10:26:02 INFO  : Successfully done setting SDK workspace  
10:26:02 INFO  : Processing command line option -hwspec H:/Xilinx2019.1/lly/EMIO_UART/EMIO_UART.sdk/ZYNQ_wrapper.hdf.
10:26:02 INFO  : Checking for hwspec changes in the project ZYNQ_wrapper_hw_platform_0.
10:27:22 INFO  : Connected to target on host '127.0.0.1' and port '3121'.
10:27:23 INFO  : Jtag cable 'Digilent JTAG-SMT3 210357A7D00EA' is selected.
10:27:23 INFO  : 'jtag frequency' command is executed.
10:27:23 INFO  : Sourcing of 'H:/Xilinx2019.1/lly/EMIO_UART/EMIO_UART.sdk/ZYNQ_wrapper_hw_platform_0/ps7_init.tcl' is done.
10:27:23 INFO  : Context for 'APU' is selected.
10:27:23 INFO  : System reset is completed.
10:27:26 INFO  : 'after 3000' command is executed.
10:27:26 INFO  : 'targets -set -filter {jtag_cable_name =~ "Digilent JTAG-SMT3 210357A7D00EA" && level==0} -index 1' command is executed.
10:27:28 INFO  : FPGA configured successfully with bitstream "H:/Xilinx2019.1/lly/EMIO_UART/EMIO_UART.sdk/ZYNQ_wrapper_hw_platform_0/ZYNQ_wrapper.bit"
10:27:28 INFO  : Context for 'APU' is selected.
10:27:28 INFO  : Hardware design information is loaded from 'H:/Xilinx2019.1/lly/EMIO_UART/EMIO_UART.sdk/ZYNQ_wrapper_hw_platform_0/system.hdf'.
10:27:28 INFO  : 'configparams force-mem-access 1' command is executed.
10:27:28 INFO  : Context for 'APU' is selected.
10:27:28 INFO  : 'ps7_init' command is executed.
10:27:28 INFO  : 'ps7_post_config' command is executed.
10:27:28 INFO  : Context for processor 'ps7_cortexa9_0' is selected.
10:27:28 INFO  : The application 'H:/Xilinx2019.1/lly/EMIO_UART/EMIO_UART.sdk/EMIO_UART/Debug/EMIO_UART.elf' is downloaded to processor 'ps7_cortexa9_0'.
10:27:28 INFO  : 'configparams force-mem-access 0' command is executed.
10:27:28 INFO  : ----------------XSDB Script----------------
connect -url tcp:127.0.0.1:3121
source H:/Xilinx2019.1/lly/EMIO_UART/EMIO_UART.sdk/ZYNQ_wrapper_hw_platform_0/ps7_init.tcl
targets -set -nocase -filter {name =~"APU*" && jtag_cable_name =~ "Digilent JTAG-SMT3 210357A7D00EA"} -index 0
rst -system
after 3000
targets -set -filter {jtag_cable_name =~ "Digilent JTAG-SMT3 210357A7D00EA" && level==0} -index 1
fpga -file H:/Xilinx2019.1/lly/EMIO_UART/EMIO_UART.sdk/ZYNQ_wrapper_hw_platform_0/ZYNQ_wrapper.bit
targets -set -nocase -filter {name =~"APU*" && jtag_cable_name =~ "Digilent JTAG-SMT3 210357A7D00EA"} -index 0
loadhw -hw H:/Xilinx2019.1/lly/EMIO_UART/EMIO_UART.sdk/ZYNQ_wrapper_hw_platform_0/system.hdf -mem-ranges [list {0x40000000 0xbfffffff}]
configparams force-mem-access 1
targets -set -nocase -filter {name =~"APU*" && jtag_cable_name =~ "Digilent JTAG-SMT3 210357A7D00EA"} -index 0
ps7_init
ps7_post_config
targets -set -nocase -filter {name =~ "ARM*#0" && jtag_cable_name =~ "Digilent JTAG-SMT3 210357A7D00EA"} -index 0
dow H:/Xilinx2019.1/lly/EMIO_UART/EMIO_UART.sdk/EMIO_UART/Debug/EMIO_UART.elf
configparams force-mem-access 0
----------------End of Script----------------

10:27:28 INFO  : Memory regions updated for context APU
10:27:28 INFO  : Context for processor 'ps7_cortexa9_0' is selected.
10:27:28 INFO  : 'con' command is executed.
10:27:28 INFO  : ----------------XSDB Script (After Launch)----------------
targets -set -nocase -filter {name =~ "ARM*#0" && jtag_cable_name =~ "Digilent JTAG-SMT3 210357A7D00EA"} -index 0
con
----------------End of Script----------------

10:27:28 INFO  : Launch script is exported to file 'H:\Xilinx2019.1\lly\EMIO_UART\EMIO_UART.sdk\.sdk\launch_scripts\xilinx_c-c++_application_(system_debugger)\system_debugger_using_debug_emio_uart.elf_on_local.tcl'
10:28:45 INFO  : Example project EMIO_UART_bsp_xuartps_hello_world_example_1 has been created successfully.
10:31:11 INFO  : Connected to target on host '127.0.0.1' and port '3121'.
10:31:12 INFO  : Jtag cable 'Digilent JTAG-SMT3 210357A7D00EA' is selected.
10:31:12 INFO  : 'jtag frequency' command is executed.
10:31:12 INFO  : Sourcing of 'H:/Xilinx2019.1/lly/EMIO_UART/EMIO_UART.sdk/ZYNQ_wrapper_hw_platform_0/ps7_init.tcl' is done.
10:31:12 INFO  : Context for 'APU' is selected.
10:31:12 INFO  : System reset is completed.
10:31:15 INFO  : 'after 3000' command is executed.
10:31:15 INFO  : 'targets -set -filter {jtag_cable_name =~ "Digilent JTAG-SMT3 210357A7D00EA" && level==0} -index 1' command is executed.
10:31:16 INFO  : FPGA configured successfully with bitstream "H:/Xilinx2019.1/lly/EMIO_UART/EMIO_UART.sdk/ZYNQ_wrapper_hw_platform_0/ZYNQ_wrapper.bit"
10:31:16 INFO  : Context for 'APU' is selected.
10:31:16 INFO  : Hardware design information is loaded from 'H:/Xilinx2019.1/lly/EMIO_UART/EMIO_UART.sdk/ZYNQ_wrapper_hw_platform_0/system.hdf'.
10:31:16 INFO  : 'configparams force-mem-access 1' command is executed.
10:31:16 INFO  : Context for 'APU' is selected.
10:31:16 INFO  : 'ps7_init' command is executed.
10:31:16 INFO  : 'ps7_post_config' command is executed.
10:31:16 INFO  : Context for processor 'ps7_cortexa9_0' is selected.
10:31:17 INFO  : The application 'H:/Xilinx2019.1/lly/EMIO_UART/EMIO_UART.sdk/EMIO_UART/Debug/EMIO_UART.elf' is downloaded to processor 'ps7_cortexa9_0'.
10:31:17 INFO  : 'configparams force-mem-access 0' command is executed.
10:31:17 INFO  : ----------------XSDB Script----------------
connect -url tcp:127.0.0.1:3121
source H:/Xilinx2019.1/lly/EMIO_UART/EMIO_UART.sdk/ZYNQ_wrapper_hw_platform_0/ps7_init.tcl
targets -set -nocase -filter {name =~"APU*" && jtag_cable_name =~ "Digilent JTAG-SMT3 210357A7D00EA"} -index 0
rst -system
after 3000
targets -set -filter {jtag_cable_name =~ "Digilent JTAG-SMT3 210357A7D00EA" && level==0} -index 1
fpga -file H:/Xilinx2019.1/lly/EMIO_UART/EMIO_UART.sdk/ZYNQ_wrapper_hw_platform_0/ZYNQ_wrapper.bit
targets -set -nocase -filter {name =~"APU*" && jtag_cable_name =~ "Digilent JTAG-SMT3 210357A7D00EA"} -index 0
loadhw -hw H:/Xilinx2019.1/lly/EMIO_UART/EMIO_UART.sdk/ZYNQ_wrapper_hw_platform_0/system.hdf -mem-ranges [list {0x40000000 0xbfffffff}]
configparams force-mem-access 1
targets -set -nocase -filter {name =~"APU*" && jtag_cable_name =~ "Digilent JTAG-SMT3 210357A7D00EA"} -index 0
ps7_init
ps7_post_config
targets -set -nocase -filter {name =~ "ARM*#0" && jtag_cable_name =~ "Digilent JTAG-SMT3 210357A7D00EA"} -index 0
dow H:/Xilinx2019.1/lly/EMIO_UART/EMIO_UART.sdk/EMIO_UART/Debug/EMIO_UART.elf
configparams force-mem-access 0
----------------End of Script----------------

10:31:17 INFO  : Context for processor 'ps7_cortexa9_0' is selected.
10:31:17 INFO  : 'con' command is executed.
10:31:17 INFO  : ----------------XSDB Script (After Launch)----------------
targets -set -nocase -filter {name =~ "ARM*#0" && jtag_cable_name =~ "Digilent JTAG-SMT3 210357A7D00EA"} -index 0
con
----------------End of Script----------------

10:31:17 INFO  : Disconnected from the channel tcfchan#1.
10:40:51 INFO  : Connected to target on host '127.0.0.1' and port '3121'.
10:40:51 INFO  : Jtag cable 'Digilent JTAG-SMT3 210357A7D00EA' is selected.
10:40:51 INFO  : 'jtag frequency' command is executed.
10:40:51 INFO  : Sourcing of 'H:/Xilinx2019.1/lly/EMIO_UART/EMIO_UART.sdk/ZYNQ_wrapper_hw_platform_0/ps7_init.tcl' is done.
10:40:51 INFO  : Context for 'APU' is selected.
10:40:51 INFO  : System reset is completed.
10:40:54 INFO  : 'after 3000' command is executed.
10:40:54 INFO  : 'targets -set -filter {jtag_cable_name =~ "Digilent JTAG-SMT3 210357A7D00EA" && level==0} -index 1' command is executed.
10:40:55 INFO  : FPGA configured successfully with bitstream "H:/Xilinx2019.1/lly/EMIO_UART/EMIO_UART.sdk/ZYNQ_wrapper_hw_platform_0/ZYNQ_wrapper.bit"
10:40:55 INFO  : Context for 'APU' is selected.
10:40:55 INFO  : Hardware design information is loaded from 'H:/Xilinx2019.1/lly/EMIO_UART/EMIO_UART.sdk/ZYNQ_wrapper_hw_platform_0/system.hdf'.
10:40:55 INFO  : 'configparams force-mem-access 1' command is executed.
10:40:55 INFO  : Context for 'APU' is selected.
10:40:56 INFO  : 'ps7_init' command is executed.
10:40:56 INFO  : 'ps7_post_config' command is executed.
10:40:56 INFO  : Context for processor 'ps7_cortexa9_0' is selected.
10:40:56 INFO  : The application 'H:/Xilinx2019.1/lly/EMIO_UART/EMIO_UART.sdk/EMIO_UART/Debug/EMIO_UART.elf' is downloaded to processor 'ps7_cortexa9_0'.
10:40:56 INFO  : 'configparams force-mem-access 0' command is executed.
10:40:56 INFO  : ----------------XSDB Script----------------
connect -url tcp:127.0.0.1:3121
source H:/Xilinx2019.1/lly/EMIO_UART/EMIO_UART.sdk/ZYNQ_wrapper_hw_platform_0/ps7_init.tcl
targets -set -nocase -filter {name =~"APU*" && jtag_cable_name =~ "Digilent JTAG-SMT3 210357A7D00EA"} -index 0
rst -system
after 3000
targets -set -filter {jtag_cable_name =~ "Digilent JTAG-SMT3 210357A7D00EA" && level==0} -index 1
fpga -file H:/Xilinx2019.1/lly/EMIO_UART/EMIO_UART.sdk/ZYNQ_wrapper_hw_platform_0/ZYNQ_wrapper.bit
targets -set -nocase -filter {name =~"APU*" && jtag_cable_name =~ "Digilent JTAG-SMT3 210357A7D00EA"} -index 0
loadhw -hw H:/Xilinx2019.1/lly/EMIO_UART/EMIO_UART.sdk/ZYNQ_wrapper_hw_platform_0/system.hdf -mem-ranges [list {0x40000000 0xbfffffff}]
configparams force-mem-access 1
targets -set -nocase -filter {name =~"APU*" && jtag_cable_name =~ "Digilent JTAG-SMT3 210357A7D00EA"} -index 0
ps7_init
ps7_post_config
targets -set -nocase -filter {name =~ "ARM*#0" && jtag_cable_name =~ "Digilent JTAG-SMT3 210357A7D00EA"} -index 0
dow H:/Xilinx2019.1/lly/EMIO_UART/EMIO_UART.sdk/EMIO_UART/Debug/EMIO_UART.elf
configparams force-mem-access 0
----------------End of Script----------------

10:40:56 INFO  : Context for processor 'ps7_cortexa9_0' is selected.
10:40:56 INFO  : 'con' command is executed.
10:40:56 INFO  : ----------------XSDB Script (After Launch)----------------
targets -set -nocase -filter {name =~ "ARM*#0" && jtag_cable_name =~ "Digilent JTAG-SMT3 210357A7D00EA"} -index 0
con
----------------End of Script----------------

10:40:56 INFO  : Disconnected from the channel tcfchan#2.
10:41:06 INFO  : Example project EMIO_UART_bsp_xuartps_hello_world_example_2 has been created successfully.
10:41:23 INFO  : Connected to target on host '127.0.0.1' and port '3121'.
10:41:23 INFO  : Jtag cable 'Digilent JTAG-SMT3 210357A7D00EA' is selected.
10:41:23 INFO  : 'jtag frequency' command is executed.
10:41:23 INFO  : Sourcing of 'H:/Xilinx2019.1/lly/EMIO_UART/EMIO_UART.sdk/ZYNQ_wrapper_hw_platform_0/ps7_init.tcl' is done.
10:41:23 INFO  : Context for 'APU' is selected.
10:41:23 INFO  : System reset is completed.
10:41:26 INFO  : 'after 3000' command is executed.
10:41:26 INFO  : 'targets -set -filter {jtag_cable_name =~ "Digilent JTAG-SMT3 210357A7D00EA" && level==0} -index 1' command is executed.
10:41:27 INFO  : FPGA configured successfully with bitstream "H:/Xilinx2019.1/lly/EMIO_UART/EMIO_UART.sdk/ZYNQ_wrapper_hw_platform_0/ZYNQ_wrapper.bit"
10:41:27 INFO  : Context for 'APU' is selected.
10:41:27 INFO  : Hardware design information is loaded from 'H:/Xilinx2019.1/lly/EMIO_UART/EMIO_UART.sdk/ZYNQ_wrapper_hw_platform_0/system.hdf'.
10:41:27 INFO  : 'configparams force-mem-access 1' command is executed.
10:41:27 INFO  : Context for 'APU' is selected.
10:41:28 INFO  : 'ps7_init' command is executed.
10:41:28 INFO  : 'ps7_post_config' command is executed.
10:41:28 INFO  : Context for processor 'ps7_cortexa9_0' is selected.
10:41:28 INFO  : The application 'H:/Xilinx2019.1/lly/EMIO_UART/EMIO_UART.sdk/EMIO_UART/Debug/EMIO_UART.elf' is downloaded to processor 'ps7_cortexa9_0'.
10:41:28 INFO  : 'configparams force-mem-access 0' command is executed.
10:41:28 INFO  : ----------------XSDB Script----------------
connect -url tcp:127.0.0.1:3121
source H:/Xilinx2019.1/lly/EMIO_UART/EMIO_UART.sdk/ZYNQ_wrapper_hw_platform_0/ps7_init.tcl
targets -set -nocase -filter {name =~"APU*" && jtag_cable_name =~ "Digilent JTAG-SMT3 210357A7D00EA"} -index 0
rst -system
after 3000
targets -set -filter {jtag_cable_name =~ "Digilent JTAG-SMT3 210357A7D00EA" && level==0} -index 1
fpga -file H:/Xilinx2019.1/lly/EMIO_UART/EMIO_UART.sdk/ZYNQ_wrapper_hw_platform_0/ZYNQ_wrapper.bit
targets -set -nocase -filter {name =~"APU*" && jtag_cable_name =~ "Digilent JTAG-SMT3 210357A7D00EA"} -index 0
loadhw -hw H:/Xilinx2019.1/lly/EMIO_UART/EMIO_UART.sdk/ZYNQ_wrapper_hw_platform_0/system.hdf -mem-ranges [list {0x40000000 0xbfffffff}]
configparams force-mem-access 1
targets -set -nocase -filter {name =~"APU*" && jtag_cable_name =~ "Digilent JTAG-SMT3 210357A7D00EA"} -index 0
ps7_init
ps7_post_config
targets -set -nocase -filter {name =~ "ARM*#0" && jtag_cable_name =~ "Digilent JTAG-SMT3 210357A7D00EA"} -index 0
dow H:/Xilinx2019.1/lly/EMIO_UART/EMIO_UART.sdk/EMIO_UART/Debug/EMIO_UART.elf
configparams force-mem-access 0
----------------End of Script----------------

10:41:28 INFO  : Context for processor 'ps7_cortexa9_0' is selected.
10:41:28 INFO  : 'con' command is executed.
10:41:28 INFO  : ----------------XSDB Script (After Launch)----------------
targets -set -nocase -filter {name =~ "ARM*#0" && jtag_cable_name =~ "Digilent JTAG-SMT3 210357A7D00EA"} -index 0
con
----------------End of Script----------------

10:41:28 INFO  : Disconnected from the channel tcfchan#3.
10:45:30 INFO  : Connected to target on host '127.0.0.1' and port '3121'.
10:45:30 INFO  : Jtag cable 'Digilent JTAG-SMT3 210357A7D00EA' is selected.
10:45:30 INFO  : 'jtag frequency' command is executed.
10:45:30 INFO  : Sourcing of 'H:/Xilinx2019.1/lly/EMIO_UART/EMIO_UART.sdk/ZYNQ_wrapper_hw_platform_0/ps7_init.tcl' is done.
10:45:30 INFO  : Context for 'APU' is selected.
10:45:30 INFO  : System reset is completed.
10:45:33 INFO  : 'after 3000' command is executed.
10:45:33 INFO  : 'targets -set -filter {jtag_cable_name =~ "Digilent JTAG-SMT3 210357A7D00EA" && level==0} -index 1' command is executed.
10:45:35 INFO  : FPGA configured successfully with bitstream "H:/Xilinx2019.1/lly/EMIO_UART/EMIO_UART.sdk/ZYNQ_wrapper_hw_platform_0/ZYNQ_wrapper.bit"
10:45:35 INFO  : Context for 'APU' is selected.
10:45:35 INFO  : Hardware design information is loaded from 'H:/Xilinx2019.1/lly/EMIO_UART/EMIO_UART.sdk/ZYNQ_wrapper_hw_platform_0/system.hdf'.
10:45:35 INFO  : 'configparams force-mem-access 1' command is executed.
10:45:35 INFO  : Context for 'APU' is selected.
10:45:35 INFO  : 'ps7_init' command is executed.
10:45:35 INFO  : 'ps7_post_config' command is executed.
10:45:35 INFO  : Context for processor 'ps7_cortexa9_0' is selected.
10:45:35 INFO  : The application 'H:/Xilinx2019.1/lly/EMIO_UART/EMIO_UART.sdk/EMIO_UART/Debug/EMIO_UART.elf' is downloaded to processor 'ps7_cortexa9_0'.
10:45:35 INFO  : 'configparams force-mem-access 0' command is executed.
10:45:35 INFO  : ----------------XSDB Script----------------
connect -url tcp:127.0.0.1:3121
source H:/Xilinx2019.1/lly/EMIO_UART/EMIO_UART.sdk/ZYNQ_wrapper_hw_platform_0/ps7_init.tcl
targets -set -nocase -filter {name =~"APU*" && jtag_cable_name =~ "Digilent JTAG-SMT3 210357A7D00EA"} -index 0
rst -system
after 3000
targets -set -filter {jtag_cable_name =~ "Digilent JTAG-SMT3 210357A7D00EA" && level==0} -index 1
fpga -file H:/Xilinx2019.1/lly/EMIO_UART/EMIO_UART.sdk/ZYNQ_wrapper_hw_platform_0/ZYNQ_wrapper.bit
targets -set -nocase -filter {name =~"APU*" && jtag_cable_name =~ "Digilent JTAG-SMT3 210357A7D00EA"} -index 0
loadhw -hw H:/Xilinx2019.1/lly/EMIO_UART/EMIO_UART.sdk/ZYNQ_wrapper_hw_platform_0/system.hdf -mem-ranges [list {0x40000000 0xbfffffff}]
configparams force-mem-access 1
targets -set -nocase -filter {name =~"APU*" && jtag_cable_name =~ "Digilent JTAG-SMT3 210357A7D00EA"} -index 0
ps7_init
ps7_post_config
targets -set -nocase -filter {name =~ "ARM*#0" && jtag_cable_name =~ "Digilent JTAG-SMT3 210357A7D00EA"} -index 0
dow H:/Xilinx2019.1/lly/EMIO_UART/EMIO_UART.sdk/EMIO_UART/Debug/EMIO_UART.elf
configparams force-mem-access 0
----------------End of Script----------------

10:45:35 INFO  : Context for processor 'ps7_cortexa9_0' is selected.
10:45:35 INFO  : 'con' command is executed.
10:45:35 INFO  : ----------------XSDB Script (After Launch)----------------
targets -set -nocase -filter {name =~ "ARM*#0" && jtag_cable_name =~ "Digilent JTAG-SMT3 210357A7D00EA"} -index 0
con
----------------End of Script----------------

10:45:35 INFO  : Disconnected from the channel tcfchan#4.
10:45:50 WARN  : channel "tcfchan#1" closed
