#-----------------------------------------------------------
# Vivado v2019.1 (64-bit)
# SW Build 2552052 on Fri May 24 14:49:42 MDT 2019
# IP Build 2548770 on Fri May 24 18:01:18 MDT 2019
# Start of session at: Fri Jul 29 12:06:00 2022
# Process ID: 18876
# Current directory: H:/Xilinx2019.1/lly/LED_run
# Command line: vivado.exe -gui_launcher_event rodinguilauncherevent12320 H:\Xilinx2019.1\lly\LED_run\LED_run.xpr
# Log file: H:/Xilinx2019.1/lly/LED_run/vivado.log
# Journal file: H:/Xilinx2019.1/lly/LED_run\vivado.jou
#-----------------------------------------------------------
start_gui
open_project H:/Xilinx2019.1/lly/LCD_STUDY/LCD_STUDY.xpr
Scanning sources...
Finished scanning sources
INFO: [IP_Flow 19-234] Refreshing IP repositories
INFO: [IP_Flow 19-1704] No user IP repositories specified
INFO: [IP_Flow 19-2313] Loaded Vivado IP repository 'H:/Xilinx2019.1/Vivado/2019.1/data/ip'.
open_project: Time (s): cpu = 00:00:13 ; elapsed = 00:00:13 . Memory (MB): peak = 789.574 ; gain = 144.551
update_compile_order -fileset sources_1
launch_sdk -workspace H:/Xilinx2019.1/lly/LCD_STUDY/LCD_STUDY.sdk -hwspec H:/Xilinx2019.1/lly/LCD_STUDY/LCD_STUDY.sdk/ZYNQ_wrapper.hdf
INFO: [Vivado 12-393] Launching SDK...
INFO: [Vivado 12-417] Running xsdk -workspace H:/Xilinx2019.1/lly/LCD_STUDY/LCD_STUDY.sdk -hwspec H:/Xilinx2019.1/lly/LCD_STUDY/LCD_STUDY.sdk/ZYNQ_wrapper.hdf
INFO: [Vivado 12-3157] SDK launch initiated. Please check console for any further messages.
exit
INFO: [Common 17-206] Exiting Vivado at Fri Jul 29 12:19:52 2022...
