17:06:12 INFO  : Registering command handlers for SDK TCF services
17:06:15 INFO  : Launching XSCT server: xsct.bat -interactive H:\Xilinx2019.1\lly\PS_PL_REG\PS_PL_REG.sdk\temp_xsdb_launch_script.tcl
17:06:28 INFO  : XSCT server has started successfully.
17:06:28 INFO  : Successfully done setting XSCT server connection channel  
17:06:28 INFO  : Successfully done setting SDK workspace  
17:06:29 INFO  : Processing command line option -hwspec H:/Xilinx2019.1/lly/PS_PL_REG/PS_PL_REG.sdk/ZYNQ_wrapper.hdf.
17:10:51 INFO  : Connected to target on host '127.0.0.1' and port '3121'.
17:10:52 INFO  : 'targets -set -filter {jtag_cable_name =~ "Digilent JTAG-SMT3 210357A7D00EA" && level==0} -index 1' command is executed.
17:10:53 INFO  : FPGA configured successfully with bitstream "H:/Xilinx2019.1/lly/PS_PL_REG/PS_PL_REG.sdk/ZYNQ_wrapper_hw_platform_0/ZYNQ_wrapper.bit"
17:11:00 INFO  : 'targets -set -filter {jtag_cable_name =~ "Digilent JTAG-SMT3 210357A7D00EA" && level==0} -index 1' command is executed.
17:11:00 INFO  : 'fpga -state' command is executed.
17:11:00 INFO  : Connected to target on host '127.0.0.1' and port '3121'.
17:11:00 INFO  : Jtag cable 'Digilent JTAG-SMT3 210357A7D00EA' is selected.
17:11:00 INFO  : 'jtag frequency' command is executed.
17:11:00 INFO  : Sourcing of 'H:/Xilinx2019.1/lly/PS_PL_REG/PS_PL_REG.sdk/ZYNQ_wrapper_hw_platform_0/ps7_init.tcl' is done.
17:11:00 INFO  : Context for 'APU' is selected.
17:11:00 INFO  : Hardware design information is loaded from 'H:/Xilinx2019.1/lly/PS_PL_REG/PS_PL_REG.sdk/ZYNQ_wrapper_hw_platform_0/system.hdf'.
17:11:00 INFO  : 'configparams force-mem-access 1' command is executed.
17:11:00 INFO  : Context for 'APU' is selected.
17:11:00 INFO  : 'stop' command is executed.
17:11:01 INFO  : 'ps7_init' command is executed.
17:11:01 INFO  : 'ps7_post_config' command is executed.
17:11:01 INFO  : Context for processor 'ps7_cortexa9_0' is selected.
17:11:01 INFO  : Processor reset is completed for 'ps7_cortexa9_0'.
17:11:01 INFO  : Context for processor 'ps7_cortexa9_0' is selected.
17:11:01 INFO  : The application 'H:/Xilinx2019.1/lly/PS_PL_REG/PS_PL_REG.sdk/PS_PL_REG_TEST/Debug/PS_PL_REG_TEST.elf' is downloaded to processor 'ps7_cortexa9_0'.
17:11:01 INFO  : 'configparams force-mem-access 0' command is executed.
17:11:01 INFO  : ----------------XSDB Script----------------
connect -url tcp:127.0.0.1:3121
source H:/Xilinx2019.1/lly/PS_PL_REG/PS_PL_REG.sdk/ZYNQ_wrapper_hw_platform_0/ps7_init.tcl
targets -set -nocase -filter {name =~"APU*" && jtag_cable_name =~ "Digilent JTAG-SMT3 210357A7D00EA"} -index 0
loadhw -hw H:/Xilinx2019.1/lly/PS_PL_REG/PS_PL_REG.sdk/ZYNQ_wrapper_hw_platform_0/system.hdf -mem-ranges [list {0x40000000 0xbfffffff}]
configparams force-mem-access 1
targets -set -nocase -filter {name =~"APU*" && jtag_cable_name =~ "Digilent JTAG-SMT3 210357A7D00EA"} -index 0
stop
ps7_init
ps7_post_config
targets -set -nocase -filter {name =~ "ARM*#0" && jtag_cable_name =~ "Digilent JTAG-SMT3 210357A7D00EA"} -index 0
rst -processor
targets -set -nocase -filter {name =~ "ARM*#0" && jtag_cable_name =~ "Digilent JTAG-SMT3 210357A7D00EA"} -index 0
dow H:/Xilinx2019.1/lly/PS_PL_REG/PS_PL_REG.sdk/PS_PL_REG_TEST/Debug/PS_PL_REG_TEST.elf
configparams force-mem-access 0
----------------End of Script----------------

17:11:01 INFO  : Memory regions updated for context APU
17:11:01 INFO  : Context for processor 'ps7_cortexa9_0' is selected.
17:11:01 INFO  : 'con' command is executed.
17:11:01 INFO  : ----------------XSDB Script (After Launch)----------------
targets -set -nocase -filter {name =~ "ARM*#0" && jtag_cable_name =~ "Digilent JTAG-SMT3 210357A7D00EA"} -index 0
con
----------------End of Script----------------

17:11:01 INFO  : Launch script is exported to file 'H:\Xilinx2019.1\lly\PS_PL_REG\PS_PL_REG.sdk\.sdk\launch_scripts\xilinx_c-c++_application_(system_debugger)\system_debugger_using_debug_ps_pl_reg_test.elf_on_local.tcl'
17:11:47 INFO  : Connected to target on host '127.0.0.1' and port '3121'.
17:11:47 INFO  : 'targets -set -filter {jtag_cable_name =~ "Digilent JTAG-SMT3 210357A7D00EA" && level==0} -index 1' command is executed.
17:11:48 INFO  : FPGA configured successfully with bitstream "H:/Xilinx2019.1/lly/PS_PL_REG/PS_PL_REG.sdk/ZYNQ_wrapper_hw_platform_0/ZYNQ_wrapper.bit"
17:11:57 INFO  : Disconnected from the channel tcfchan#1.
17:11:58 INFO  : 'targets -set -filter {jtag_cable_name =~ "Digilent JTAG-SMT3 210357A7D00EA" && level==0} -index 1' command is executed.
17:11:58 INFO  : 'fpga -state' command is executed.
17:11:58 INFO  : Connected to target on host '127.0.0.1' and port '3121'.
17:11:59 INFO  : Jtag cable 'Digilent JTAG-SMT3 210357A7D00EA' is selected.
17:11:59 INFO  : 'jtag frequency' command is executed.
17:11:59 INFO  : Sourcing of 'H:/Xilinx2019.1/lly/PS_PL_REG/PS_PL_REG.sdk/ZYNQ_wrapper_hw_platform_0/ps7_init.tcl' is done.
17:11:59 INFO  : Context for 'APU' is selected.
17:12:00 INFO  : Hardware design information is loaded from 'H:/Xilinx2019.1/lly/PS_PL_REG/PS_PL_REG.sdk/ZYNQ_wrapper_hw_platform_0/system.hdf'.
17:12:00 INFO  : 'configparams force-mem-access 1' command is executed.
17:12:00 INFO  : Context for 'APU' is selected.
17:12:00 INFO  : 'stop' command is executed.
17:12:00 INFO  : 'ps7_init' command is executed.
17:12:00 INFO  : 'ps7_post_config' command is executed.
17:12:00 INFO  : Context for processor 'ps7_cortexa9_0' is selected.
17:12:00 INFO  : Processor reset is completed for 'ps7_cortexa9_0'.
17:12:00 INFO  : Context for processor 'ps7_cortexa9_0' is selected.
17:12:00 INFO  : The application 'H:/Xilinx2019.1/lly/PS_PL_REG/PS_PL_REG.sdk/PS_PL_REG_TEST/Debug/PS_PL_REG_TEST.elf' is downloaded to processor 'ps7_cortexa9_0'.
17:12:00 INFO  : 'configparams force-mem-access 0' command is executed.
17:12:00 INFO  : ----------------XSDB Script----------------
connect -url tcp:127.0.0.1:3121
source H:/Xilinx2019.1/lly/PS_PL_REG/PS_PL_REG.sdk/ZYNQ_wrapper_hw_platform_0/ps7_init.tcl
targets -set -nocase -filter {name =~"APU*" && jtag_cable_name =~ "Digilent JTAG-SMT3 210357A7D00EA"} -index 0
loadhw -hw H:/Xilinx2019.1/lly/PS_PL_REG/PS_PL_REG.sdk/ZYNQ_wrapper_hw_platform_0/system.hdf -mem-ranges [list {0x40000000 0xbfffffff}]
configparams force-mem-access 1
targets -set -nocase -filter {name =~"APU*" && jtag_cable_name =~ "Digilent JTAG-SMT3 210357A7D00EA"} -index 0
stop
ps7_init
ps7_post_config
targets -set -nocase -filter {name =~ "ARM*#0" && jtag_cable_name =~ "Digilent JTAG-SMT3 210357A7D00EA"} -index 0
rst -processor
targets -set -nocase -filter {name =~ "ARM*#0" && jtag_cable_name =~ "Digilent JTAG-SMT3 210357A7D00EA"} -index 0
dow H:/Xilinx2019.1/lly/PS_PL_REG/PS_PL_REG.sdk/PS_PL_REG_TEST/Debug/PS_PL_REG_TEST.elf
configparams force-mem-access 0
----------------End of Script----------------

17:12:00 INFO  : Memory regions updated for context APU
17:12:00 INFO  : Context for processor 'ps7_cortexa9_0' is selected.
17:12:00 INFO  : 'con' command is executed.
17:12:00 INFO  : ----------------XSDB Script (After Launch)----------------
targets -set -nocase -filter {name =~ "ARM*#0" && jtag_cable_name =~ "Digilent JTAG-SMT3 210357A7D00EA"} -index 0
con
----------------End of Script----------------

17:12:00 INFO  : Launch script is exported to file 'H:\Xilinx2019.1\lly\PS_PL_REG\PS_PL_REG.sdk\.sdk\launch_scripts\xilinx_c-c++_application_(system_debugger)\system_debugger_using_debug_ps_pl_reg_test.elf_on_local.tcl'
17:12:33 INFO  : Connected to target on host '127.0.0.1' and port '3121'.
17:12:34 INFO  : 'targets -set -filter {jtag_cable_name =~ "Digilent JTAG-SMT3 210357A7D00EA" && level==0} -index 1' command is executed.
17:12:35 INFO  : FPGA configured successfully with bitstream "H:/Xilinx2019.1/lly/PS_PL_REG/PS_PL_REG.sdk/ZYNQ_wrapper_hw_platform_0/ZYNQ_wrapper.bit"
17:12:46 INFO  : Disconnected from the channel tcfchan#2.
17:12:47 INFO  : 'targets -set -filter {jtag_cable_name =~ "Digilent JTAG-SMT3 210357A7D00EA" && level==0} -index 1' command is executed.
17:12:47 INFO  : 'fpga -state' command is executed.
17:12:47 INFO  : Connected to target on host '127.0.0.1' and port '3121'.
17:12:47 INFO  : Jtag cable 'Digilent JTAG-SMT3 210357A7D00EA' is selected.
17:12:47 INFO  : 'jtag frequency' command is executed.
17:12:47 INFO  : Sourcing of 'H:/Xilinx2019.1/lly/PS_PL_REG/PS_PL_REG.sdk/ZYNQ_wrapper_hw_platform_0/ps7_init.tcl' is done.
17:12:47 INFO  : Context for 'APU' is selected.
17:12:48 INFO  : Hardware design information is loaded from 'H:/Xilinx2019.1/lly/PS_PL_REG/PS_PL_REG.sdk/ZYNQ_wrapper_hw_platform_0/system.hdf'.
17:12:48 INFO  : 'configparams force-mem-access 1' command is executed.
17:12:48 INFO  : Context for 'APU' is selected.
17:12:48 INFO  : 'stop' command is executed.
17:12:49 INFO  : 'ps7_init' command is executed.
17:12:49 INFO  : 'ps7_post_config' command is executed.
17:12:49 INFO  : Context for processor 'ps7_cortexa9_0' is selected.
17:12:49 INFO  : Processor reset is completed for 'ps7_cortexa9_0'.
17:12:49 INFO  : Context for processor 'ps7_cortexa9_0' is selected.
17:12:49 INFO  : The application 'H:/Xilinx2019.1/lly/PS_PL_REG/PS_PL_REG.sdk/PS_PL_REG_TEST/Debug/PS_PL_REG_TEST.elf' is downloaded to processor 'ps7_cortexa9_0'.
17:12:49 INFO  : 'configparams force-mem-access 0' command is executed.
17:12:49 INFO  : ----------------XSDB Script----------------
connect -url tcp:127.0.0.1:3121
source H:/Xilinx2019.1/lly/PS_PL_REG/PS_PL_REG.sdk/ZYNQ_wrapper_hw_platform_0/ps7_init.tcl
targets -set -nocase -filter {name =~"APU*" && jtag_cable_name =~ "Digilent JTAG-SMT3 210357A7D00EA"} -index 0
loadhw -hw H:/Xilinx2019.1/lly/PS_PL_REG/PS_PL_REG.sdk/ZYNQ_wrapper_hw_platform_0/system.hdf -mem-ranges [list {0x40000000 0xbfffffff}]
configparams force-mem-access 1
targets -set -nocase -filter {name =~"APU*" && jtag_cable_name =~ "Digilent JTAG-SMT3 210357A7D00EA"} -index 0
stop
ps7_init
ps7_post_config
targets -set -nocase -filter {name =~ "ARM*#0" && jtag_cable_name =~ "Digilent JTAG-SMT3 210357A7D00EA"} -index 0
rst -processor
targets -set -nocase -filter {name =~ "ARM*#0" && jtag_cable_name =~ "Digilent JTAG-SMT3 210357A7D00EA"} -index 0
dow H:/Xilinx2019.1/lly/PS_PL_REG/PS_PL_REG.sdk/PS_PL_REG_TEST/Debug/PS_PL_REG_TEST.elf
configparams force-mem-access 0
----------------End of Script----------------

17:12:49 INFO  : Memory regions updated for context APU
17:12:49 INFO  : Context for processor 'ps7_cortexa9_0' is selected.
17:12:49 INFO  : 'con' command is executed.
17:12:49 INFO  : ----------------XSDB Script (After Launch)----------------
targets -set -nocase -filter {name =~ "ARM*#0" && jtag_cable_name =~ "Digilent JTAG-SMT3 210357A7D00EA"} -index 0
con
----------------End of Script----------------

17:12:49 INFO  : Launch script is exported to file 'H:\Xilinx2019.1\lly\PS_PL_REG\PS_PL_REG.sdk\.sdk\launch_scripts\xilinx_c-c++_application_(system_debugger)\system_debugger_using_debug_ps_pl_reg_test.elf_on_local.tcl'
17:13:21 INFO  : Connected to target on host '127.0.0.1' and port '3121'.
17:13:21 INFO  : 'targets -set -filter {jtag_cable_name =~ "Digilent JTAG-SMT3 210357A7D00EA" && level==0} -index 1' command is executed.
17:13:23 INFO  : FPGA configured successfully with bitstream "H:/Xilinx2019.1/lly/PS_PL_REG/PS_PL_REG.sdk/ZYNQ_wrapper_hw_platform_0/ZYNQ_wrapper.bit"
17:13:34 INFO  : Disconnected from the channel tcfchan#3.
17:13:35 INFO  : 'targets -set -filter {jtag_cable_name =~ "Digilent JTAG-SMT3 210357A7D00EA" && level==0} -index 1' command is executed.
17:13:35 INFO  : 'fpga -state' command is executed.
17:13:35 INFO  : Connected to target on host '127.0.0.1' and port '3121'.
17:13:35 INFO  : Jtag cable 'Digilent JTAG-SMT3 210357A7D00EA' is selected.
17:13:35 INFO  : 'jtag frequency' command is executed.
17:13:35 INFO  : Sourcing of 'H:/Xilinx2019.1/lly/PS_PL_REG/PS_PL_REG.sdk/ZYNQ_wrapper_hw_platform_0/ps7_init.tcl' is done.
17:13:35 INFO  : Context for 'APU' is selected.
17:13:36 INFO  : Hardware design information is loaded from 'H:/Xilinx2019.1/lly/PS_PL_REG/PS_PL_REG.sdk/ZYNQ_wrapper_hw_platform_0/system.hdf'.
17:13:36 INFO  : 'configparams force-mem-access 1' command is executed.
17:13:36 INFO  : Context for 'APU' is selected.
17:13:36 INFO  : 'stop' command is executed.
17:13:36 INFO  : 'ps7_init' command is executed.
17:13:36 INFO  : 'ps7_post_config' command is executed.
17:13:36 INFO  : Context for processor 'ps7_cortexa9_0' is selected.
17:13:36 INFO  : Processor reset is completed for 'ps7_cortexa9_0'.
17:13:36 INFO  : Context for processor 'ps7_cortexa9_0' is selected.
17:13:36 INFO  : The application 'H:/Xilinx2019.1/lly/PS_PL_REG/PS_PL_REG.sdk/PS_PL_REG_TEST/Debug/PS_PL_REG_TEST.elf' is downloaded to processor 'ps7_cortexa9_0'.
17:13:36 INFO  : 'configparams force-mem-access 0' command is executed.
17:13:36 INFO  : ----------------XSDB Script----------------
connect -url tcp:127.0.0.1:3121
source H:/Xilinx2019.1/lly/PS_PL_REG/PS_PL_REG.sdk/ZYNQ_wrapper_hw_platform_0/ps7_init.tcl
targets -set -nocase -filter {name =~"APU*" && jtag_cable_name =~ "Digilent JTAG-SMT3 210357A7D00EA"} -index 0
loadhw -hw H:/Xilinx2019.1/lly/PS_PL_REG/PS_PL_REG.sdk/ZYNQ_wrapper_hw_platform_0/system.hdf -mem-ranges [list {0x40000000 0xbfffffff}]
configparams force-mem-access 1
targets -set -nocase -filter {name =~"APU*" && jtag_cable_name =~ "Digilent JTAG-SMT3 210357A7D00EA"} -index 0
stop
ps7_init
ps7_post_config
targets -set -nocase -filter {name =~ "ARM*#0" && jtag_cable_name =~ "Digilent JTAG-SMT3 210357A7D00EA"} -index 0
rst -processor
targets -set -nocase -filter {name =~ "ARM*#0" && jtag_cable_name =~ "Digilent JTAG-SMT3 210357A7D00EA"} -index 0
dow H:/Xilinx2019.1/lly/PS_PL_REG/PS_PL_REG.sdk/PS_PL_REG_TEST/Debug/PS_PL_REG_TEST.elf
configparams force-mem-access 0
----------------End of Script----------------

17:13:37 INFO  : Memory regions updated for context APU
17:13:37 INFO  : Context for processor 'ps7_cortexa9_0' is selected.
17:13:37 INFO  : 'con' command is executed.
17:13:37 INFO  : ----------------XSDB Script (After Launch)----------------
targets -set -nocase -filter {name =~ "ARM*#0" && jtag_cable_name =~ "Digilent JTAG-SMT3 210357A7D00EA"} -index 0
con
----------------End of Script----------------

17:13:37 INFO  : Launch script is exported to file 'H:\Xilinx2019.1\lly\PS_PL_REG\PS_PL_REG.sdk\.sdk\launch_scripts\xilinx_c-c++_application_(system_debugger)\system_debugger_using_debug_ps_pl_reg_test.elf_on_local.tcl'
17:18:13 INFO  : Connected to target on host '127.0.0.1' and port '3121'.
17:18:14 INFO  : 'targets -set -filter {jtag_cable_name =~ "Digilent JTAG-SMT3 210357A7D00EA" && level==0} -index 1' command is executed.
17:18:15 INFO  : FPGA configured successfully with bitstream "H:/Xilinx2019.1/lly/PS_PL_REG/PS_PL_REG.sdk/ZYNQ_wrapper_hw_platform_0/ZYNQ_wrapper.bit"
17:19:11 INFO  : Disconnected from the channel tcfchan#4.
17:19:13 INFO  : 'targets -set -filter {jtag_cable_name =~ "Digilent JTAG-SMT3 210357A7D00EA" && level==0} -index 1' command is executed.
17:19:13 INFO  : 'fpga -state' command is executed.
17:19:13 INFO  : Connected to target on host '127.0.0.1' and port '3121'.
17:19:13 INFO  : Jtag cable 'Digilent JTAG-SMT3 210357A7D00EA' is selected.
17:19:13 INFO  : 'jtag frequency' command is executed.
17:19:13 INFO  : Sourcing of 'H:/Xilinx2019.1/lly/PS_PL_REG/PS_PL_REG.sdk/ZYNQ_wrapper_hw_platform_0/ps7_init.tcl' is done.
17:19:13 INFO  : Context for 'APU' is selected.
17:19:14 INFO  : Hardware design information is loaded from 'H:/Xilinx2019.1/lly/PS_PL_REG/PS_PL_REG.sdk/ZYNQ_wrapper_hw_platform_0/system.hdf'.
17:19:14 INFO  : 'configparams force-mem-access 1' command is executed.
17:19:14 INFO  : Context for 'APU' is selected.
17:19:14 INFO  : 'stop' command is executed.
17:19:14 INFO  : 'ps7_init' command is executed.
17:19:14 INFO  : 'ps7_post_config' command is executed.
17:19:14 INFO  : Context for processor 'ps7_cortexa9_0' is selected.
17:19:14 INFO  : Processor reset is completed for 'ps7_cortexa9_0'.
17:19:14 INFO  : Context for processor 'ps7_cortexa9_0' is selected.
17:19:14 INFO  : The application 'H:/Xilinx2019.1/lly/PS_PL_REG/PS_PL_REG.sdk/PS_PL_REG_TEST/Debug/PS_PL_REG_TEST.elf' is downloaded to processor 'ps7_cortexa9_0'.
17:19:14 INFO  : 'configparams force-mem-access 0' command is executed.
17:19:14 INFO  : ----------------XSDB Script----------------
connect -url tcp:127.0.0.1:3121
source H:/Xilinx2019.1/lly/PS_PL_REG/PS_PL_REG.sdk/ZYNQ_wrapper_hw_platform_0/ps7_init.tcl
targets -set -nocase -filter {name =~"APU*" && jtag_cable_name =~ "Digilent JTAG-SMT3 210357A7D00EA"} -index 0
loadhw -hw H:/Xilinx2019.1/lly/PS_PL_REG/PS_PL_REG.sdk/ZYNQ_wrapper_hw_platform_0/system.hdf -mem-ranges [list {0x40000000 0xbfffffff}]
configparams force-mem-access 1
targets -set -nocase -filter {name =~"APU*" && jtag_cable_name =~ "Digilent JTAG-SMT3 210357A7D00EA"} -index 0
stop
ps7_init
ps7_post_config
targets -set -nocase -filter {name =~ "ARM*#0" && jtag_cable_name =~ "Digilent JTAG-SMT3 210357A7D00EA"} -index 0
rst -processor
targets -set -nocase -filter {name =~ "ARM*#0" && jtag_cable_name =~ "Digilent JTAG-SMT3 210357A7D00EA"} -index 0
dow H:/Xilinx2019.1/lly/PS_PL_REG/PS_PL_REG.sdk/PS_PL_REG_TEST/Debug/PS_PL_REG_TEST.elf
configparams force-mem-access 0
----------------End of Script----------------

17:19:14 INFO  : Memory regions updated for context APU
17:19:14 INFO  : Context for processor 'ps7_cortexa9_0' is selected.
17:19:14 INFO  : 'con' command is executed.
17:19:14 INFO  : ----------------XSDB Script (After Launch)----------------
targets -set -nocase -filter {name =~ "ARM*#0" && jtag_cable_name =~ "Digilent JTAG-SMT3 210357A7D00EA"} -index 0
con
----------------End of Script----------------

17:19:14 INFO  : Launch script is exported to file 'H:\Xilinx2019.1\lly\PS_PL_REG\PS_PL_REG.sdk\.sdk\launch_scripts\xilinx_c-c++_application_(system_debugger)\system_debugger_using_debug_ps_pl_reg_test.elf_on_local.tcl'
17:19:30 INFO  : Connected to target on host '127.0.0.1' and port '3121'.
17:22:42 INFO  : Connected to target on host '127.0.0.1' and port '3121'.
17:23:07 INFO  : Disconnected from the channel tcfchan#5.
17:23:08 INFO  : 'targets -set -filter {jtag_cable_name =~ "Digilent JTAG-SMT3 210357A7D00EA" && level==0} -index 1' command is executed.
17:23:08 INFO  : 'fpga -state' command is executed.
17:23:12 INFO  : Connected to target on host '127.0.0.1' and port '3121'.
17:23:12 INFO  : Jtag cable 'Digilent JTAG-SMT3 210357A7D00EA' is selected.
17:23:12 INFO  : 'jtag frequency' command is executed.
17:23:12 INFO  : Sourcing of 'H:/Xilinx2019.1/lly/PS_PL_REG/PS_PL_REG.sdk/ZYNQ_wrapper_hw_platform_0/ps7_init.tcl' is done.
17:23:12 INFO  : Context for 'APU' is selected.
17:23:13 INFO  : Hardware design information is loaded from 'H:/Xilinx2019.1/lly/PS_PL_REG/PS_PL_REG.sdk/ZYNQ_wrapper_hw_platform_0/system.hdf'.
17:23:13 INFO  : 'configparams force-mem-access 1' command is executed.
17:23:13 INFO  : Context for 'APU' is selected.
17:23:13 INFO  : 'stop' command is executed.
17:23:14 INFO  : 'ps7_init' command is executed.
17:23:14 INFO  : 'ps7_post_config' command is executed.
17:23:14 INFO  : Context for processor 'ps7_cortexa9_0' is selected.
17:23:14 INFO  : Processor reset is completed for 'ps7_cortexa9_0'.
17:23:14 INFO  : Context for processor 'ps7_cortexa9_0' is selected.
17:23:14 INFO  : The application 'H:/Xilinx2019.1/lly/PS_PL_REG/PS_PL_REG.sdk/PS_PL_REG_TEST/Debug/PS_PL_REG_TEST.elf' is downloaded to processor 'ps7_cortexa9_0'.
17:23:14 INFO  : 'configparams force-mem-access 0' command is executed.
17:23:14 INFO  : ----------------XSDB Script----------------
connect -url tcp:127.0.0.1:3121
source H:/Xilinx2019.1/lly/PS_PL_REG/PS_PL_REG.sdk/ZYNQ_wrapper_hw_platform_0/ps7_init.tcl
targets -set -nocase -filter {name =~"APU*" && jtag_cable_name =~ "Digilent JTAG-SMT3 210357A7D00EA"} -index 0
loadhw -hw H:/Xilinx2019.1/lly/PS_PL_REG/PS_PL_REG.sdk/ZYNQ_wrapper_hw_platform_0/system.hdf -mem-ranges [list {0x40000000 0xbfffffff}]
configparams force-mem-access 1
targets -set -nocase -filter {name =~"APU*" && jtag_cable_name =~ "Digilent JTAG-SMT3 210357A7D00EA"} -index 0
stop
ps7_init
ps7_post_config
targets -set -nocase -filter {name =~ "ARM*#0" && jtag_cable_name =~ "Digilent JTAG-SMT3 210357A7D00EA"} -index 0
rst -processor
targets -set -nocase -filter {name =~ "ARM*#0" && jtag_cable_name =~ "Digilent JTAG-SMT3 210357A7D00EA"} -index 0
dow H:/Xilinx2019.1/lly/PS_PL_REG/PS_PL_REG.sdk/PS_PL_REG_TEST/Debug/PS_PL_REG_TEST.elf
configparams force-mem-access 0
----------------End of Script----------------

17:23:14 INFO  : Memory regions updated for context APU
17:23:14 INFO  : Context for processor 'ps7_cortexa9_0' is selected.
17:23:14 INFO  : 'con' command is executed.
17:23:14 INFO  : ----------------XSDB Script (After Launch)----------------
targets -set -nocase -filter {name =~ "ARM*#0" && jtag_cable_name =~ "Digilent JTAG-SMT3 210357A7D00EA"} -index 0
con
----------------End of Script----------------

17:23:14 INFO  : Launch script is exported to file 'H:\Xilinx2019.1\lly\PS_PL_REG\PS_PL_REG.sdk\.sdk\launch_scripts\xilinx_c-c++_application_(system_debugger)\system_debugger_using_debug_ps_pl_reg_test.elf_on_local.tcl'
17:23:29 INFO  : Connected to target on host '127.0.0.1' and port '3121'.
17:23:29 INFO  : 'targets -set -filter {jtag_cable_name =~ "Digilent JTAG-SMT3 210357A7D00EA" && level==0} -index 1' command is executed.
17:23:30 INFO  : FPGA configured successfully with bitstream "H:/Xilinx2019.1/lly/PS_PL_REG/PS_PL_REG.sdk/ZYNQ_wrapper_hw_platform_0/ZYNQ_wrapper.bit"
17:24:00 INFO  : Disconnected from the channel tcfchan#6.
17:24:01 INFO  : 'targets -set -filter {jtag_cable_name =~ "Digilent JTAG-SMT3 210357A7D00EA" && level==0} -index 1' command is executed.
17:24:01 INFO  : 'fpga -state' command is executed.
17:24:01 INFO  : Connected to target on host '127.0.0.1' and port '3121'.
17:24:01 INFO  : Jtag cable 'Digilent JTAG-SMT3 210357A7D00EA' is selected.
17:24:01 INFO  : 'jtag frequency' command is executed.
17:24:01 INFO  : Sourcing of 'H:/Xilinx2019.1/lly/PS_PL_REG/PS_PL_REG.sdk/ZYNQ_wrapper_hw_platform_0/ps7_init.tcl' is done.
17:24:01 INFO  : Context for 'APU' is selected.
17:24:02 INFO  : Hardware design information is loaded from 'H:/Xilinx2019.1/lly/PS_PL_REG/PS_PL_REG.sdk/ZYNQ_wrapper_hw_platform_0/system.hdf'.
17:24:02 INFO  : 'configparams force-mem-access 1' command is executed.
17:24:02 INFO  : Context for 'APU' is selected.
17:24:02 INFO  : 'stop' command is executed.
17:24:03 INFO  : 'ps7_init' command is executed.
17:24:03 INFO  : 'ps7_post_config' command is executed.
17:24:03 INFO  : Context for processor 'ps7_cortexa9_0' is selected.
17:24:03 INFO  : Processor reset is completed for 'ps7_cortexa9_0'.
17:24:03 INFO  : Context for processor 'ps7_cortexa9_0' is selected.
17:24:03 INFO  : The application 'H:/Xilinx2019.1/lly/PS_PL_REG/PS_PL_REG.sdk/PS_PL_REG_TEST/Debug/PS_PL_REG_TEST.elf' is downloaded to processor 'ps7_cortexa9_0'.
17:24:03 INFO  : 'configparams force-mem-access 0' command is executed.
17:24:03 INFO  : ----------------XSDB Script----------------
connect -url tcp:127.0.0.1:3121
source H:/Xilinx2019.1/lly/PS_PL_REG/PS_PL_REG.sdk/ZYNQ_wrapper_hw_platform_0/ps7_init.tcl
targets -set -nocase -filter {name =~"APU*" && jtag_cable_name =~ "Digilent JTAG-SMT3 210357A7D00EA"} -index 0
loadhw -hw H:/Xilinx2019.1/lly/PS_PL_REG/PS_PL_REG.sdk/ZYNQ_wrapper_hw_platform_0/system.hdf -mem-ranges [list {0x40000000 0xbfffffff}]
configparams force-mem-access 1
targets -set -nocase -filter {name =~"APU*" && jtag_cable_name =~ "Digilent JTAG-SMT3 210357A7D00EA"} -index 0
stop
ps7_init
ps7_post_config
targets -set -nocase -filter {name =~ "ARM*#0" && jtag_cable_name =~ "Digilent JTAG-SMT3 210357A7D00EA"} -index 0
rst -processor
targets -set -nocase -filter {name =~ "ARM*#0" && jtag_cable_name =~ "Digilent JTAG-SMT3 210357A7D00EA"} -index 0
dow H:/Xilinx2019.1/lly/PS_PL_REG/PS_PL_REG.sdk/PS_PL_REG_TEST/Debug/PS_PL_REG_TEST.elf
configparams force-mem-access 0
----------------End of Script----------------

17:24:03 INFO  : Memory regions updated for context APU
17:24:03 INFO  : Context for processor 'ps7_cortexa9_0' is selected.
17:24:03 INFO  : 'con' command is executed.
17:24:03 INFO  : ----------------XSDB Script (After Launch)----------------
targets -set -nocase -filter {name =~ "ARM*#0" && jtag_cable_name =~ "Digilent JTAG-SMT3 210357A7D00EA"} -index 0
con
----------------End of Script----------------

17:24:03 INFO  : Launch script is exported to file 'H:\Xilinx2019.1\lly\PS_PL_REG\PS_PL_REG.sdk\.sdk\launch_scripts\xilinx_c-c++_application_(system_debugger)\system_debugger_using_debug_ps_pl_reg_test.elf_on_local.tcl'
17:31:45 INFO  : Connected to target on host '127.0.0.1' and port '3121'.
17:31:45 INFO  : 'targets -set -filter {jtag_cable_name =~ "Digilent JTAG-SMT3 210357A7D00EA" && level==0} -index 1' command is executed.
17:31:47 INFO  : FPGA configured successfully with bitstream "H:/Xilinx2019.1/lly/PS_PL_REG/PS_PL_REG.sdk/ZYNQ_wrapper_hw_platform_0/ZYNQ_wrapper.bit"
17:31:52 INFO  : Disconnected from the channel tcfchan#7.
17:31:53 INFO  : 'targets -set -filter {jtag_cable_name =~ "Digilent JTAG-SMT3 210357A7D00EA" && level==0} -index 1' command is executed.
17:31:53 INFO  : 'fpga -state' command is executed.
17:31:53 INFO  : Connected to target on host '127.0.0.1' and port '3121'.
17:31:54 INFO  : Jtag cable 'Digilent JTAG-SMT3 210357A7D00EA' is selected.
17:31:54 INFO  : 'jtag frequency' command is executed.
17:31:54 INFO  : Sourcing of 'H:/Xilinx2019.1/lly/PS_PL_REG/PS_PL_REG.sdk/ZYNQ_wrapper_hw_platform_0/ps7_init.tcl' is done.
17:31:54 INFO  : Context for 'APU' is selected.
17:31:55 INFO  : Hardware design information is loaded from 'H:/Xilinx2019.1/lly/PS_PL_REG/PS_PL_REG.sdk/ZYNQ_wrapper_hw_platform_0/system.hdf'.
17:31:55 INFO  : 'configparams force-mem-access 1' command is executed.
17:31:55 INFO  : Context for 'APU' is selected.
17:31:55 INFO  : 'stop' command is executed.
17:31:55 INFO  : 'ps7_init' command is executed.
17:31:55 INFO  : 'ps7_post_config' command is executed.
17:31:55 INFO  : Context for processor 'ps7_cortexa9_0' is selected.
17:31:55 INFO  : Processor reset is completed for 'ps7_cortexa9_0'.
17:31:55 INFO  : Context for processor 'ps7_cortexa9_0' is selected.
17:31:55 INFO  : The application 'H:/Xilinx2019.1/lly/PS_PL_REG/PS_PL_REG.sdk/PS_PL_REG_TEST/Debug/PS_PL_REG_TEST.elf' is downloaded to processor 'ps7_cortexa9_0'.
17:31:55 INFO  : 'configparams force-mem-access 0' command is executed.
17:31:55 INFO  : ----------------XSDB Script----------------
connect -url tcp:127.0.0.1:3121
source H:/Xilinx2019.1/lly/PS_PL_REG/PS_PL_REG.sdk/ZYNQ_wrapper_hw_platform_0/ps7_init.tcl
targets -set -nocase -filter {name =~"APU*" && jtag_cable_name =~ "Digilent JTAG-SMT3 210357A7D00EA"} -index 0
loadhw -hw H:/Xilinx2019.1/lly/PS_PL_REG/PS_PL_REG.sdk/ZYNQ_wrapper_hw_platform_0/system.hdf -mem-ranges [list {0x40000000 0xbfffffff}]
configparams force-mem-access 1
targets -set -nocase -filter {name =~"APU*" && jtag_cable_name =~ "Digilent JTAG-SMT3 210357A7D00EA"} -index 0
stop
ps7_init
ps7_post_config
targets -set -nocase -filter {name =~ "ARM*#0" && jtag_cable_name =~ "Digilent JTAG-SMT3 210357A7D00EA"} -index 0
rst -processor
targets -set -nocase -filter {name =~ "ARM*#0" && jtag_cable_name =~ "Digilent JTAG-SMT3 210357A7D00EA"} -index 0
dow H:/Xilinx2019.1/lly/PS_PL_REG/PS_PL_REG.sdk/PS_PL_REG_TEST/Debug/PS_PL_REG_TEST.elf
configparams force-mem-access 0
----------------End of Script----------------

17:31:55 INFO  : Memory regions updated for context APU
17:31:55 INFO  : Context for processor 'ps7_cortexa9_0' is selected.
17:31:55 INFO  : 'con' command is executed.
17:31:55 INFO  : ----------------XSDB Script (After Launch)----------------
targets -set -nocase -filter {name =~ "ARM*#0" && jtag_cable_name =~ "Digilent JTAG-SMT3 210357A7D00EA"} -index 0
con
----------------End of Script----------------

17:31:55 INFO  : Launch script is exported to file 'H:\Xilinx2019.1\lly\PS_PL_REG\PS_PL_REG.sdk\.sdk\launch_scripts\xilinx_c-c++_application_(system_debugger)\system_debugger_using_debug_ps_pl_reg_test.elf_on_local.tcl'
17:32:18 INFO  : Disconnected from the channel tcfchan#8.
17:32:19 INFO  : Connected to target on host '127.0.0.1' and port '3121'.
17:32:19 INFO  : Jtag cable 'Digilent JTAG-SMT3 210357A7D00EA' is selected.
17:32:19 INFO  : 'jtag frequency' command is executed.
17:32:19 INFO  : Sourcing of 'H:/Xilinx2019.1/lly/PS_PL_REG/PS_PL_REG.sdk/ZYNQ_wrapper_hw_platform_0/ps7_init.tcl' is done.
17:32:19 INFO  : Context for 'APU' is selected.
17:32:19 INFO  : System reset is completed.
17:32:22 INFO  : 'after 3000' command is executed.
17:32:22 INFO  : 'targets -set -filter {jtag_cable_name =~ "Digilent JTAG-SMT3 210357A7D00EA" && level==0} -index 1' command is executed.
17:32:24 INFO  : FPGA configured successfully with bitstream "H:/Xilinx2019.1/lly/PS_PL_REG/PS_PL_REG.sdk/ZYNQ_wrapper_hw_platform_0/ZYNQ_wrapper.bit"
17:32:24 INFO  : Context for 'APU' is selected.
17:32:25 INFO  : Hardware design information is loaded from 'H:/Xilinx2019.1/lly/PS_PL_REG/PS_PL_REG.sdk/ZYNQ_wrapper_hw_platform_0/system.hdf'.
17:32:25 INFO  : 'configparams force-mem-access 1' command is executed.
17:32:25 INFO  : Context for 'APU' is selected.
17:32:25 INFO  : 'ps7_init' command is executed.
17:32:25 INFO  : 'ps7_post_config' command is executed.
17:32:25 INFO  : Context for processor 'ps7_cortexa9_0' is selected.
17:32:25 INFO  : The application 'H:/Xilinx2019.1/lly/PS_PL_REG/PS_PL_REG.sdk/PS_PL_REG_TEST/Debug/PS_PL_REG_TEST.elf' is downloaded to processor 'ps7_cortexa9_0'.
17:32:25 INFO  : 'configparams force-mem-access 0' command is executed.
17:32:25 INFO  : ----------------XSDB Script----------------
connect -url tcp:127.0.0.1:3121
source H:/Xilinx2019.1/lly/PS_PL_REG/PS_PL_REG.sdk/ZYNQ_wrapper_hw_platform_0/ps7_init.tcl
targets -set -nocase -filter {name =~"APU*" && jtag_cable_name =~ "Digilent JTAG-SMT3 210357A7D00EA"} -index 0
rst -system
after 3000
targets -set -filter {jtag_cable_name =~ "Digilent JTAG-SMT3 210357A7D00EA" && level==0} -index 1
fpga -file H:/Xilinx2019.1/lly/PS_PL_REG/PS_PL_REG.sdk/ZYNQ_wrapper_hw_platform_0/ZYNQ_wrapper.bit
targets -set -nocase -filter {name =~"APU*" && jtag_cable_name =~ "Digilent JTAG-SMT3 210357A7D00EA"} -index 0
loadhw -hw H:/Xilinx2019.1/lly/PS_PL_REG/PS_PL_REG.sdk/ZYNQ_wrapper_hw_platform_0/system.hdf -mem-ranges [list {0x40000000 0xbfffffff}]
configparams force-mem-access 1
targets -set -nocase -filter {name =~"APU*" && jtag_cable_name =~ "Digilent JTAG-SMT3 210357A7D00EA"} -index 0
ps7_init
ps7_post_config
targets -set -nocase -filter {name =~ "ARM*#0" && jtag_cable_name =~ "Digilent JTAG-SMT3 210357A7D00EA"} -index 0
dow H:/Xilinx2019.1/lly/PS_PL_REG/PS_PL_REG.sdk/PS_PL_REG_TEST/Debug/PS_PL_REG_TEST.elf
configparams force-mem-access 0
----------------End of Script----------------

17:32:25 INFO  : Memory regions updated for context APU
17:32:25 INFO  : Context for processor 'ps7_cortexa9_0' is selected.
17:32:25 INFO  : 'con' command is executed.
17:32:25 INFO  : ----------------XSDB Script (After Launch)----------------
targets -set -nocase -filter {name =~ "ARM*#0" && jtag_cable_name =~ "Digilent JTAG-SMT3 210357A7D00EA"} -index 0
con
----------------End of Script----------------

17:32:25 INFO  : Launch script is exported to file 'H:\Xilinx2019.1\lly\PS_PL_REG\PS_PL_REG.sdk\.sdk\launch_scripts\xilinx_c-c++_application_(system_debugger)\system_debugger_using_debug_ps_pl_reg_test.elf_on_local.tcl'
17:33:47 INFO  : Disconnected from the channel tcfchan#9.
