#-----------------------------------------------------------
# Vivado v2019.1 (64-bit)
# SW Build 2552052 on Fri May 24 14:49:42 MDT 2019
# IP Build 2548770 on Fri May 24 18:01:18 MDT 2019
# Start of session at: Sun Aug 14 10:26:38 2022
# Process ID: 18228
# Current directory: H:/Xilinx2019.1/lly/HDMI_colorRGB
# Command line: vivado.exe -gui_launcher_event rodinguilauncherevent2204 H:\Xilinx2019.1\lly\HDMI_colorRGB\HDMI_colorRGB.xpr
# Log file: H:/Xilinx2019.1/lly/HDMI_colorRGB/vivado.log
# Journal file: H:/Xilinx2019.1/lly/HDMI_colorRGB\vivado.jou
#-----------------------------------------------------------
start_gui
open_project H:/Xilinx2019.1/lly/HDMI_colorRGB/HDMI_colorRGB.xpr
Scanning sources...
Finished scanning sources
INFO: [IP_Flow 19-234] Refreshing IP repositories
INFO: [IP_Flow 19-1700] Loaded user IP repository 'c:/Users/LLYţ/Desktop/FPGAstudy/HDMI/rgb2dvi/rgb2dvi'.
INFO: [IP_Flow 19-2313] Loaded Vivado IP repository 'H:/Xilinx2019.1/Vivado/2019.1/data/ip'.
open_project: Time (s): cpu = 00:00:12 ; elapsed = 00:00:18 . Memory (MB): peak = 804.379 ; gain = 190.910
update_compile_order -fileset sources_1
reset_run synth_1
launch_runs synth_1 -jobs 4
[Sun Aug 14 10:28:25 2022] Launched synth_1...
Run output will be captured here: H:/Xilinx2019.1/lly/HDMI_colorRGB/HDMI_colorRGB.runs/synth_1/runme.log
open_bd_design {H:/Xilinx2019.1/lly/HDMI_colorRGB/HDMI_colorRGB.srcs/sources_1/bd/clk_wiz_0/clk_wiz_0.bd}
Adding component instance block -- xilinx.com:ip:clk_wiz:6.0 - clk_wiz_0
Successfully read diagram <clk_wiz_0> from BD file <H:/Xilinx2019.1/lly/HDMI_colorRGB/HDMI_colorRGB.srcs/sources_1/bd/clk_wiz_0/clk_wiz_0.bd>
open_bd_design: Time (s): cpu = 00:00:05 ; elapsed = 00:00:06 . Memory (MB): peak = 871.840 ; gain = 0.031
create_ip_run [get_files -of_objects [get_fileset sources_1] H:/Xilinx2019.1/lly/HDMI_colorRGB/HDMI_colorRGB.srcs/sources_1/bd/clk_wiz_0/clk_wiz_0.bd]
synth_design -rtl -name rtl_1
Command: synth_design -rtl -name rtl_1
Starting synth_design
Using part: xc7z010clg400-1
Top: hdmi_colorbar_top
INFO: [Device 21-403] Loading part xc7z010clg400-1
---------------------------------------------------------------------------------
Starting RTL Elaboration : Time (s): cpu = 00:00:03 ; elapsed = 00:00:04 . Memory (MB): peak = 1288.496 ; gain = 164.332
---------------------------------------------------------------------------------
INFO: [Synth 8-6157] synthesizing module 'hdmi_colorbar_top' [H:/Xilinx2019.1/lly/HDMI_colorRGB/HDMI_colorRGB.srcs/sources_1/new/HDMI_color.v:23]
INFO: [Synth 8-6157] synthesizing module 'clk_wiz_0' [H:/Xilinx2019.1/lly/HDMI_colorRGB/HDMI_colorRGB.srcs/sources_1/bd/clk_wiz_0/synth/clk_wiz_0.v:13]
INFO: [Synth 8-6157] synthesizing module 'clk_wiz_0_clk_wiz_0_0' [H:/Xilinx2019.1/lly/HDMI_colorRGB/.Xil/Vivado-18228-LAPTOP-FQ40HM1E/realtime/clk_wiz_0_clk_wiz_0_0_stub.v:5]
INFO: [Synth 8-6155] done synthesizing module 'clk_wiz_0_clk_wiz_0_0' (1#1) [H:/Xilinx2019.1/lly/HDMI_colorRGB/.Xil/Vivado-18228-LAPTOP-FQ40HM1E/realtime/clk_wiz_0_clk_wiz_0_0_stub.v:5]
INFO: [Synth 8-6155] done synthesizing module 'clk_wiz_0' (2#1) [H:/Xilinx2019.1/lly/HDMI_colorRGB/HDMI_colorRGB.srcs/sources_1/bd/clk_wiz_0/synth/clk_wiz_0.v:13]
INFO: [Synth 8-6157] synthesizing module 'video_driver' [H:/Xilinx2019.1/lly/HDMI_colorRGB/HDMI_colorRGB.srcs/sources_1/new/video_driver.v:23]
	Parameter H_SYNC bound to: 11'b00000101000 
	Parameter H_BACK bound to: 11'b00011011100 
	Parameter H_DISP bound to: 11'b10100000000 
	Parameter H_FRONT bound to: 11'b00001101110 
	Parameter H_TOTAL bound to: 11'b11001110010 
	Parameter V_SYNC bound to: 11'b00000000101 
	Parameter V_BACK bound to: 11'b00000010100 
	Parameter V_DISP bound to: 11'b01011010000 
	Parameter V_FRONT bound to: 11'b00000000101 
	Parameter V_TOTAL bound to: 11'b01011101110 
INFO: [Synth 8-6155] done synthesizing module 'video_driver' (3#1) [H:/Xilinx2019.1/lly/HDMI_colorRGB/HDMI_colorRGB.srcs/sources_1/new/video_driver.v:23]
INFO: [Synth 8-6157] synthesizing module 'video_display' [H:/Xilinx2019.1/lly/HDMI_colorRGB/HDMI_colorRGB.srcs/sources_1/new/video_display.v:23]
	Parameter H_DISP bound to: 11'b10100000000 
	Parameter V_DISP bound to: 11'b01011010000 
	Parameter WHITE bound to: 24'b111111111111111111111111 
	Parameter BLACK bound to: 24'b000000000000000000000000 
	Parameter RED bound to: 24'b111111110000110000000000 
	Parameter GREEN bound to: 24'b000000001111111100000000 
	Parameter BLUE bound to: 24'b000000000000000011111111 
INFO: [Synth 8-6155] done synthesizing module 'video_display' (4#1) [H:/Xilinx2019.1/lly/HDMI_colorRGB/HDMI_colorRGB.srcs/sources_1/new/video_display.v:23]
INFO: [Synth 8-6157] synthesizing module 'dvi_transmitter_top' [H:/Xilinx2019.1/lly/HDMI_colorRGB/HDMI_colorRGB.srcs/sources_1/new/dvi_transmitter_top.v:23]
INFO: [Synth 8-6157] synthesizing module 'asyn_rst_syn' [H:/Xilinx2019.1/lly/HDMI_colorRGB/HDMI_colorRGB.srcs/sources_1/new/asyn_rst_syn.v:23]
INFO: [Synth 8-6155] done synthesizing module 'asyn_rst_syn' (5#1) [H:/Xilinx2019.1/lly/HDMI_colorRGB/HDMI_colorRGB.srcs/sources_1/new/asyn_rst_syn.v:23]
INFO: [Synth 8-6157] synthesizing module 'dvi_encoder' [H:/Xilinx2019.1/lly/HDMI_colorRGB/HDMI_colorRGB.srcs/sources_1/new/dvi_encoder.v:21]
	Parameter CTRLTOKEN0 bound to: 10'b1101010100 
	Parameter CTRLTOKEN1 bound to: 10'b0010101011 
	Parameter CTRLTOKEN2 bound to: 10'b0101010100 
	Parameter CTRLTOKEN3 bound to: 10'b1010101011 
INFO: [Synth 8-6155] done synthesizing module 'dvi_encoder' (6#1) [H:/Xilinx2019.1/lly/HDMI_colorRGB/HDMI_colorRGB.srcs/sources_1/new/dvi_encoder.v:21]
INFO: [Synth 8-6157] synthesizing module 'serializer_10_to_1' [H:/Xilinx2019.1/lly/HDMI_colorRGB/HDMI_colorRGB.srcs/sources_1/new/serializer_10_to_1.v:25]
INFO: [Synth 8-6157] synthesizing module 'OSERDESE2' [H:/Xilinx2019.1/Vivado/2019.1/scripts/rt/data/unisim_comp.v:50071]
	Parameter DATA_RATE_OQ bound to: DDR - type: string 
	Parameter DATA_RATE_TQ bound to: SDR - type: string 
	Parameter DATA_WIDTH bound to: 10 - type: integer 
	Parameter INIT_OQ bound to: 1'b0 
	Parameter INIT_TQ bound to: 1'b0 
	Parameter IS_CLKDIV_INVERTED bound to: 1'b0 
	Parameter IS_CLK_INVERTED bound to: 1'b0 
	Parameter IS_D1_INVERTED bound to: 1'b0 
	Parameter IS_D2_INVERTED bound to: 1'b0 
	Parameter IS_D3_INVERTED bound to: 1'b0 
	Parameter IS_D4_INVERTED bound to: 1'b0 
	Parameter IS_D5_INVERTED bound to: 1'b0 
	Parameter IS_D6_INVERTED bound to: 1'b0 
	Parameter IS_D7_INVERTED bound to: 1'b0 
	Parameter IS_D8_INVERTED bound to: 1'b0 
	Parameter IS_T1_INVERTED bound to: 1'b0 
	Parameter IS_T2_INVERTED bound to: 1'b0 
	Parameter IS_T3_INVERTED bound to: 1'b0 
	Parameter IS_T4_INVERTED bound to: 1'b0 
	Parameter SERDES_MODE bound to: MASTER - type: string 
	Parameter SRVAL_OQ bound to: 1'b0 
	Parameter SRVAL_TQ bound to: 1'b0 
	Parameter TBYTE_CTL bound to: FALSE - type: string 
	Parameter TBYTE_SRC bound to: FALSE - type: string 
	Parameter TRISTATE_WIDTH bound to: 1 - type: integer 
INFO: [Synth 8-6155] done synthesizing module 'OSERDESE2' (7#1) [H:/Xilinx2019.1/Vivado/2019.1/scripts/rt/data/unisim_comp.v:50071]
INFO: [Synth 8-6157] synthesizing module 'OSERDESE2__parameterized0' [H:/Xilinx2019.1/Vivado/2019.1/scripts/rt/data/unisim_comp.v:50071]
	Parameter DATA_RATE_OQ bound to: DDR - type: string 
	Parameter DATA_RATE_TQ bound to: SDR - type: string 
	Parameter DATA_WIDTH bound to: 10 - type: integer 
	Parameter INIT_OQ bound to: 1'b0 
	Parameter INIT_TQ bound to: 1'b0 
	Parameter IS_CLKDIV_INVERTED bound to: 1'b0 
	Parameter IS_CLK_INVERTED bound to: 1'b0 
	Parameter IS_D1_INVERTED bound to: 1'b0 
	Parameter IS_D2_INVERTED bound to: 1'b0 
	Parameter IS_D3_INVERTED bound to: 1'b0 
	Parameter IS_D4_INVERTED bound to: 1'b0 
	Parameter IS_D5_INVERTED bound to: 1'b0 
	Parameter IS_D6_INVERTED bound to: 1'b0 
	Parameter IS_D7_INVERTED bound to: 1'b0 
	Parameter IS_D8_INVERTED bound to: 1'b0 
	Parameter IS_T1_INVERTED bound to: 1'b0 
	Parameter IS_T2_INVERTED bound to: 1'b0 
	Parameter IS_T3_INVERTED bound to: 1'b0 
	Parameter IS_T4_INVERTED bound to: 1'b0 
	Parameter SERDES_MODE bound to: SLAVE - type: string 
	Parameter SRVAL_OQ bound to: 1'b0 
	Parameter SRVAL_TQ bound to: 1'b0 
	Parameter TBYTE_CTL bound to: FALSE - type: string 
	Parameter TBYTE_SRC bound to: FALSE - type: string 
	Parameter TRISTATE_WIDTH bound to: 1 - type: integer 
INFO: [Synth 8-6155] done synthesizing module 'OSERDESE2__parameterized0' (7#1) [H:/Xilinx2019.1/Vivado/2019.1/scripts/rt/data/unisim_comp.v:50071]
INFO: [Synth 8-6155] done synthesizing module 'serializer_10_to_1' (8#1) [H:/Xilinx2019.1/lly/HDMI_colorRGB/HDMI_colorRGB.srcs/sources_1/new/serializer_10_to_1.v:25]
INFO: [Synth 8-6157] synthesizing module 'OBUFDS' [H:/Xilinx2019.1/Vivado/2019.1/scripts/rt/data/unisim_comp.v:46012]
	Parameter CAPACITANCE bound to: DONT_CARE - type: string 
	Parameter IOSTANDARD bound to: TMDS_33 - type: string 
	Parameter SLEW bound to: SLOW - type: string 
INFO: [Synth 8-6155] done synthesizing module 'OBUFDS' (9#1) [H:/Xilinx2019.1/Vivado/2019.1/scripts/rt/data/unisim_comp.v:46012]
INFO: [Synth 8-6155] done synthesizing module 'dvi_transmitter_top' (10#1) [H:/Xilinx2019.1/lly/HDMI_colorRGB/HDMI_colorRGB.srcs/sources_1/new/dvi_transmitter_top.v:23]
INFO: [Synth 8-6155] done synthesizing module 'hdmi_colorbar_top' (11#1) [H:/Xilinx2019.1/lly/HDMI_colorRGB/HDMI_colorRGB.srcs/sources_1/new/HDMI_color.v:23]
WARNING: [Synth 8-3331] design video_display has unconnected port pixel_ypos[10]
WARNING: [Synth 8-3331] design video_display has unconnected port pixel_ypos[9]
WARNING: [Synth 8-3331] design video_display has unconnected port pixel_ypos[8]
WARNING: [Synth 8-3331] design video_display has unconnected port pixel_ypos[7]
WARNING: [Synth 8-3331] design video_display has unconnected port pixel_ypos[6]
WARNING: [Synth 8-3331] design video_display has unconnected port pixel_ypos[5]
WARNING: [Synth 8-3331] design video_display has unconnected port pixel_ypos[4]
WARNING: [Synth 8-3331] design video_display has unconnected port pixel_ypos[3]
WARNING: [Synth 8-3331] design video_display has unconnected port pixel_ypos[2]
WARNING: [Synth 8-3331] design video_display has unconnected port pixel_ypos[1]
WARNING: [Synth 8-3331] design video_display has unconnected port pixel_ypos[0]
---------------------------------------------------------------------------------
Finished RTL Elaboration : Time (s): cpu = 00:00:04 ; elapsed = 00:00:06 . Memory (MB): peak = 1332.219 ; gain = 208.055
---------------------------------------------------------------------------------

Report Check Netlist: 
+------+------------------+-------+---------+-------+------------------+
|      |Item              |Errors |Warnings |Status |Description       |
+------+------------------+-------+---------+-------+------------------+
|1     |multi_driven_nets |      0|        0|Passed |Multi driven nets |
+------+------------------+-------+---------+-------+------------------+
---------------------------------------------------------------------------------
Start Handling Custom Attributes
---------------------------------------------------------------------------------
---------------------------------------------------------------------------------
Finished Handling Custom Attributes : Time (s): cpu = 00:00:04 ; elapsed = 00:00:06 . Memory (MB): peak = 1332.219 ; gain = 208.055
---------------------------------------------------------------------------------
---------------------------------------------------------------------------------
Finished RTL Optimization Phase 1 : Time (s): cpu = 00:00:04 ; elapsed = 00:00:06 . Memory (MB): peak = 1332.219 ; gain = 208.055
---------------------------------------------------------------------------------
INFO: [Project 1-454] Reading design checkpoint 'h:/Xilinx2019.1/lly/HDMI_colorRGB/HDMI_colorRGB.srcs/sources_1/bd/clk_wiz_0/ip/clk_wiz_0_clk_wiz_0_0/clk_wiz_0_clk_wiz_0_0.dcp' for cell 'clk_wiz_0/clk_wiz_0'
INFO: [Netlist 29-17] Analyzing 5 Unisim elements for replacement
INFO: [Netlist 29-28] Unisim Transformation completed in 0 CPU seconds
INFO: [Project 1-479] Netlist was created with Vivado 2019.1
INFO: [Project 1-570] Preparing netlist for logic optimization

Processing XDC Constraints
Initializing timing engine
Parsing XDC File [h:/Xilinx2019.1/lly/HDMI_colorRGB/HDMI_colorRGB.srcs/sources_1/bd/clk_wiz_0/ip/clk_wiz_0_clk_wiz_0_0/clk_wiz_0_clk_wiz_0_0_board.xdc] for cell 'clk_wiz_0/clk_wiz_0/inst'
Finished Parsing XDC File [h:/Xilinx2019.1/lly/HDMI_colorRGB/HDMI_colorRGB.srcs/sources_1/bd/clk_wiz_0/ip/clk_wiz_0_clk_wiz_0_0/clk_wiz_0_clk_wiz_0_0_board.xdc] for cell 'clk_wiz_0/clk_wiz_0/inst'
Parsing XDC File [h:/Xilinx2019.1/lly/HDMI_colorRGB/HDMI_colorRGB.srcs/sources_1/bd/clk_wiz_0/ip/clk_wiz_0_clk_wiz_0_0/clk_wiz_0_clk_wiz_0_0.xdc] for cell 'clk_wiz_0/clk_wiz_0/inst'
Finished Parsing XDC File [h:/Xilinx2019.1/lly/HDMI_colorRGB/HDMI_colorRGB.srcs/sources_1/bd/clk_wiz_0/ip/clk_wiz_0_clk_wiz_0_0/clk_wiz_0_clk_wiz_0_0.xdc] for cell 'clk_wiz_0/clk_wiz_0/inst'
INFO: [Project 1-236] Implementation specific constraints were found while reading constraint file [h:/Xilinx2019.1/lly/HDMI_colorRGB/HDMI_colorRGB.srcs/sources_1/bd/clk_wiz_0/ip/clk_wiz_0_clk_wiz_0_0/clk_wiz_0_clk_wiz_0_0.xdc]. These constraints will be ignored for synthesis but will be used in implementation. Impacted constraints are listed in the file [.Xil/hdmi_colorbar_top_propImpl.xdc].
Resolution: To avoid this warning, move constraints listed in [.Xil/hdmi_colorbar_top_propImpl.xdc] to another XDC file and exclude this new file from synthesis with the used_in_synthesis property (File Properties dialog in GUI) and re-run elaboration/synthesis.
INFO: [Timing 38-2] Deriving generated clocks
Parsing XDC File [H:/Xilinx2019.1/lly/HDMI_colorRGB/HDMI_colorRGB.srcs/constrs_1/new/HDMI_color.xdc]
Finished Parsing XDC File [H:/Xilinx2019.1/lly/HDMI_colorRGB/HDMI_colorRGB.srcs/constrs_1/new/HDMI_color.xdc]
Completed Processing XDC Constraints

INFO: [Opt 31-138] Pushed 0 inverter(s) to 0 load pin(s).
Netlist sorting complete. Time (s): cpu = 00:00:00 ; elapsed = 00:00:00.001 . Memory (MB): peak = 1483.637 ; gain = 0.000
INFO: [Project 1-111] Unisim Transformation Summary:
No Unisim elements were transformed.

RTL Elaboration Complete:  : Time (s): cpu = 00:00:16 ; elapsed = 00:00:15 . Memory (MB): peak = 1507.445 ; gain = 383.281
34 Infos, 11 Warnings, 0 Critical Warnings and 0 Errors encountered.
synth_design completed successfully
synth_design: Time (s): cpu = 00:00:20 ; elapsed = 00:00:21 . Memory (MB): peak = 1507.445 ; gain = 485.309
set_property package_pin "" [get_ports [list  sys_clk]]
set_property package_pin "" [get_ports [list  sys_rst_n]]
place_ports sys_clk N18
set_property IOSTANDARD LVCMOS33 [get_ports [list sys_clk]]
place_ports tmds_clk_p F19
place_ports {tmds_data_p[0]} D19
place_ports {tmds_data_p[1]} C20
place_ports {tmds_data_p[2]} B19
place_ports sys_rst_n U20
set_property IOSTANDARD TMDS_33 [get_ports [list tmds_clk_p]]
set_property IOSTANDARD LVCMOS33 [get_ports [list sys_rst_n]]
set_property target_constrs_file H:/Xilinx2019.1/lly/HDMI_colorRGB/HDMI_colorRGB.srcs/constrs_1/new/HDMI_color.xdc [current_fileset -constrset]
save_constraints -force
set_property IOSTANDARD TMDS_33 [get_ports [list tmds_clk_p]]
create_ip_run [get_files -of_objects [get_fileset sources_1] H:/Xilinx2019.1/lly/HDMI_colorRGB/HDMI_colorRGB.srcs/sources_1/bd/clk_wiz_0/clk_wiz_0.bd]
refresh_design
INFO: [Project 1-570] Preparing netlist for logic optimization

Processing XDC Constraints
Initializing timing engine
Parsing XDC File [h:/Xilinx2019.1/lly/HDMI_colorRGB/HDMI_colorRGB.srcs/sources_1/bd/clk_wiz_0/ip/clk_wiz_0_clk_wiz_0_0/clk_wiz_0_clk_wiz_0_0_board.xdc] for cell 'clk_wiz_0/clk_wiz_0/inst'
Finished Parsing XDC File [h:/Xilinx2019.1/lly/HDMI_colorRGB/HDMI_colorRGB.srcs/sources_1/bd/clk_wiz_0/ip/clk_wiz_0_clk_wiz_0_0/clk_wiz_0_clk_wiz_0_0_board.xdc] for cell 'clk_wiz_0/clk_wiz_0/inst'
Parsing XDC File [h:/Xilinx2019.1/lly/HDMI_colorRGB/HDMI_colorRGB.srcs/sources_1/bd/clk_wiz_0/ip/clk_wiz_0_clk_wiz_0_0/clk_wiz_0_clk_wiz_0_0.xdc] for cell 'clk_wiz_0/clk_wiz_0/inst'
Finished Parsing XDC File [h:/Xilinx2019.1/lly/HDMI_colorRGB/HDMI_colorRGB.srcs/sources_1/bd/clk_wiz_0/ip/clk_wiz_0_clk_wiz_0_0/clk_wiz_0_clk_wiz_0_0.xdc] for cell 'clk_wiz_0/clk_wiz_0/inst'
INFO: [Project 1-236] Implementation specific constraints were found while reading constraint file [h:/Xilinx2019.1/lly/HDMI_colorRGB/HDMI_colorRGB.srcs/sources_1/bd/clk_wiz_0/ip/clk_wiz_0_clk_wiz_0_0/clk_wiz_0_clk_wiz_0_0.xdc]. These constraints will be ignored for synthesis but will be used in implementation. Impacted constraints are listed in the file [.Xil/hdmi_colorbar_top_propImpl.xdc].
Resolution: To avoid this warning, move constraints listed in [.Xil/hdmi_colorbar_top_propImpl.xdc] to another XDC file and exclude this new file from synthesis with the used_in_synthesis property (File Properties dialog in GUI) and re-run elaboration/synthesis.
INFO: [Timing 38-2] Deriving generated clocks
Parsing XDC File [H:/Xilinx2019.1/lly/HDMI_colorRGB/HDMI_colorRGB.srcs/constrs_1/new/HDMI_color.xdc]
Finished Parsing XDC File [H:/Xilinx2019.1/lly/HDMI_colorRGB/HDMI_colorRGB.srcs/constrs_1/new/HDMI_color.xdc]
Completed Processing XDC Constraints

INFO: [Opt 31-138] Pushed 0 inverter(s) to 0 load pin(s).
refresh_design: Time (s): cpu = 00:00:12 ; elapsed = 00:00:09 . Memory (MB): peak = 1999.328 ; gain = 466.289
reset_run synth_1
launch_runs synth_1 -jobs 4
[Sun Aug 14 20:56:49 2022] Launched synth_1...
Run output will be captured here: H:/Xilinx2019.1/lly/HDMI_colorRGB/HDMI_colorRGB.runs/synth_1/runme.log
launch_runs impl_1 -jobs 4
[Sun Aug 14 20:58:07 2022] Launched impl_1...
Run output will be captured here: H:/Xilinx2019.1/lly/HDMI_colorRGB/HDMI_colorRGB.runs/impl_1/runme.log
create_ip_run [get_files -of_objects [get_fileset sources_1] H:/Xilinx2019.1/lly/HDMI_colorRGB/HDMI_colorRGB.srcs/sources_1/bd/clk_wiz_0/clk_wiz_0.bd]
refresh_design
---------------------------------------------------------------------------------
Starting RTL Elaboration : Time (s): cpu = 00:00:03 ; elapsed = 00:00:07 . Memory (MB): peak = 2241.090 ; gain = 22.797
---------------------------------------------------------------------------------
INFO: [Synth 8-6157] synthesizing module 'hdmi_colorbar_top' [H:/Xilinx2019.1/lly/HDMI_colorRGB/HDMI_colorRGB.srcs/sources_1/new/HDMI_color.v:23]
INFO: [Synth 8-6157] synthesizing module 'clk_wiz_0' [H:/Xilinx2019.1/lly/HDMI_colorRGB/HDMI_colorRGB.srcs/sources_1/bd/clk_wiz_0/synth/clk_wiz_0.v:13]
INFO: [Synth 8-6157] synthesizing module 'clk_wiz_0_clk_wiz_0_0' [H:/Xilinx2019.1/lly/HDMI_colorRGB/.Xil/Vivado-18228-LAPTOP-FQ40HM1E/realtime/clk_wiz_0_clk_wiz_0_0_stub.v:5]
INFO: [Synth 8-6155] done synthesizing module 'clk_wiz_0_clk_wiz_0_0' (1#1) [H:/Xilinx2019.1/lly/HDMI_colorRGB/.Xil/Vivado-18228-LAPTOP-FQ40HM1E/realtime/clk_wiz_0_clk_wiz_0_0_stub.v:5]
INFO: [Synth 8-6155] done synthesizing module 'clk_wiz_0' (2#1) [H:/Xilinx2019.1/lly/HDMI_colorRGB/HDMI_colorRGB.srcs/sources_1/bd/clk_wiz_0/synth/clk_wiz_0.v:13]
INFO: [Synth 8-6157] synthesizing module 'video_driver' [H:/Xilinx2019.1/lly/HDMI_colorRGB/HDMI_colorRGB.srcs/sources_1/new/video_driver.v:23]
	Parameter H_SYNC bound to: 11'b00000101000 
	Parameter H_BACK bound to: 11'b00011011100 
	Parameter H_DISP bound to: 11'b10100000000 
	Parameter H_FRONT bound to: 11'b00001101110 
	Parameter H_TOTAL bound to: 11'b11001110010 
	Parameter V_SYNC bound to: 11'b00000000101 
	Parameter V_BACK bound to: 11'b00000010100 
	Parameter V_DISP bound to: 11'b01011010000 
	Parameter V_FRONT bound to: 11'b00000000101 
	Parameter V_TOTAL bound to: 11'b01011101110 
INFO: [Synth 8-6155] done synthesizing module 'video_driver' (3#1) [H:/Xilinx2019.1/lly/HDMI_colorRGB/HDMI_colorRGB.srcs/sources_1/new/video_driver.v:23]
INFO: [Synth 8-6157] synthesizing module 'video_display' [H:/Xilinx2019.1/lly/HDMI_colorRGB/HDMI_colorRGB.srcs/sources_1/new/video_display.v:23]
	Parameter H_DISP bound to: 11'b10100000000 
	Parameter V_DISP bound to: 11'b01011010000 
	Parameter WHITE bound to: 24'b111111111111111111111111 
	Parameter BLACK bound to: 24'b000000000000000000000000 
	Parameter RED bound to: 24'b111111110000110000000000 
	Parameter GREEN bound to: 24'b000000001111111100000000 
	Parameter BLUE bound to: 24'b000000000000000011111111 
INFO: [Synth 8-6155] done synthesizing module 'video_display' (4#1) [H:/Xilinx2019.1/lly/HDMI_colorRGB/HDMI_colorRGB.srcs/sources_1/new/video_display.v:23]
INFO: [Synth 8-6157] synthesizing module 'dvi_transmitter_top' [H:/Xilinx2019.1/lly/HDMI_colorRGB/HDMI_colorRGB.srcs/sources_1/new/dvi_transmitter_top.v:23]
INFO: [Synth 8-6157] synthesizing module 'asyn_rst_syn' [H:/Xilinx2019.1/lly/HDMI_colorRGB/HDMI_colorRGB.srcs/sources_1/new/asyn_rst_syn.v:23]
INFO: [Synth 8-6155] done synthesizing module 'asyn_rst_syn' (5#1) [H:/Xilinx2019.1/lly/HDMI_colorRGB/HDMI_colorRGB.srcs/sources_1/new/asyn_rst_syn.v:23]
INFO: [Synth 8-6157] synthesizing module 'dvi_encoder' [H:/Xilinx2019.1/lly/HDMI_colorRGB/HDMI_colorRGB.srcs/sources_1/new/dvi_encoder.v:21]
	Parameter CTRLTOKEN0 bound to: 10'b1101010100 
	Parameter CTRLTOKEN1 bound to: 10'b0010101011 
	Parameter CTRLTOKEN2 bound to: 10'b0101010100 
	Parameter CTRLTOKEN3 bound to: 10'b1010101011 
INFO: [Synth 8-6155] done synthesizing module 'dvi_encoder' (6#1) [H:/Xilinx2019.1/lly/HDMI_colorRGB/HDMI_colorRGB.srcs/sources_1/new/dvi_encoder.v:21]
INFO: [Synth 8-6157] synthesizing module 'serializer_10_to_1' [H:/Xilinx2019.1/lly/HDMI_colorRGB/HDMI_colorRGB.srcs/sources_1/new/serializer_10_to_1.v:25]
INFO: [Synth 8-6157] synthesizing module 'OSERDESE2' [H:/Xilinx2019.1/Vivado/2019.1/scripts/rt/data/unisim_comp.v:50071]
	Parameter DATA_RATE_OQ bound to: DDR - type: string 
	Parameter DATA_RATE_TQ bound to: SDR - type: string 
	Parameter DATA_WIDTH bound to: 10 - type: integer 
	Parameter INIT_OQ bound to: 1'b0 
	Parameter INIT_TQ bound to: 1'b0 
	Parameter IS_CLKDIV_INVERTED bound to: 1'b0 
	Parameter IS_CLK_INVERTED bound to: 1'b0 
	Parameter IS_D1_INVERTED bound to: 1'b0 
	Parameter IS_D2_INVERTED bound to: 1'b0 
	Parameter IS_D3_INVERTED bound to: 1'b0 
	Parameter IS_D4_INVERTED bound to: 1'b0 
	Parameter IS_D5_INVERTED bound to: 1'b0 
	Parameter IS_D6_INVERTED bound to: 1'b0 
	Parameter IS_D7_INVERTED bound to: 1'b0 
	Parameter IS_D8_INVERTED bound to: 1'b0 
	Parameter IS_T1_INVERTED bound to: 1'b0 
	Parameter IS_T2_INVERTED bound to: 1'b0 
	Parameter IS_T3_INVERTED bound to: 1'b0 
	Parameter IS_T4_INVERTED bound to: 1'b0 
	Parameter SERDES_MODE bound to: MASTER - type: string 
	Parameter SRVAL_OQ bound to: 1'b0 
	Parameter SRVAL_TQ bound to: 1'b0 
	Parameter TBYTE_CTL bound to: FALSE - type: string 
	Parameter TBYTE_SRC bound to: FALSE - type: string 
	Parameter TRISTATE_WIDTH bound to: 1 - type: integer 
INFO: [Synth 8-6155] done synthesizing module 'OSERDESE2' (7#1) [H:/Xilinx2019.1/Vivado/2019.1/scripts/rt/data/unisim_comp.v:50071]
INFO: [Synth 8-6157] synthesizing module 'OSERDESE2__parameterized0' [H:/Xilinx2019.1/Vivado/2019.1/scripts/rt/data/unisim_comp.v:50071]
	Parameter DATA_RATE_OQ bound to: DDR - type: string 
	Parameter DATA_RATE_TQ bound to: SDR - type: string 
	Parameter DATA_WIDTH bound to: 10 - type: integer 
	Parameter INIT_OQ bound to: 1'b0 
	Parameter INIT_TQ bound to: 1'b0 
	Parameter IS_CLKDIV_INVERTED bound to: 1'b0 
	Parameter IS_CLK_INVERTED bound to: 1'b0 
	Parameter IS_D1_INVERTED bound to: 1'b0 
	Parameter IS_D2_INVERTED bound to: 1'b0 
	Parameter IS_D3_INVERTED bound to: 1'b0 
	Parameter IS_D4_INVERTED bound to: 1'b0 
	Parameter IS_D5_INVERTED bound to: 1'b0 
	Parameter IS_D6_INVERTED bound to: 1'b0 
	Parameter IS_D7_INVERTED bound to: 1'b0 
	Parameter IS_D8_INVERTED bound to: 1'b0 
	Parameter IS_T1_INVERTED bound to: 1'b0 
	Parameter IS_T2_INVERTED bound to: 1'b0 
	Parameter IS_T3_INVERTED bound to: 1'b0 
	Parameter IS_T4_INVERTED bound to: 1'b0 
	Parameter SERDES_MODE bound to: SLAVE - type: string 
	Parameter SRVAL_OQ bound to: 1'b0 
	Parameter SRVAL_TQ bound to: 1'b0 
	Parameter TBYTE_CTL bound to: FALSE - type: string 
	Parameter TBYTE_SRC bound to: FALSE - type: string 
	Parameter TRISTATE_WIDTH bound to: 1 - type: integer 
INFO: [Synth 8-6155] done synthesizing module 'OSERDESE2__parameterized0' (7#1) [H:/Xilinx2019.1/Vivado/2019.1/scripts/rt/data/unisim_comp.v:50071]
INFO: [Synth 8-6155] done synthesizing module 'serializer_10_to_1' (8#1) [H:/Xilinx2019.1/lly/HDMI_colorRGB/HDMI_colorRGB.srcs/sources_1/new/serializer_10_to_1.v:25]
INFO: [Synth 8-6157] synthesizing module 'OBUFDS' [H:/Xilinx2019.1/Vivado/2019.1/scripts/rt/data/unisim_comp.v:46012]
	Parameter CAPACITANCE bound to: DONT_CARE - type: string 
	Parameter IOSTANDARD bound to: TMDS_33 - type: string 
	Parameter SLEW bound to: SLOW - type: string 
INFO: [Synth 8-6155] done synthesizing module 'OBUFDS' (9#1) [H:/Xilinx2019.1/Vivado/2019.1/scripts/rt/data/unisim_comp.v:46012]
INFO: [Synth 8-6155] done synthesizing module 'dvi_transmitter_top' (10#1) [H:/Xilinx2019.1/lly/HDMI_colorRGB/HDMI_colorRGB.srcs/sources_1/new/dvi_transmitter_top.v:23]
INFO: [Synth 8-6155] done synthesizing module 'hdmi_colorbar_top' (11#1) [H:/Xilinx2019.1/lly/HDMI_colorRGB/HDMI_colorRGB.srcs/sources_1/new/HDMI_color.v:23]
WARNING: [Synth 8-3331] design video_display has unconnected port pixel_ypos[10]
WARNING: [Synth 8-3331] design video_display has unconnected port pixel_ypos[9]
WARNING: [Synth 8-3331] design video_display has unconnected port pixel_ypos[8]
WARNING: [Synth 8-3331] design video_display has unconnected port pixel_ypos[7]
WARNING: [Synth 8-3331] design video_display has unconnected port pixel_ypos[6]
WARNING: [Synth 8-3331] design video_display has unconnected port pixel_ypos[5]
WARNING: [Synth 8-3331] design video_display has unconnected port pixel_ypos[4]
WARNING: [Synth 8-3331] design video_display has unconnected port pixel_ypos[3]
WARNING: [Synth 8-3331] design video_display has unconnected port pixel_ypos[2]
WARNING: [Synth 8-3331] design video_display has unconnected port pixel_ypos[1]
WARNING: [Synth 8-3331] design video_display has unconnected port pixel_ypos[0]
---------------------------------------------------------------------------------
Finished RTL Elaboration : Time (s): cpu = 00:00:04 ; elapsed = 00:00:09 . Memory (MB): peak = 2285.355 ; gain = 67.062
---------------------------------------------------------------------------------

Report Check Netlist: 
+------+------------------+-------+---------+-------+------------------+
|      |Item              |Errors |Warnings |Status |Description       |
+------+------------------+-------+---------+-------+------------------+
|1     |multi_driven_nets |      0|        0|Passed |Multi driven nets |
+------+------------------+-------+---------+-------+------------------+
---------------------------------------------------------------------------------
Start Handling Custom Attributes
---------------------------------------------------------------------------------
---------------------------------------------------------------------------------
Finished Handling Custom Attributes : Time (s): cpu = 00:00:04 ; elapsed = 00:00:09 . Memory (MB): peak = 2301.672 ; gain = 83.379
---------------------------------------------------------------------------------
---------------------------------------------------------------------------------
Finished RTL Optimization Phase 1 : Time (s): cpu = 00:00:04 ; elapsed = 00:00:09 . Memory (MB): peak = 2301.672 ; gain = 83.379
---------------------------------------------------------------------------------
INFO: [Project 1-454] Reading design checkpoint 'h:/Xilinx2019.1/lly/HDMI_colorRGB/HDMI_colorRGB.srcs/sources_1/bd/clk_wiz_0/ip/clk_wiz_0_clk_wiz_0_0/clk_wiz_0_clk_wiz_0_0.dcp' for cell 'clk_wiz_0/clk_wiz_0'
INFO: [Netlist 29-17] Analyzing 5 Unisim elements for replacement
INFO: [Netlist 29-28] Unisim Transformation completed in 0 CPU seconds
INFO: [Project 1-479] Netlist was created with Vivado 2019.1
INFO: [Project 1-570] Preparing netlist for logic optimization

Processing XDC Constraints
Initializing timing engine
Parsing XDC File [h:/Xilinx2019.1/lly/HDMI_colorRGB/HDMI_colorRGB.srcs/sources_1/bd/clk_wiz_0/ip/clk_wiz_0_clk_wiz_0_0/clk_wiz_0_clk_wiz_0_0_board.xdc] for cell 'clk_wiz_0/clk_wiz_0/inst'
Finished Parsing XDC File [h:/Xilinx2019.1/lly/HDMI_colorRGB/HDMI_colorRGB.srcs/sources_1/bd/clk_wiz_0/ip/clk_wiz_0_clk_wiz_0_0/clk_wiz_0_clk_wiz_0_0_board.xdc] for cell 'clk_wiz_0/clk_wiz_0/inst'
Parsing XDC File [h:/Xilinx2019.1/lly/HDMI_colorRGB/HDMI_colorRGB.srcs/sources_1/bd/clk_wiz_0/ip/clk_wiz_0_clk_wiz_0_0/clk_wiz_0_clk_wiz_0_0.xdc] for cell 'clk_wiz_0/clk_wiz_0/inst'
Finished Parsing XDC File [h:/Xilinx2019.1/lly/HDMI_colorRGB/HDMI_colorRGB.srcs/sources_1/bd/clk_wiz_0/ip/clk_wiz_0_clk_wiz_0_0/clk_wiz_0_clk_wiz_0_0.xdc] for cell 'clk_wiz_0/clk_wiz_0/inst'
INFO: [Project 1-236] Implementation specific constraints were found while reading constraint file [h:/Xilinx2019.1/lly/HDMI_colorRGB/HDMI_colorRGB.srcs/sources_1/bd/clk_wiz_0/ip/clk_wiz_0_clk_wiz_0_0/clk_wiz_0_clk_wiz_0_0.xdc]. These constraints will be ignored for synthesis but will be used in implementation. Impacted constraints are listed in the file [.Xil/hdmi_colorbar_top_propImpl.xdc].
Resolution: To avoid this warning, move constraints listed in [.Xil/hdmi_colorbar_top_propImpl.xdc] to another XDC file and exclude this new file from synthesis with the used_in_synthesis property (File Properties dialog in GUI) and re-run elaboration/synthesis.
INFO: [Timing 38-2] Deriving generated clocks
Parsing XDC File [H:/Xilinx2019.1/lly/HDMI_colorRGB/HDMI_colorRGB.srcs/constrs_1/new/HDMI_color.xdc]
Finished Parsing XDC File [H:/Xilinx2019.1/lly/HDMI_colorRGB/HDMI_colorRGB.srcs/constrs_1/new/HDMI_color.xdc]
Completed Processing XDC Constraints

INFO: [Opt 31-138] Pushed 0 inverter(s) to 0 load pin(s).
refresh_design: Time (s): cpu = 00:00:12 ; elapsed = 00:00:18 . Memory (MB): peak = 2455.285 ; gain = 236.992
launch_runs impl_1 -to_step write_bitstream -jobs 4
[Sun Aug 14 20:59:58 2022] Launched impl_1...
Run output will be captured here: H:/Xilinx2019.1/lly/HDMI_colorRGB/HDMI_colorRGB.runs/impl_1/runme.log
open_hw
connect_hw_server
INFO: [Labtools 27-2285] Connecting to hw_server url TCP:localhost:3121
INFO: [Labtools 27-2222] Launching hw_server...
INFO: [Labtools 27-2221] Launch Output:

****** Xilinx hw_server v2019.1
  **** Build date : May 24 2019 at 15:13:31
    ** Copyright 1986-2019 Xilinx, Inc. All Rights Reserved.


connect_hw_server: Time (s): cpu = 00:00:00 ; elapsed = 00:00:05 . Memory (MB): peak = 2455.285 ; gain = 0.000
open_hw_target
INFO: [Labtoolstcl 44-466] Opening hw_target localhost:3121/xilinx_tcf/Digilent/210357A7D00EA
open_hw_target: Time (s): cpu = 00:00:04 ; elapsed = 00:00:11 . Memory (MB): peak = 3354.254 ; gain = 898.969
set_property PROGRAM.FILE {H:/Xilinx2019.1/lly/HDMI_colorRGB/HDMI_colorRGB.runs/impl_1/hdmi_colorbar_top.bit} [get_hw_devices xc7z010_1]
current_hw_device [get_hw_devices xc7z010_1]
refresh_hw_device -update_hw_probes false [lindex [get_hw_devices xc7z010_1] 0]
INFO: [Labtools 27-1435] Device xc7z010 (JTAG device index = 1) is not programmed (DONE status = 0).
ERROR: [Labtoolstcl 44-513] HW Target shutdown. Closing target: localhost:3121/xilinx_tcf/Digilent/210357A7D00EA
INFO: [Labtoolstcl 44-466] Opening hw_target localhost:3121/xilinx_tcf/Digilent/210357A7D00EA
WARNING: [Labtoolstcl 44-129] No matching hw_ila_data was found.
INFO: [Labtools 27-1435] Device xc7z010 (JTAG device index = 1) is not programmed (DONE status = 0).
WARNING: [Labtoolstcl 44-129] No matching hw_ila_data was found.
refresh_hw_device [lindex [get_hw_devices xc7z010_1] 0]
INFO: [Labtools 27-1435] Device xc7z010 (JTAG device index = 1) is not programmed (DONE status = 0).
refresh_hw_device [lindex [get_hw_devices xc7z010_1] 0]
INFO: [Labtools 27-1435] Device xc7z010 (JTAG device index = 1) is not programmed (DONE status = 0).
close_hw
open_hw
connect_hw_server
INFO: [Labtools 27-2285] Connecting to hw_server url TCP:localhost:3121
open_hw_target
INFO: [Labtoolstcl 44-466] Opening hw_target localhost:3121/xilinx_tcf/Digilent/210357A7D00EA
set_property PROGRAM.FILE {H:/Xilinx2019.1/lly/HDMI_colorRGB/HDMI_colorRGB.runs/impl_1/hdmi_colorbar_top.bit} [get_hw_devices xc7z010_1]
current_hw_device [get_hw_devices xc7z010_1]
refresh_hw_device -update_hw_probes false [lindex [get_hw_devices xc7z010_1] 0]
INFO: [Labtools 27-1435] Device xc7z010 (JTAG device index = 1) is not programmed (DONE status = 0).
set_property PROBES.FILE {} [get_hw_devices xc7z010_1]
set_property FULL_PROBES.FILE {} [get_hw_devices xc7z010_1]
set_property PROGRAM.FILE {H:/Xilinx2019.1/lly/HDMI_colorRGB/HDMI_colorRGB.runs/impl_1/hdmi_colorbar_top.bit} [get_hw_devices xc7z010_1]
program_hw_devices [get_hw_devices xc7z010_1]
INFO: [Labtools 27-3164] End of startup status: HIGH
refresh_hw_device [lindex [get_hw_devices xc7z010_1] 0]
INFO: [Labtools 27-1434] Device xc7z010 (JTAG device index = 1) is programmed with a design that has no supported debug core(s) in it.
ERROR: [Labtoolstcl 44-513] HW Target shutdown. Closing target: localhost:3121/xilinx_tcf/Digilent/210357A7D00EA
close_hw
exit
INFO: [Common 17-206] Exiting Vivado at Sun Aug 14 21:11:45 2022...
