#-----------------------------------------------------------
# Webtalk v2019.1 (64-bit)
# SW Build 2552052 on Fri May 24 14:49:42 MDT 2019
# 
# Start of session at: Sat Jul 30 22:49:30 2022
# Process ID: 20312
# Current directory: H:/Xilinx2019.1/lly/ZYNQ_Helloworld/ZYNQ_Helloworld.sdk/webtalk
# Command line: wbtcv.exe -mode batch -source sdk_webtalk.tcl
# Log file: H:/Xilinx2019.1/lly/ZYNQ_Helloworld/ZYNQ_Helloworld.sdk/webtalk/webtalk.log
# Journal file: H:/Xilinx2019.1/lly/ZYNQ_Helloworld/ZYNQ_Helloworld.sdk/webtalk\webtalk.jou
#-----------------------------------------------------------
source sdk_webtalk.tcl
# webtalk_init -webtalk_dir H:\\Xilinx2019.1\\lly\\ZYNQ_Helloworld\\ZYNQ_Helloworld.sdk\\webtalk
# webtalk_register_client -client project
# webtalk_add_data -client project -key date_generated -value "2022-07-30 22:49:27" -context "software_version_and_target_device"
# webtalk_add_data -client project -key product_version -value "SDK v2019.1" -context "software_version_and_target_device"
# webtalk_add_data -client project -key build_version -value "2019.1" -context "software_version_and_target_device"
# webtalk_add_data -client project -key os_platform -value "amd64" -context "software_version_and_target_device"
# webtalk_add_data -client project -key registration_id -value "" -context "software_version_and_target_device"
# webtalk_add_data -client project -key tool_flow -value "SDK" -context "software_version_and_target_device"
# webtalk_add_data -client project -key beta -value "false" -context "software_version_and_target_device"
# webtalk_add_data -client project -key route_design -value "NA" -context "software_version_and_target_device"
# webtalk_add_data -client project -key target_family -value "NA" -context "software_version_and_target_device"
# webtalk_add_data -client project -key target_device -value "NA" -context "software_version_and_target_device"
# webtalk_add_data -client project -key target_package -value "NA" -context "software_version_and_target_device"
# webtalk_add_data -client project -key target_speed -value "NA" -context "software_version_and_target_device"
# webtalk_add_data -client project -key random_id -value "42mhr8hmrde49nvk67q4t590kr" -context "software_version_and_target_device"
# webtalk_add_data -client project -key project_id -value "2019.1_9" -context "software_version_and_target_device"
# webtalk_add_data -client project -key project_iteration -value "9" -context "software_version_and_target_device"
# webtalk_add_data -client project -key os_name -value "Microsoft Windows 8 or later , 64-bit" -context "user_environment"
# webtalk_add_data -client project -key os_release -value "major release  (build 9200)" -context "user_environment"
# webtalk_add_data -client project -key cpu_name -value "Intel(R) Core(TM) i5-9300H CPU @ 2.40GHz" -context "user_environment"
# webtalk_add_data -client project -key cpu_speed -value "2400 MHz" -context "user_environment"
# webtalk_add_data -client project -key total_processors -value "1" -context "user_environment"
# webtalk_add_data -client project -key system_ram -value "8.433 GB" -context "user_environment"
# webtalk_register_client -client sdk
# webtalk_add_data -client sdk -key uid -value "1659191774897" -context "sdk\\\\hardware/1659191774897"
# webtalk_add_data -client sdk -key isZynq -value "true" -context "sdk\\\\hardware/1659191774897"
# webtalk_add_data -client sdk -key isZynqMP -value "false" -context "sdk\\\\hardware/1659191774897"
# webtalk_add_data -client sdk -key Processors -value "2" -context "sdk\\\\hardware/1659191774897"
# webtalk_add_data -client sdk -key VivadoVersion -value "2019.1" -context "sdk\\\\hardware/1659191774897"
# webtalk_add_data -client sdk -key Arch -value "zynq" -context "sdk\\\\hardware/1659191774897"
# webtalk_add_data -client sdk -key Device -value "7z010" -context "sdk\\\\hardware/1659191774897"
# webtalk_add_data -client sdk -key IsHandoff -value "true" -context "sdk\\\\hardware/1659191774897"
# webtalk_add_data -client sdk -key os -value "NA" -context "sdk\\\\hardware/1659191774897"
# webtalk_add_data -client sdk -key apptemplate -value "NA" -context "sdk\\\\hardware/1659191774897"
# webtalk_add_data -client sdk -key RecordType -value "HWCreation" -context "sdk\\\\hardware/1659191774897"
# webtalk_add_data -client sdk -key uid -value "1659191818116" -context "sdk\\\\bsp/1659191818116"
# webtalk_add_data -client sdk -key hwid -value "1659191774897" -context "sdk\\\\bsp/1659191818116"
# webtalk_add_data -client sdk -key os -value "standalone" -context "sdk\\\\bsp/1659191818116"
# webtalk_add_data -client sdk -key apptemplate -value "empty_application" -context "sdk\\\\bsp/1659191818116"
# webtalk_add_data -client sdk -key RecordType -value "BSPCreation" -context "sdk\\\\bsp/1659191818116"
# webtalk_add_data -client sdk -key uid -value "1659191829978" -context "sdk\\\\application/1659191829978"
# webtalk_add_data -client sdk -key hwid -value "1659191774897" -context "sdk\\\\application/1659191829978"
# webtalk_add_data -client sdk -key bspid -value "1659191818116" -context "sdk\\\\application/1659191829978"
# webtalk_add_data -client sdk -key newbsp -value "true" -context "sdk\\\\application/1659191829978"
# webtalk_add_data -client sdk -key os -value "standalone" -context "sdk\\\\application/1659191829978"
# webtalk_add_data -client sdk -key apptemplate -value "empty_application" -context "sdk\\\\application/1659191829978"
# webtalk_add_data -client sdk -key RecordType -value "APPCreation" -context "sdk\\\\application/1659191829978"
# webtalk_add_data -client sdk -key LangUsed -value "C" -context "sdk\\\\application/1659191829978"
# webtalk_add_data -client sdk -key Procused -value "ps7_cortexa9" -context "sdk\\\\application/1659191829978"
# webtalk_add_data -client sdk -key projSize -value "222.03515625" -context "sdk\\\\application/1659191829978"
# webtalk_add_data -client sdk -key uid -value "NA" -context "sdk\\\\bsp/1659192567254"
# webtalk_add_data -client sdk -key RecordType -value "ToolUsage" -context "sdk\\\\bsp/1659192567254"
# webtalk_add_data -client sdk -key BootgenCount -value "0" -context "sdk\\\\bsp/1659192567254"
# webtalk_add_data -client sdk -key DebugCount -value "1" -context "sdk\\\\bsp/1659192567254"
# webtalk_add_data -client sdk -key PerfCount -value "0" -context "sdk\\\\bsp/1659192567254"
# webtalk_add_data -client sdk -key FlashCount -value "0" -context "sdk\\\\bsp/1659192567254"
# webtalk_add_data -client sdk -key CrossTriggCount -value "0" -context "sdk\\\\bsp/1659192567254"
# webtalk_add_data -client sdk -key QemuDebugCount -value "0" -context "sdk\\\\bsp/1659192567254"
# webtalk_transmit -clientid 1220217312 -regid "" -xml H:\\Xilinx2019.1\\lly\\ZYNQ_Helloworld\\ZYNQ_Helloworld.sdk\\webtalk\\usage_statistics_ext_sdk.xml -html H:\\Xilinx2019.1\\lly\\ZYNQ_Helloworld\\ZYNQ_Helloworld.sdk\\webtalk\\usage_statistics_ext_sdk.html -wdm H:\\Xilinx2019.1\\lly\\ZYNQ_Helloworld\\ZYNQ_Helloworld.sdk\\webtalk\\sdk_webtalk.wdm -intro "<H3>SDK Usage Report</H3><BR>"
INFO: [Common 17-186] 'H:\Xilinx2019.1\lly\ZYNQ_Helloworld\ZYNQ_Helloworld.sdk\webtalk\usage_statistics_ext_sdk.xml' has been successfully sent to Xilinx on Sat Jul 30 22:49:39 2022. For additional details about this file, please refer to the WebTalk help file at H:/Xilinx2019.1/SDK/2019.1/doc/webtalk_introduction.html.
webtalk_transmit: Time (s): cpu = 00:00:00 ; elapsed = 00:00:06 . Memory (MB): peak = 66.176 ; gain = 0.000
# webtalk_terminate
INFO: [Common 17-206] Exiting Webtalk at Sat Jul 30 22:49:39 2022...
