22:35:54 INFO  : Registering command handlers for SDK TCF services
22:35:56 INFO  : Launching XSCT server: xsct.bat -interactive H:\Xilinx2019.1\lly\ZYNQ_Helloworld\ZYNQ_Helloworld.sdk\temp_xsdb_launch_script.tcl
22:36:00 INFO  : XSCT server has started successfully.
22:36:00 INFO  : Successfully done setting XSCT server connection channel  
22:36:07 INFO  : Successfully done setting SDK workspace  
22:36:07 INFO  : Processing command line option -hwspec H:/Xilinx2019.1/lly/ZYNQ_Helloworld/ZYNQ_Helloworld.sdk/ZYNQ_wrapper.hdf.
22:38:01 INFO  : Example project UART_bsp_xuartps_hello_world_example_1 has been created successfully.
22:41:10 INFO  : Connected to target on host '127.0.0.1' and port '3121'.
22:41:20 INFO  : ----------------XSDB Script----------------
connect -url tcp:127.0.0.1:3121
----------------End of Script----------------

22:41:43 INFO  : Connected to target on host '127.0.0.1' and port '3121'.
22:41:43 INFO  : Jtag cable 'Digilent JTAG-SMT3 210357A7D00EA' is selected.
22:41:43 INFO  : 'jtag frequency' command is executed.
22:41:43 INFO  : Sourcing of 'H:/Xilinx2019.1/lly/ZYNQ_Helloworld/ZYNQ_Helloworld.sdk/ZYNQ_wrapper_hw_platform_0/ps7_init.tcl' is done.
22:41:43 INFO  : Context for 'APU' is selected.
22:41:43 INFO  : System reset is completed.
22:41:46 INFO  : 'after 3000' command is executed.
22:41:46 INFO  : 'targets -set -filter {jtag_cable_name =~ "Digilent JTAG-SMT3 210357A7D00EA" && level==0} -index 1' command is executed.
22:41:48 INFO  : FPGA configured successfully with bitstream "H:/Xilinx2019.1/lly/ZYNQ_Helloworld/ZYNQ_Helloworld.sdk/ZYNQ_wrapper_hw_platform_0/ZYNQ_wrapper.bit"
22:41:48 INFO  : Context for 'APU' is selected.
22:41:48 INFO  : Hardware design information is loaded from 'H:/Xilinx2019.1/lly/ZYNQ_Helloworld/ZYNQ_Helloworld.sdk/ZYNQ_wrapper_hw_platform_0/system.hdf'.
22:41:48 INFO  : 'configparams force-mem-access 1' command is executed.
22:41:48 INFO  : Context for 'APU' is selected.
22:41:48 INFO  : 'ps7_init' command is executed.
22:41:48 INFO  : 'ps7_post_config' command is executed.
22:41:48 INFO  : Context for processor 'ps7_cortexa9_0' is selected.
22:41:48 INFO  : The application 'H:/Xilinx2019.1/lly/ZYNQ_Helloworld/ZYNQ_Helloworld.sdk/UART/Debug/UART.elf' is downloaded to processor 'ps7_cortexa9_0'.
22:41:48 INFO  : 'configparams force-mem-access 0' command is executed.
22:41:48 INFO  : ----------------XSDB Script----------------
connect -url tcp:127.0.0.1:3121
source H:/Xilinx2019.1/lly/ZYNQ_Helloworld/ZYNQ_Helloworld.sdk/ZYNQ_wrapper_hw_platform_0/ps7_init.tcl
targets -set -nocase -filter {name =~"APU*" && jtag_cable_name =~ "Digilent JTAG-SMT3 210357A7D00EA"} -index 0
rst -system
after 3000
targets -set -filter {jtag_cable_name =~ "Digilent JTAG-SMT3 210357A7D00EA" && level==0} -index 1
fpga -file H:/Xilinx2019.1/lly/ZYNQ_Helloworld/ZYNQ_Helloworld.sdk/ZYNQ_wrapper_hw_platform_0/ZYNQ_wrapper.bit
targets -set -nocase -filter {name =~"APU*" && jtag_cable_name =~ "Digilent JTAG-SMT3 210357A7D00EA"} -index 0
loadhw -hw H:/Xilinx2019.1/lly/ZYNQ_Helloworld/ZYNQ_Helloworld.sdk/ZYNQ_wrapper_hw_platform_0/system.hdf -mem-ranges [list {0x40000000 0xbfffffff}]
configparams force-mem-access 1
targets -set -nocase -filter {name =~"APU*" && jtag_cable_name =~ "Digilent JTAG-SMT3 210357A7D00EA"} -index 0
ps7_init
ps7_post_config
targets -set -nocase -filter {name =~ "ARM*#0" && jtag_cable_name =~ "Digilent JTAG-SMT3 210357A7D00EA"} -index 0
dow H:/Xilinx2019.1/lly/ZYNQ_Helloworld/ZYNQ_Helloworld.sdk/UART/Debug/UART.elf
configparams force-mem-access 0
----------------End of Script----------------

22:41:48 INFO  : Context for processor 'ps7_cortexa9_0' is selected.
22:41:48 INFO  : 'con' command is executed.
22:41:48 INFO  : ----------------XSDB Script (After Launch)----------------
targets -set -nocase -filter {name =~ "ARM*#0" && jtag_cable_name =~ "Digilent JTAG-SMT3 210357A7D00EA"} -index 0
con
----------------End of Script----------------

22:41:48 INFO  : Disconnected from the channel tcfchan#1.
22:42:41 INFO  : Connected to target on host '127.0.0.1' and port '3121'.
22:42:41 INFO  : Jtag cable 'Digilent JTAG-SMT3 210357A7D00EA' is selected.
22:42:41 INFO  : 'jtag frequency' command is executed.
22:42:41 INFO  : Sourcing of 'H:/Xilinx2019.1/lly/ZYNQ_Helloworld/ZYNQ_Helloworld.sdk/ZYNQ_wrapper_hw_platform_0/ps7_init.tcl' is done.
22:42:41 INFO  : Context for 'APU' is selected.
22:42:41 INFO  : System reset is completed.
22:42:44 INFO  : 'after 3000' command is executed.
22:42:44 INFO  : 'targets -set -filter {jtag_cable_name =~ "Digilent JTAG-SMT3 210357A7D00EA" && level==0} -index 1' command is executed.
22:42:46 INFO  : FPGA configured successfully with bitstream "H:/Xilinx2019.1/lly/ZYNQ_Helloworld/ZYNQ_Helloworld.sdk/ZYNQ_wrapper_hw_platform_0/ZYNQ_wrapper.bit"
22:42:46 INFO  : Context for 'APU' is selected.
22:42:46 INFO  : Hardware design information is loaded from 'H:/Xilinx2019.1/lly/ZYNQ_Helloworld/ZYNQ_Helloworld.sdk/ZYNQ_wrapper_hw_platform_0/system.hdf'.
22:42:46 INFO  : 'configparams force-mem-access 1' command is executed.
22:42:46 INFO  : Context for 'APU' is selected.
22:42:46 INFO  : 'ps7_init' command is executed.
22:42:46 INFO  : 'ps7_post_config' command is executed.
22:42:46 INFO  : Context for processor 'ps7_cortexa9_0' is selected.
22:42:46 INFO  : The application 'H:/Xilinx2019.1/lly/ZYNQ_Helloworld/ZYNQ_Helloworld.sdk/UART/Debug/UART.elf' is downloaded to processor 'ps7_cortexa9_0'.
22:42:46 INFO  : 'configparams force-mem-access 0' command is executed.
22:42:46 INFO  : ----------------XSDB Script----------------
connect -url tcp:127.0.0.1:3121
source H:/Xilinx2019.1/lly/ZYNQ_Helloworld/ZYNQ_Helloworld.sdk/ZYNQ_wrapper_hw_platform_0/ps7_init.tcl
targets -set -nocase -filter {name =~"APU*" && jtag_cable_name =~ "Digilent JTAG-SMT3 210357A7D00EA"} -index 0
rst -system
after 3000
targets -set -filter {jtag_cable_name =~ "Digilent JTAG-SMT3 210357A7D00EA" && level==0} -index 1
fpga -file H:/Xilinx2019.1/lly/ZYNQ_Helloworld/ZYNQ_Helloworld.sdk/ZYNQ_wrapper_hw_platform_0/ZYNQ_wrapper.bit
targets -set -nocase -filter {name =~"APU*" && jtag_cable_name =~ "Digilent JTAG-SMT3 210357A7D00EA"} -index 0
loadhw -hw H:/Xilinx2019.1/lly/ZYNQ_Helloworld/ZYNQ_Helloworld.sdk/ZYNQ_wrapper_hw_platform_0/system.hdf -mem-ranges [list {0x40000000 0xbfffffff}]
configparams force-mem-access 1
targets -set -nocase -filter {name =~"APU*" && jtag_cable_name =~ "Digilent JTAG-SMT3 210357A7D00EA"} -index 0
ps7_init
ps7_post_config
targets -set -nocase -filter {name =~ "ARM*#0" && jtag_cable_name =~ "Digilent JTAG-SMT3 210357A7D00EA"} -index 0
dow H:/Xilinx2019.1/lly/ZYNQ_Helloworld/ZYNQ_Helloworld.sdk/UART/Debug/UART.elf
configparams force-mem-access 0
----------------End of Script----------------

22:42:46 INFO  : Context for processor 'ps7_cortexa9_0' is selected.
22:42:46 INFO  : 'con' command is executed.
22:42:46 INFO  : ----------------XSDB Script (After Launch)----------------
targets -set -nocase -filter {name =~ "ARM*#0" && jtag_cable_name =~ "Digilent JTAG-SMT3 210357A7D00EA"} -index 0
con
----------------End of Script----------------

22:42:46 INFO  : Disconnected from the channel tcfchan#2.
22:44:17 INFO  : Connected to target on host '127.0.0.1' and port '3121'.
22:44:18 INFO  : Jtag cable 'Digilent JTAG-SMT3 210357A7D00EA' is selected.
22:44:18 INFO  : 'jtag frequency' command is executed.
22:44:18 INFO  : Sourcing of 'H:/Xilinx2019.1/lly/ZYNQ_Helloworld/ZYNQ_Helloworld.sdk/ZYNQ_wrapper_hw_platform_0/ps7_init.tcl' is done.
22:44:18 INFO  : Context for 'APU' is selected.
22:44:18 INFO  : System reset is completed.
22:44:21 INFO  : 'after 3000' command is executed.
22:44:21 INFO  : 'targets -set -filter {jtag_cable_name =~ "Digilent JTAG-SMT3 210357A7D00EA" && level==0} -index 1' command is executed.
22:44:22 INFO  : FPGA configured successfully with bitstream "H:/Xilinx2019.1/lly/ZYNQ_Helloworld/ZYNQ_Helloworld.sdk/ZYNQ_wrapper_hw_platform_0/ZYNQ_wrapper.bit"
22:44:22 INFO  : Context for 'APU' is selected.
22:44:22 INFO  : Hardware design information is loaded from 'H:/Xilinx2019.1/lly/ZYNQ_Helloworld/ZYNQ_Helloworld.sdk/ZYNQ_wrapper_hw_platform_0/system.hdf'.
22:44:22 INFO  : 'configparams force-mem-access 1' command is executed.
22:44:22 INFO  : Context for 'APU' is selected.
22:44:23 INFO  : 'ps7_init' command is executed.
22:44:23 INFO  : 'ps7_post_config' command is executed.
22:44:23 INFO  : Context for processor 'ps7_cortexa9_0' is selected.
22:44:23 INFO  : The application 'H:/Xilinx2019.1/lly/ZYNQ_Helloworld/ZYNQ_Helloworld.sdk/UART/Debug/UART.elf' is downloaded to processor 'ps7_cortexa9_0'.
22:44:23 INFO  : 'configparams force-mem-access 0' command is executed.
22:44:23 INFO  : ----------------XSDB Script----------------
connect -url tcp:127.0.0.1:3121
source H:/Xilinx2019.1/lly/ZYNQ_Helloworld/ZYNQ_Helloworld.sdk/ZYNQ_wrapper_hw_platform_0/ps7_init.tcl
targets -set -nocase -filter {name =~"APU*" && jtag_cable_name =~ "Digilent JTAG-SMT3 210357A7D00EA"} -index 0
rst -system
after 3000
targets -set -filter {jtag_cable_name =~ "Digilent JTAG-SMT3 210357A7D00EA" && level==0} -index 1
fpga -file H:/Xilinx2019.1/lly/ZYNQ_Helloworld/ZYNQ_Helloworld.sdk/ZYNQ_wrapper_hw_platform_0/ZYNQ_wrapper.bit
targets -set -nocase -filter {name =~"APU*" && jtag_cable_name =~ "Digilent JTAG-SMT3 210357A7D00EA"} -index 0
loadhw -hw H:/Xilinx2019.1/lly/ZYNQ_Helloworld/ZYNQ_Helloworld.sdk/ZYNQ_wrapper_hw_platform_0/system.hdf -mem-ranges [list {0x40000000 0xbfffffff}]
configparams force-mem-access 1
targets -set -nocase -filter {name =~"APU*" && jtag_cable_name =~ "Digilent JTAG-SMT3 210357A7D00EA"} -index 0
ps7_init
ps7_post_config
targets -set -nocase -filter {name =~ "ARM*#0" && jtag_cable_name =~ "Digilent JTAG-SMT3 210357A7D00EA"} -index 0
dow H:/Xilinx2019.1/lly/ZYNQ_Helloworld/ZYNQ_Helloworld.sdk/UART/Debug/UART.elf
configparams force-mem-access 0
----------------End of Script----------------

22:44:23 INFO  : Context for processor 'ps7_cortexa9_0' is selected.
22:44:23 INFO  : 'con' command is executed.
22:44:23 INFO  : ----------------XSDB Script (After Launch)----------------
targets -set -nocase -filter {name =~ "ARM*#0" && jtag_cable_name =~ "Digilent JTAG-SMT3 210357A7D00EA"} -index 0
con
----------------End of Script----------------

22:44:23 INFO  : Disconnected from the channel tcfchan#3.
22:47:06 INFO  : Example project UART_bsp_xuartps_hello_world_example_2 has been created successfully.
22:47:39 INFO  : Connected to target on host '127.0.0.1' and port '3121'.
22:47:39 INFO  : Jtag cable 'Digilent JTAG-SMT3 210357A7D00EA' is selected.
22:47:39 INFO  : 'jtag frequency' command is executed.
22:47:39 INFO  : Sourcing of 'H:/Xilinx2019.1/lly/ZYNQ_Helloworld/ZYNQ_Helloworld.sdk/ZYNQ_wrapper_hw_platform_0/ps7_init.tcl' is done.
22:47:39 INFO  : Context for 'APU' is selected.
22:47:40 INFO  : System reset is completed.
22:47:43 INFO  : 'after 3000' command is executed.
22:47:43 INFO  : 'targets -set -filter {jtag_cable_name =~ "Digilent JTAG-SMT3 210357A7D00EA" && level==0} -index 1' command is executed.
22:47:44 INFO  : FPGA configured successfully with bitstream "H:/Xilinx2019.1/lly/ZYNQ_Helloworld/ZYNQ_Helloworld.sdk/ZYNQ_wrapper_hw_platform_0/ZYNQ_wrapper.bit"
22:47:44 INFO  : Context for 'APU' is selected.
22:47:44 INFO  : Hardware design information is loaded from 'H:/Xilinx2019.1/lly/ZYNQ_Helloworld/ZYNQ_Helloworld.sdk/ZYNQ_wrapper_hw_platform_0/system.hdf'.
22:47:44 INFO  : 'configparams force-mem-access 1' command is executed.
22:47:44 INFO  : Context for 'APU' is selected.
22:47:44 INFO  : 'ps7_init' command is executed.
22:47:44 INFO  : 'ps7_post_config' command is executed.
22:47:44 INFO  : Context for processor 'ps7_cortexa9_0' is selected.
22:47:45 INFO  : The application 'H:/Xilinx2019.1/lly/ZYNQ_Helloworld/ZYNQ_Helloworld.sdk/UART/Debug/UART.elf' is downloaded to processor 'ps7_cortexa9_0'.
22:47:45 INFO  : 'configparams force-mem-access 0' command is executed.
22:47:45 INFO  : ----------------XSDB Script----------------
connect -url tcp:127.0.0.1:3121
source H:/Xilinx2019.1/lly/ZYNQ_Helloworld/ZYNQ_Helloworld.sdk/ZYNQ_wrapper_hw_platform_0/ps7_init.tcl
targets -set -nocase -filter {name =~"APU*" && jtag_cable_name =~ "Digilent JTAG-SMT3 210357A7D00EA"} -index 0
rst -system
after 3000
targets -set -filter {jtag_cable_name =~ "Digilent JTAG-SMT3 210357A7D00EA" && level==0} -index 1
fpga -file H:/Xilinx2019.1/lly/ZYNQ_Helloworld/ZYNQ_Helloworld.sdk/ZYNQ_wrapper_hw_platform_0/ZYNQ_wrapper.bit
targets -set -nocase -filter {name =~"APU*" && jtag_cable_name =~ "Digilent JTAG-SMT3 210357A7D00EA"} -index 0
loadhw -hw H:/Xilinx2019.1/lly/ZYNQ_Helloworld/ZYNQ_Helloworld.sdk/ZYNQ_wrapper_hw_platform_0/system.hdf -mem-ranges [list {0x40000000 0xbfffffff}]
configparams force-mem-access 1
targets -set -nocase -filter {name =~"APU*" && jtag_cable_name =~ "Digilent JTAG-SMT3 210357A7D00EA"} -index 0
ps7_init
ps7_post_config
targets -set -nocase -filter {name =~ "ARM*#0" && jtag_cable_name =~ "Digilent JTAG-SMT3 210357A7D00EA"} -index 0
dow H:/Xilinx2019.1/lly/ZYNQ_Helloworld/ZYNQ_Helloworld.sdk/UART/Debug/UART.elf
configparams force-mem-access 0
----------------End of Script----------------

22:47:45 INFO  : Context for processor 'ps7_cortexa9_0' is selected.
22:47:45 INFO  : 'con' command is executed.
22:47:45 INFO  : ----------------XSDB Script (After Launch)----------------
targets -set -nocase -filter {name =~ "ARM*#0" && jtag_cable_name =~ "Digilent JTAG-SMT3 210357A7D00EA"} -index 0
con
----------------End of Script----------------

22:47:45 INFO  : Disconnected from the channel tcfchan#4.
